JLp
Dsv
JzK
LPn
JXc
JXr
DqK
EAf
JXF
EuF
Gxu
KQN
Kfc
CPk
GAY
BRy
QI
Blh
HWs
JQz
Fjq
BRu
JCh
Avf
FLp
HUR
DsD
Beb
ADP
EgD
BSo
Ifa
Gu_
Htr
BWB
GMe
Cui
IaP
DSG
IWq
gH
Cul
JTs
BVx
Gpo
Jau
FPM
Boi
LFl
JdQ
DgP
CLn
DlM
HVo
GCU
EXP
G_v
KRs
GPV
BRw
BrN
Anr
JTZ
CGF
WR
BvP
Ezx
IML
Eic
Cy_
Dsd
Bit
TG
DIn
Jl
IRG
EDw
ByM
BFT
Am_
ATv
BGX
FvQ
JC_
hw
DkG
FWm
Eui
FGD
FVy
GTS
Fbm
FmS
GQF
K_q
Gyl
Jkp
EKz
Kkt
Fmf
Iag
AYH
Kww
DXu
DQo
DdK
DWM
Erb
LTB
DdF
Kch
Hka
IDw
FH_
HEE
ItO
EAF
HGS
Cvb
Kcs
Gzm
DMt
KlL
GXa
Brb
GEO
JDd
HiP
GJt
GaT
GKK
ER_
HTs
Ghm
JaL
Fap
DIa
AGw
AtQ
Cec
GDI
JGd
BMj
GLj
IeY
GUw
AFC
Epz
KGN
DQM
HFB
Bvu
KRM
FrR
IMU
CZw
Hrc
JQH
Kln
BYx
IK_
Fjp
CfU
C_v
Kxk
FJp
AFa
Gav
DyT
GfZ
hL
DZD
DkO
ICc
HUP
BQV
BKb
ABr
DdL
GJs
BqJ
KTi
CtJ
Djw
Hrg
ECM
Inm
FLx
DmU
GwP
BIp
FvO
DGp
Bmq
IoO
Djd
Gvp
NH
DNd
FHA
JSn
Klt
JES
KCx
GYo
GBj
EjU
GSs
D_p
FpB
vE
IsV
AOi
GBc
KPl
IQx
BnQ
Fsd
Avb
IyZ
DQm
Hnh
JMi
GQg
Dnr
HaH
GIZ
DKp
CoX
IVe
Dgy
Eii
Gtv
IbN
DVl
Fhu
JYM
JhK
Gck
IWj
Ccx
FoK
Bph
TT
EdI
EH_
DkE
Jbg
ImK
EHg
CEr
GMn
HAy
DrB
Glb
HJr
EAC
FBz
JEn
ImH
CHi
Hji
FYg
GmU
Ehb
FJw
KQh
HGf
Bje
Knh
FID
HHS
Dky
HX_
CGn
Jss
BHG
GAI
CAY
ABS
gE
Egh
Alg
Ggi
zu
CYl
BVy
G_G
DWe
GGr
BkM
GKa
CoA
DVK
AFG
OM
AOd
IEQ
GuH
IcR
GkA
Dnw
Aql
IcP
CSn
HeH
Dpu
DJb
DDJ
EPW
LWN
FyY
JZd
HZn
JwJ
F_H
Hoo
Hws
GRY
CQF
LTo
Hqp
EQq
JKM
CNv
JQU
KYY
Dik
LOr
CMv
HBv
ArD
KUJ
Gta
Chk
JKp
BRc
IVh
Hsl
BUt
FTX
D_c
GjL
GCD
Bkw
GoT
BhO
Ibz
ISB
FEv
ip
IBm
EDE
BfI
DjB
FQf
FtY
DaV
Jdu
EYb
KZT
Izt
FBO
JJN
eJ
wc
ARm
EFo
Gzc
Gdq
Fhg
DnR
Css
IEv
Elg
JdJ
FTH
IUq
CzJ
DZh
ABd
FEZ
CFV
IMQ
Cwn
Gyx
Jqk
GiM
Fir
CVd
ApR
EEm
EYA
Se
JMY
Gpu
Dkj
Cwv
Hhb
GQh
Bds
Hpc
IHT
BLl
BWW
BTY
HpB
I_k
ImV
KnJ
sD
BMl
Ky_
Cyb
JRH
FMF
Iti
Pc
Fyq
Dvl
Jkn
JKl
FPS
BTF
DWs
Bnx
Ftd
EZp
CqR
HVC
Ehc
FqT
JIA
JaC
EHq
Kqi
HhI
JlB
CyZ
EZn
GeY
BhX
AwJ
Ub
EzW
KCF
JKD
CNR
Fmw
HDJ
BZw
KwK
KtQ
Eyr
FNN
HuX
FZD
Ism
AOs
EAa
FiH
DHp
ICh
JCp
Crv
Hem
GIy
CKr
JIP
Cwh
BOy
Hij
DWS
Cen
DXk
HHd
DEQ
DAG
KWO
CWh
Me
Ets
GpA
LGC
EzU
ET_
Cjt
DUG
CZo
EKW
HZG
AsU
If
AtB
CAd
KgJ
JeS
Kpy
GDT
BLy
HnM
KmR
GOZ
BND
IeT
CxD
CWG
HgR
IMx
FBf
JRK
CVY
FfR
JoV
IAw
EFV
KzN
Gou
BZN
VD
BOD
JWK
Hmm
EeI
Hyj
IEK
CNx
LHJ
EcP
Fcq
HKl
BqI
HgX
CUz
HFC
Agr
Hb_
Fih
Duq
EmZ
Jtw
GzB
Cnx
Exp
GNj
BTs
al
FdI
AVk
GrB
FdX
IbE
CHB
Ewf
BkL
CvI
LB
BrV
Jee
BxV
FFt
HxG
EMF
EqN
JaG
HQC
Gkt
Aqg
DJT
Kfn
BZb
BtW
AwL
Gwa
HDk
FNI
AJV
HAY
Hmz
BGS
JUi
DXM
IGw
Axy
CAz
FrZ
DNx
Dzn
DhH
DVF
Cfs
DIF
Bus
EhW
Auv
CZk
FDY
GaH
Hks
EbG
FDs
EdK
Ekk
ABC
Dls
GEW
IWP
Jbe
FQc
Dld
I_T
IcQ
KPs
ADp
HPC
Fwk
IvN
AwN
BbV
Btc
FkW
GZk
CtD
GBW
Ixy
fp
JCA
JfT
EQL
BjZ
FCz
Jsq
HZS
B_u
YH
lO
JTy
DlE
CMB
Gfh
IJr
CVe
HPK
DRS
pd
FnZ
AGO
Iu_
ArW
AEf
Flo
HLQ
KZf
Ha_
BST
FYP
FJP
IuG
FCL
Gqv
Ihy
ETT
EGn
DIS
INW
AOv
JPs
EiN
GYn
BBC
JdY
Jfi
BYW
HSm
HJk
IEz
LMX
BAG
DdR
DSz
Egl
GhK
D_O
Czy
JAM
GUY
AXc
KeG
_k
DAN
EmL
GmI
JjZ
Cfz
JBQ
Jbc
HWT
A_j
KDz
BMJ
EgQ
_b
IyK
BXX
CXN
Hhm
JfM
Ett
KQ
IOW
DHr
CgV
IHO
GnT
CHv
DDg
HcX
HVn
DQO
DSd
Kkf
GPg
IFB
FhE
AXm
HmS
AqX
FTe
IDY
EHt
Guj
DBY
Ggs
HCU
ARJ
JkW
Iof
CVT
BtH
DAa
IOX
EpB
CgD
CYn
FSg
IbU
Bak
Ckd
BgR
Ctv
DcH
JOD
JNd
Drl
FJr
ITr
Hgh
Hvy
wx
Fpg
GsY
GqB
BMN
FAR
Dqd
EEH
FIA
DVD
CrL
FbD
IDn
IeZ
AiK
Evc
Hcp
BFa
CxA
CKi
HDO
JuX
IDh
HvZ
BmI
HrE
AAD
CLT
Fxa
LKI
GhA
DLT
Cgr
BNu
BFU
Bfv
EKS
CbD
AZn
EBz
EbO
Jlx
Hce
BlL
CRV
KcU
Dxn
F_C
GMQ
EGD
BJv
BjH
CGg
Gwp
FiF
HqO
HrC
JZx
IWT
BcT
Cod
IlY
JA_
CTd
HbK
Iox
KtV
Iqa
HxS
IfM
IWU
CQQ
BGu
HCE
Cco
Jij
FMP
HkD
Fof
HXE
GPZ
BNL
GkJ
Agk
IUL
AGb
CEO
CMG
EkM
FRC
JSM
IPy
FlD
GWC
IPZ
ACr
Dog
HEU
IsG
JTH
JCK
CaJ
KqU
GxL
GTV
C_W
HhD
FFj
H_m
CwL
DBR
Hlv
GYJ
EwH
FRA
Gki
Dbf
LGj
Bl
Kw
KpQ
LMk
Fsn
IcY
BGQ
zM
Kzm
LG
BvZ
CFI
FWN
CGK
FfO
Fze
BBK
fj
Ghx
FTV
Ibc
JuD
CXd
KXh
EMm
IzG
KeW
EMy
_m
DFM
HMZ
GqL
IXW
GzN
Bfm
BB_
AlH
Mp
LEQ
GEU
Hoe
AEH
Ccg
Jaq
DPl
GZx
IIO
JIH
Hwj
LTH
ApN
Dnu
DVk
IKi
BED
KwF
Fxi
IBZ
D_L
Huj
CNK
JVX
JYO
AaG
CLm
HUI
IfE
Aqa
INy
Djs
EgG
Ddp
FAm
BmK
HeV
EqE
AwP
KBQ
KgP
pe
ElH
Isw
Hwk
wu
Dvv
GPR
LBQ
Dct
IKv
IBi
Hwr
FVC
DfV
DuR
EGW
KEI
IMl
EYF
Bww
KIZ
KBH
DdH
HWc
KwZ
BVF
CaX
FGf
iM
JpC
GJM
HXi
DzM
cy
LJP
SO
CkI
HPM
DRI
GMg
Ejf
ECC
JVR
Bnz
GUu
DkT
Apr
Fgs
JSV
DCF
KoI
Djg
Idm
gL
FRc
IGk
Bxr
Cwe
BKh
HBi
DLQ
EZQ
FUd
EgS
IrL
LNN
Jph
BzF
HZI
DO_
FMQ
Fnq
JPR
JJS
HKf
AWr
HiR
LHu
IWS
EH
BDG
Eqy
Ecr
VQ
DQp
AGU
LSM
KZM
GyL
EoL
EyU
DDw
HdU
FhP
DCH
ETA
BWA
Eas
JSb
AzS
ImI
BIr
IKK
DgK
LUU
IBa
Elv
FCH
AzK
DQi
ASs
Bwm
CGo
GxN
Enp
HpW
KZg
JNC
HIO
Boq
BMp
HsY
GTX
CBt
Dwa
XD
XL
CAM
Crp
FAA
IdR
DoF
FxC
GpO
DUK
HyE
FCP
GUa
DMQ
DiA
IQX
Fnw
kh
CU
GBb
DyU
Evk
Eib
JGD
Htk
EhI
JiP
KZB
JDO
AH_
BIl
HOh
KUj
Fr
Gxa
cq
AVf
IWL
JnT
CIT
Juw
Dbg
Evg
CAu
Bql
CqS
IWN
Dti
EIh
Fzg
Ejx
JYJ
JUX
KsB
Ekh
IqJ
HMf
IkO
GII
DsT
Jjp
ByP
KNx
AWH
FDw
EiG
EQR
BFs
Dmw
LDw
Eei
LGn
Gjn
BQe
Iek
CnV
LFo
BAe
oE
JiO
HLX
HMS
BKo
EvL
ELx
KFE
EXb
Dav
AdL
DJC
BsL
FSL
FpA
Dxe
Eok
FkU
CNw
DcF
BQW
jg
CWp
CxX
EXz
INi
FpE
JDj
Icq
Cqh
HOx
LWY
FsY
GEC
ci
ASN
Cxy
Jfz
Bll
Ixs
HOP
KPr
Gzy
GzC
Eco
Ck_
Tv
DDo
tZ
CLK
AzL
DOm
JUO
pR
Esp
HXA
DWL
HgF
KQa
JEW
IVV
DYH
KJm
HwT
Ixn
Fca
Baq
KQG
JQm
Itx
Gvg
Kqb
CSQ
DHS
JZG
Gjj
JnJ
DVj
Bxb
JNc
Emv
Jkj
FB_
DVf
DDR
Inr
EZs
LFy
Kdt
JvP
EXE
Efn
BTN
DtX
CzC
FyN
DR_
GKE
JCO
BuB
Gxd
G_m
IDS
GuA
FaH
Gfj
EKZ
DGD
HWM
HTp
Ars
Er_
nf
IMb
LAG
IDb
FsR
DgV
DiH
ILi
HQn
IdG
Fkb
JwW
EAX
Duh
DBl
KiO
HEY
IzW
ImN
EYG
BdO
HIl
IMD
Bhs
CYa
GMI
Bbi
HyK
ERa
HUv
Ciw
HEa
DEF
D_j
CuK
DJw
LGU
KlE
MR
Ail
EMv
FWX
FkZ
AcV
Jkt
Fvg
Dey
IJy
FpM
Cmt
EYx
FCf
B_E
IYx
Azs
DrH
Flc
Cc
HxB
BRl
IoL
CDK
HQc
GZX
bi
Ecp
H_e
nz
Exs
BoQ
FT
Bem
EQG
LFJ
BTd
JNo
BLM
DCh
CLD
F_g
GSf
Bvf
GkL
wi
JxH
Cpp
B_d
Epe
Geo
EEv
FiR
ByA
AyS
FHM
DgA
BYm
BAR
JZS
Aep
CEA
Uy
HGb
JUM
EMc
ug
FvE
BbG
GkK
KEF
GGB
Kkw
KSr
I_c
FWW
Jtf
CdX
JZc
DyF
FtU
Koc
HYo
GGC
Dwp
CsJ
HCY
JSX
GCF
GjE
Cra
GCh
Dgx
FYV
Cee
FVn
IUo
Jle
IqV
DpU
BmD
FKo
GhD
EIY
CGc
KDQ
FUU
FMD
Biq
Ap
JfW
FYq
Sq
EWc
GLV
AyT
DBA
FiN
KJo
Etj
FDJ
CmE
EKK
FVm
DCK
HcA
GVJ
EMA
Jwg
ASg
BDI
CfF
BDK
J_A
EUJ
CgF
DWV
CFJ
JYb
FAC
EXq
ClY
JdA
KHI
Jfx
BRg
DPx
FwM
ENV
FyS
FNp
Beg
KB_
ASM
Hav
HZB
GzT
JWc
EgA
BPw
JfU
CqD
CMX
WC
JWE
Mo
Irq
EYP
Ceo
FjN
KBj
fq
HxY
Bwq
KRU
Bdq
JzX
Ftc
Ejr
JVJ
DXo
BGg
Ebl
Kbd
BaV
FGH
BqW
QH
HLV
JzW
GBk
EZu
DPZ
BwB
CBk
JHC
Gdc
BUY
EuS
LNI
Det
BbR
ui
JIw
ILJ
HYT
FwU
DIv
COM
EEb
dm
DOP
IxM
HBp
Jre
Diz
HNP
LJl
B__
ILD
TD
JdH
Iqv
EZC
KKn
AXl
HHw
DdX
Cgj
AvG
BsV
DeD
Ee_
JDW
Aym
FvT
qX
vU
Dmr
EwF
Gfy
Kby
BeC
IUD
HzQ
sb
BAT
rN
Ioy
Jyg
FDy
Gux
HiG
Boc
Fjn
IFL
Jq
Ktm
BRK
HMj
Hby
ACC
LEs
LGo
LIn
EdS
jD
FRa
Bvn
Efk
Ele
JMV
Gzz
HGv
JCY
BMa
Hs
IZF
Fjh
AKT
Dyy
JIV
KoE
DTE
ANw
BeB
EUa
EoQ
LHA
EwR
FZq
JLD
Awp
Ilx
DmQ
HIr
KBg
Eag
HJM
Gjk
Ilw
DXV
Ggz
IaJ
GeX
LAo
IMF
Cry
CKy
JlW
Exm
IGf
Kxx
DWr
GpS
sU
JMg
KCu
HTm
Jot
Hdr
GFT
FxY
Ipo
J_E
HBl
KXA
AX
FsC
Jqu
KCI
JcJ
EmD
HFc
Hdz
JEo
J_w
pK
IbA
EyT
IWQ
AFA
BmM
EiL
HhM
BvT
BPm
Fuc
IMp
FvR
HUk
H_J
FCO
DAM
Bmv
Gap
FPt
AMy
Dqs
GVg
LBO
D_d
Iee
IuK
KPE
AOp
LVJ
JOS
KEy
Bbl
INz
LGe
EnJ
BQL
FlJ
FOL
IoT
CtF
Ddr
GYz
DmT
Imz
Jog
LDr
GXo
BsB
FoH
mM
H_R
kH
Gf
Ewz
Ims
Fck
CbN
Grs
LEt
Bcm
APY
EHK
Ddk
Bxm
Cza
eR
IsX
Bng
DrI
Kpd
CBc
GOd
HDp
KpW
AJm
IxQ
me
HNq
Jse
BNS
vp
HQh
AuW
CaZ
KoC
FrM
CTG
CTA
Bjw
Fbk
LGL
IBp
HRB
EdD
HTZ
JRZ
Imu
EK_
LQt
Edn
Fhj
FdF
IYA
Cij
JfF
Gwm
Hp
Cbf
FfS
Fjc
ILR
BuS
LS
CwC
GPD
IgH
DPe
HNn
BOk
Guy
CtT
HxC
Egx
Ggh
INp
EqB
Kil
GXL
Eiu
JMa
GmG
ECU
DVS
ADt
DLw
GPQ
HtK
BzV
BZm
DCq
IkX
GQf
Dek
JaJ
JQx
Gmt
Ivu
Fyr
KuE
ta
Afo
KL
JUW
Jo
HFh
CoE
CjT
CDL
_j
CNC
HNx
BNH
LQm
EYe
IHp
EIl
BTg
Epw
tq
FWq
KJl
HZf
Gyu
JvA
FxE
Bdh
LBu
GLX
CwP
HjD
Kdk
xN
BcK
FrH
AmW
WX
HCd
InW
Cau
zE
DmP
BI_
HRC
GvU
Aty
DCB
KYk
DHA
LSn
Ehp
Dei
IyH
FUa
Exu
EMV
wJ
CiS
GOc
CZp
J_J
CwG
KJd
FnI
FIq
DnJ
JKJ
KqL
BFV
CmA
ECO
HoA
ITN
Kxf
ClU
FbN
JFx
HcM
Buw
JOU
IGX
FLZ
BxF
CUa
EEj
JxP
BeL
GVO
AXh
Bqn
KPV
Aec
Iqf
FVx
HwB
ETb
CXp
EmV
CJh
DX
DBC
Ipz
DIV
HIT
ACl
JDi
IPK
KwA
EaS
DiO
DZA
DQa
LOu
AwH
DjO
Fdh
HSN
IsO
LNj
DHf
BOo
BW_
Heg
GyU
IMS
DPb
JTt
Gxt
BcY
HjH
HEh
GiA
Gja
H_K
AjX
LKk
CGC
IAJ
Hxj
EVV
ANu
IqR
Chz
FrQ
HtL
qo
DoD
FVt
Fsg
IVm
HKS
FKl
Hzq
DiP
AND
Fuq
Hqv
Hiu
GAq
Irk
BtI
GGy
EWO
HGo
FoS
FNv
DlY
IgC
Iue
Bai
BFi
FaC
FgQ
GVu
ISJ
JfQ
Csb
HsE
KjF
LIq
Dlu
Ioq
BtC
Gph
BhT
FN_
cm
Kxi
BkA
ABT
JTj
JAo
CaB
Hhj
Baz
JvT
IYV
DyW
IVR
FIb
Cld
GOj
DJc
DcX
DCZ
Ddu
FnA
Kiw
Gz_
Hni
FQd
gQ
Kfe
IhX
BnE
BzK
FiV
BaX
Cih
HQr
dv
CbK
JtS
Bgz
CGJ
tS
Jcq
BMO
BRQ
BOe
KEx
oe
FDh
EXh
BnY
JLO
GEy
EMb
DFb
Elb
IJI
CDE
BXZ
ISH
Atl
HfX
JCz
CIk
JQK
Fbs
Dez
JBh
AS_
Bkg
EAy
CEn
FQz
BTQ
ECV
Ilz
Giv
ERp
DGJ
Hdf
DbQ
ICE
CkT
AmL
ON
wl
EkY
DXa
HKX
BqT
KJX
BoP
Iuk
Ccs
Bvg
Kxr
Gcw
HQM
GBS
Ffb
JuI
CVS
ECd
ck
Hsc
GhJ
Inu
CiZ
IHm
EmG
Clz
Hcr
BaL
CV_
G_n
Gut
DbG
BdX
KGA
EAK
lV
JWk
EDg
DjR
CBz
JYU
GOV
Czi
BLz
CSD
Ckr
GMo
IHv
EnP
CvL
HIn
FbB
Fzb
HyD
Far
DZv
DJV
FaQ
BhV
Jsn
KYb
GpM
Eit
Hyv
FVH
AXS
Iaz
HTe
DWp
G_K
LBi
HRf
AHJ
HhB
BTD
HuW
hK
Jey
IFo
Wy
HOv
LNK
C_p
DJp
EFB
AVO
GGa
HlD
AVq
BLi
HGH
Iet
HTH
xY
JvS
Ca
KMq
JTz
HmY
AKO
DoB
Aon
JVW
KES
gZ
DBc
DRA
Bcx
AkP
GsJ
HIt
GXx
Bqe
FoB
KVX
GTw
CgO
BXz
KlF
GnX
IiO
HMq
ExA
HlL
LDS
IUR
Fwa
Vw
Du_
DaD
Fzh
IsQ
FMK
MN
Jah
Azf
LEm
FF_
Bh
Jlw
FiT
FDb
IBe
FwK
JVk
BFD
GJi
Iug
BGG
BOM
Hzn
DRf
KOL
HVt
HAv
EZx
IjD
Gsv
Ewx
Ic
HuU
ARE
HpY
EhE
CW_
Kpx
GLW
HXg
ILe
FVd
KFZ
KDd
KkE
KHp
Afl
IGm
ENS
C_F
DhU
Dyd
CgS
Gif
CZs
AtU
BYF
ESb
IIw
DPV
Fwp
FwE
IPT
JZj
nI
DuZ
HEs
JxS
HKM
KVQ
EYd
HAt
EqU
BGw
Gau
Cfw
AxE
BgQ
LEC
GIg
DB_
Hml
CWC
Jjr
FC_
HyZ
AOg
JsN
HWH
EOh
Des
BIB
GPE
FaA
DIT
Gco
HeZ
ZX
sw
EcY
Hiq
Ii_
AdG
Bym
BXl
Pe
Irz
CpZ
LBb
EvT
AZl
HXP
Imm
Bir
DHU
Dvc
Atd
Bwz
DsM
CQV
EtU
Hnq
AhC
DFB
Gdj
JMC
FDK
Kg_
Huq
HS_
JMW
BiJ
Bn
Kso
Kfw
IOF
Fcl
BcD
CzU
Jvg
EEw
JJo
IvV
h
EOf
C_j
Bxa
JwU
Fad
HmL
DRi
GOH
oz
GkO
Jrh
CHz
Eyg
CFi
Ku
HJl
EUi
IJb
BLm
AVH
AyC
KPy
Fje
Esz
JFj
Cjz
JZN
Duo
Fye
KNA
Dyx
CRx
KbF
GKm
AvT
FYF
Gty
GZY
DH_
GtX
BVe
DJq
BsX
EyE
DMN
CxN
Cxi
Gwb
DXd
BSY
BGI
Ioj
GZF
Ixj
AQL
Hzm
CYA
EYZ
BmW
HsX
HmR
CRj
HKr
An
JFd
IVj
AoL
ERP
Ilr
FzF
AVp
CJk
Cpv
DWA
CSd
Cwc
LNk
FNq
BDe
HB_
Igg
Iou
Ckw
DEI
IlH
JzJ
Buk
BKM
Gsq
EGs
FFR
EWx
CXc
BKO
GIP
Fiy
DeJ
Fsp
Ioa
EVm
HZu
Dxt
JJh
FJD
AkS
BjS
CbT
EZ_
KyG
YG
CMt
F_T
_V
G_Z
FLP
HUc
gf
GAG
BT_
ECT
Cne
GsT
CvF
GIV
HYG
JVM
FbI
Fxm
AZo
EJO
Amr
Ly
EzD
Jto
Aox
ITY
ur
Etw
CKH
Bi_
KCW
Iir
Bvi
UO
Yn
EnR
HoX
KSO
CzK
Hxx
CbO
HcV
Ilg
DDI
IlS
Fur
DNS
FSw
LCx
IYh
BXY
Gcn
GPt
KiG
CCF
Hvf
CAa
GLq
J_u
oP
Hnf
HSg
IAC
I_H
BEn
JIf
LBP
GXD
AQG
BcA
LFt
Epv
Eiz
FLJ
DtS
JIu
LAL
Cu
pi
BDW
EQJ
IId
INQ
BRX
DJv
KFT
JZq
Kwy
HRu
Fjb
CIf
BRF
CWo
HJg
GxM
J_F
JSA
KHJ
DRp
KXK
Hum
GA
GXA
Iat
EsA
BSV
IUO
EQf
CdY
BDU
DZa
FbT
DOk
LUT
KkV
GuL
Big
EtN
KRy
EHC
Fmr
IXp
Dhn
Hgr
IKp
GAT
C_X
ILG
TU
LEh
FeV
DrF
AHS
lE
Dtm
Jai
C_l
JME
FZM
ElK
AUM
EqJ
JxO
LEr
CiF
EKd
GNI
IFD
K_Z
F_M
BU
LV
DMH
KNo
BSi
IDc
AkR
QU
KYR
Aai
MQ
