eas
Aff
aCI
tqW
vaX
mup
ckU
duG
YV
plk
pjS
yzD
dUl
kNF
ffE
CSA
sDO
ysZ
mVF
jii
xnu
rgS
vfe
saq
eYQ
tji
CqB
bkv
dSU
zwO
xrd
lZE
tMS
dwW
Dcb
Adt
gQG
raE
vBZ
eAt
cmJ
dYA
sFr
ztp
vuT
izo
dqq
gTa
sEu
xgw
mqu
lpE
oLO
AgY
kUl
unH
thS
lon
bhr
CSM
gMi
iBc
uyM
tjV
cKN
lxf
xVw
ywV
mVs
jLg
icU
Cxy
edL
hmc
izD
Dwv
DWR
fdw
bmg
vaY
neq
uZv
bIo
dTY
BOt
dYl
cWk
yub
hWH
kJe
jhU
pRD
xhY
CuF
fkd
ojq
qZW
vZX
lky
uvb
gVT
kfq
zaF
AKW
xjB
cTp
jKL
yxa
BPm
zGm
bNm
vwo
rBX
yTl
gnP
sKv
cJY
bml
xWK
gKN
trV
ACU
lQw
pSa
uvs
lsQ
snj
nhq
kDM
aAn
CwA
Dto
vvp
zah
bFA
tUG
rJQ
yYX
fMF
zza
pky
fAX
wCa
xqf
DVC
sMA
tuS
sQb
ppp
YF
iWI
pNJ
gLu
DUh
onP
jHv
quZ
gNS
rAn
pRm
maD
tTr
DYe
seW
oGb
AKa
iXG
tLL
EfC
fHa
jfs
DxD
ojl
acD
avb
cWJ
Akh
qzh
hQN
zCz
Dro
Tv
nbz
wcD
pUB
rxR
Cws
seH
lpg
uqc
COd
vzS
tWt
DCa
coX
uot
siW
CNO
phZ
wlh
cpw
AFO
sQR
hlb
DWQ
vbz
Dzk
Wh
DaN
sLl
pVl
hZt
nLx
hyB
EdR
eaK
hYO
azH
aFJ
gHV
eYi
dwe
fac
Cpt
poC
mWj
xWy
wkH
kif
rwF
iVZ
DZs
BLU
xNR
fEe
hOP
vzU
sCZ
mXJ
uVr
mtw
tMR
mtG
oSh
ohX
wLL
psY
aAK
vFU
shS
lxK
dvW
bGj
pOE
qyu
eAA
hvK
fOw
bHN
jEz
gpg
naY
oPH
tUM
cJV
kph
tTO
zdI
bfS
qpX
DtQ
bCY
ghn
CtS
dyR
dVF
CuS
vfl
slB
avT
tpa
cmH
omJ
qqS
AFA
fCh
zZu
duF
abo
fiV
rcO
mXB
fcT
oQx
ryQ
gqu
lZo
nFB
lVU
rZr
wde
Cyt
axf
eEq
psu
vAu
vzX
rEL
qro
mzl
AIn
DDE
gLb
muT
vIz
SM
baJ
Dzo
sFT
bkF
htB
bGW
BpP
nEt
vah
sny
iFd
pli
rcC
tnJ
AaQ
bNn
hRQ
lmY
xTo
iaT
ezw
gRS
neL
eHI
sPl
xpV
opi
kUu
nDt
lsO
gHy
Sj
BjV
msG
qvV
hoa
uoN
uVB
qqU
tqd
AEK
jzj
dzH
ciY
uUd
obo
dwJ
oJg
xnQ
Ebw
zGQ
pno
bht
dUO
zAQ
hmd
pUw
sEH
rJP
xlQ
ztt
mWd
vHd
bhH
hUh
wgO
sll
BiU
zGD
sFg
pkg
jFO
bct
zDZ
kpN
wMy
nCv
hmM
eBw
zcq
sRe
hPl
cMZ
jcE
BMv
qpo
CkL
doe
jNo
Ajd
rvZ
nFw
aBt
wPZ
eui
zuU
baY
yTI
wHG
huu
qAO
yrI
bIp
hyN
quP
ytj
kNr
dQy
gHD
bIs
hsy
CWj
Bpl
nFI
jEg
Aie
yQv
ebp
ttR
myO
xLe
plz
bKN
luC
jiS
jFa
gnY
mzY
jdj
afM
ofj
iuB
BkK
hVq
BeG
dUi
awz
gNU
cUt
gOz
pvi
thV
cBE
awK
yWM
Dsg
yYm
olh
nhr
lqq
ghc
uvt
DrB
ewY
CmX
oct
cqU
skl
DzB
klS
flm
qvI
wew
obX
ySp
htm
vyU
CRS
AHV
seD
qts
snQ
CrN
oGf
oHi
shZ
ttL
ckF
nfP
fLj
pta
fCm
ghC
dQs
knJ
nzC
mCQ
wbg
jLt
wPq
lQX
bkT
gmN
pQa
BfL
ANV
iVw
eza
zAJ
eYN
clW
rei
crq
lWO
zCQ
gUt
ZS
kqb
fNR
ppQ
kjq
wmx
glM
kLo
iWN
aHz
gVr
AkA
CwN
uTJ
lOt
cmK
kfj
xJa
jCt
hTD
Edj
pXI
iEh
iZB
yoh
BfU
cJk
AFT
lTp
tik
tUP
zaO
gNt
ALa
CXF
lc
hmN
mUT
AAF
zdw
fbV
dqy
kJz
vFg
oIf
cVm
wcs
wNV
ebc
yrK
BdJ
bOd
mCN
mCE
tlJ
oeN
CRF
aJj
iBp
ezT
Sm
bHg
Ebu
gfj
hpl
gop
nJU
ynC
CvS
nIG
iCo
xhg
sGZ
yTj
sLL
eFv
uvZ
mvL
loi
sOa
aaL
Xc
bDe
uzZ
pXP
bPr
bGy
sjK
dRu
Dsv
lXM
DYl
vys
yfV
zYv
bed
AET
vZg
lQS
cmE
AcU
sPd
ysz
yVt
Bql
zGH
cRu
omO
bLf
tjS
vGf
xgf
zDO
iZC
azR
bKD
bap
gSh
Akt
wdJ
uRI
Brg
fDj
iaI
tTu
itn
jLr
yzk
aZQ
khg
AkU
oos
hrQ
ncZ
fEb
qWC
ncQ
rZY
qVd
ayY
lXK
uuw
ecq
yss
rvX
ojR
cOi
lvm
hWt
DFw
jDG
bmd
plu
vCV
DtN
zyF
ciR
cng
fIg
wKv
bca
pjp
hPX
dZP
quV
Drv
pmR
zHj
xfL
xmj
lvH
Edr
BmA
uWF
ncF
ist
jKh
dpg
zct
pZP
iWG
qCJ
nEJ
zxH
cgc
ogl
bFf
lUx
bhx
zwC
CkS
sbL
rbU
wOu
fEC
dQl
Eaw
oeA
uyR
ewd
ngM
dTX
blL
qVq
BIS
DZB
grs
gSE
mqq
aAj
dRb
huY
mxg
xmO
tjg
xie
xqm
slq
gSt
xMT
izC
dpt
izJ
kNC
dYZ
xTb
nGv
xhB
zYj
gMv
ALG
wIH
bLM
eAf
ynN
kqP
xqN
wiH
vZG
fCs
tYu
iCM
qxo
ysd
lRe
eFN
lsB
cNF
kOe
mVi
AJO
jck
fKO
baN
tKp
cWz
lnh
qyZ
oFg
oFi
Aae
urs
mUi
maO
wBW
vvk
cMC
kJu
aBn
lOC
ohE
icB
hRt
zBj
ylR
jgz
mzz
kdU
yTm
zPe
hQF
aEH
BNV
wJv
lUN
kTt
dXF
sRz
cth
BOU
ocV
qpB
Xv
kRP
kPj
tml
uTW
nbL
sLC
Dxv
neA
wKB
uRD
CqS
dQV
dRr
xnW
AeQ
tkL
rEz
iXZ
rbh
quf
jhQ
veR
DVZ
bcg
AKh
ZI
Cog
mwq
isf
CtL
puE
exe
fKy
DCk
pWk
bJM
AEk
lsV
xjG
nJB
ttB
jKX
bFU
pUs
aIX
tlt
gIt
hVM
cLU
Bif
gLZ
tLN
lvi
AhM
ANt
uvD
bMg
oGs
wbn
gKS
abY
lvO
CsF
yUu
eHf
sOu
gPP
oSJ
smw
oJu
jcK
oGv
BgI
ixg
BhJ
ezW
aGn
ADO
nDV
tmh
tUS
vaS
hor
kHq
eaS
oRE
DvC
CWE
aZC
gNB
qzQ
qiV
lPI
vBW
vyX
sfg
zxL
hxQ
rbN
EeP
nE
eFo
mxy
hqn
vGO
nfG
ABu
hwc
DVY
vZb
psw
oMB
DyS
ocp
eFW
nfa
kpe
wes
BKT
sDp
gMZ
ABN
uqx
rIv
bfE
Cpk
gTe
bBU
CRE
prM
ypy
CXa
dZs
rxP
dWZ
xRf
tsR
fgd
zcL
Y
zbC
rze
sIZ
EeR
gQx
yyQ
cTx
mUQ
AeA
zAB
CZq
Dsc
fBq
yXq
mTZ
xKH
pnZ
qpd
qUL
pLM
uqD
eZW
BOj
dtJ
qwB
ibB
DYE
zcd
CoI
uzs
qxi
ljp
sak
dZu
hWP
CuC
AiL
bfX
Clu
trc
gJL
mry
CUb
vFR
uxZ
Dva
wPD
xkw
tNL
vyV
gli
oMI
CoM
hRq
zdA
exT
kpm
ogy
qVR
cWN
yPT
uod
hvH
pjD
hwt
fNO
tLW
kPS
cgy
rGK
jFL
yWh
kPl
azY
aEr
kJD
wDU
poI
gmi
qyi
isi
BKg
oaR
cXs
jew
jAA
qwo
xjY
BnA
kGY
exm
Bih
RL
wCS
tli
rxb
zCI
tOd
kcM
gOh
fOt
raF
cOS
iCy
Eho
xVF
BMu
mCe
chg
CPJ
tpr
Dwq
nER
gkA
fgW
lZe
jzo
hYs
xWw
wma
lpc
Csq
pSP
ono
Efu
xQW
AbP
BMS
gow
uVF
wJf
yws
Bhu
toA
BjW
kOR
rHQ
ckT
xhj
fHZ
zBo
naz
sJb
nhX
hUT
ict
sEG
AMt
hpw
DFl
nHR
oEn
BmB
cgT
rIx
lMp
uc
wNW
llV
ghX
hwH
zAe
wgd
gmW
BdT
gif
eDs
fKL
nCr
qux
crl
hVU
lsi
DXu
hmF
ndS
zXu
baH
bQc
ctn
bcC
ewt
jKS
nBN
fLY
utW
gVH
cjg
zVH
BUW
Vz
wen
wEy
siB
Cqp
jyN
adE
kkJ
SO
gsb
lmi
yXL
pUF
rCX
jDo
ghJ
oMs
sMa
eFp
wDj
nFc
CrT
EiG
gTh
qrn
tQH
kRl
AML
yYS
kTd
ppH
jbW
ggz
cKm
mvu
vDn
pYq
cKi
zHf
uwu
chJ
CrJ
wJP
bcY
lRy
mBy
cgm
aAO
Clp
okV
hqC
eZE
aIs
mCZ
fcA
jeO
dUt
pPO
xQP
mAg
rCn
wKh
hlw
icJ
xJg
glF
ech
pYs
ocb
lXu
bcE
DWn
cMl
Bik
dWq
rcG
AaU
rBm
Duh
zBb
mVI
CUZ
mwZ
unS
wIq
tVR
ups
ysn
CSO
sku
kJE
zvU
mbi
hQr
gQd
Dzh
cLI
DaA
sdC
xTd
gkm
kos
csm
bHR
gey
uqe
BJQ
nyT
aYW
gRf
vFA
tlA
weI
oKY
qWR
bMN
xmL
kje
rat
naZ
Duo
lwA
nfw
gVY
coa
fCD
eue
ibl
hRz
iWE
cii
ndi
wfS
dQA
eyN
qTs
wDk
azh
fAV
mrv
hPE
jMp
isL
piO
cka
CpH
pVn
qwa
kNY
gVh
dQH
sin
zwa
DzT
pTz
wLA
Dyb
BJU
uUG
crD
mtC
cPC
lhm
cme
yrg
fai
vAA
jMW
upe
oeh
gVQ
qsk
kmp
wjE
crE
neg
pVT
fIy
xIJ
lmx
qYa
dTL
qtk
lRA
DUW
lWj
awf
jLU
rax
ytz
DrH
xJs
cJE
BlD
nTE
ayS
ojn
vAX
yrl
Vv
Brv
uSK
wiW
wbz
BPo
lTH
sJl
ttA
xRw
yyq
bPe
Wg
kLQ
jbZ
oku
dRq
oHD
gkw
zzp
tnK
aZx
tpv
BPC
mta
oMa
tWX
xrj
fMV
aEf
pXx
ckp
DxV
xmX
AeT
aEI
wNr
lrY
aBo
uVf
tjL
vBV
aZJ
hTh
COx
isW
CpL
yyT
oLY
nyo
iaG
mCA
itQ
dwz
fFN
gRs
BJC
ryP
iBE
hqf
quR
wjR
Cwa
Cxq
Ade
yyf
sKM
pZo
pkv
aGl
CUq
BPX
ghz
qWV
cQh
skT
DCq
nhm
blu
oQN
rdh
ofN
vwg
tpV
azz
isD
mCI
fas
tQF
ffO
uSg
wGr
jbA
yvK
VH
dwO
bPf
Dvm
BIm
ncR
xUr
gQO
pqb
DCr
sKN
hzj
awp
iEa
BTK
oRM
kdZ
EcF
oLU
Dxo
dvc
tMy
AiT
kle
kLl
cfu
Dwy
xMQ
qxI
wjQ
mba
zES
CyN
EbF
ncj
AEB
rAF
lVf
gIK
rKo
pth
xrZ
hnD
pUc
gJY
DCj
uoU
xMo
sPC
lvR
tsi
uvm
mCH
ySl
ojC
wiT
yoJ
yQi
iyT
CWp
yTF
DWw
mBA
qwX
bcJ
scs
oKE
xSm
sOm
xou
Adb
uXa
lTC
fBi
uYP
jaY
giw
yzO
tjz
gfr
gql
nHg
nbX
nFm
tuv
vxp
jES
gIx
Cla
kcW
CYJ
aZM
eEW
xVz
vzh
sRs
vCu
vvo
thC
kPf
qBA
AIV
CVb
dua
rwh
uQS
tRV
cld
AfB
zut
xUv
BQM
rDt
uAY
wPB
bGD
AdF
wdq
gIG
myz
sgr
tKd
myM
CST
sjX
wNB
hnh
BpR
dQd
pMQ
saa
BLI
Dzt
iVT
qwK
BKi
qTF
fIv
gUM
pPQ
eXU
rEa
hyy
kTO
tpq
Blj
vxY
blh
CQd
BfJ
xeN
sJU
wEp
zty
kMp
zbl
EbB
hUq
Afx
hwl
AFo
TF
vbl
glD
xmD
