CBKF
BHJN
BQQS
DCED
BLEU
DGHU
BZBS
AMMK
BGQM
BPNE
CYYI
ALNT
BSVN
DBHC
BDYM
CMTH
ANVS
DACC
CVPV
BNBY
BPDL
DIOX
AKRU
AROC
CHUK
DEFQ
AGDP
CGYM
CFXS
AAJZ
CBGG
DHPO
DBRN
AAPI
DEMH
BYNT
DERT
ASKZ
DHOI
DFNW
CUWM
CTOW
AZCD
BJNI
CGZK
CFLM
DIAS
DHCR
BFJK
BHXI
BYWS
AIMO
DFHH
AQPQ
BBUF
CSXZ
AYGX
DJMO
AAZN
BOSJ
BFIX
CUZU
CVQF
BYRY
CKJK
BYDN
CNGZ
AIPY
CCQF
CLBE
BTGQ
BOBB
AXGC
DCNT
CYTS
BUYI
CDLO
ADFW
AQST
BPSF
AJWQ
ARZM
BBRY
CCLQ
CCGH
BQWQ
CWPC
BUPF
CXWL
CHFR
CUSE
BFDH
CBMQ
BNWI
CGSW
BQYN
CUHB
ABSJ
ASPE
DDFP
AJQR
CFVY
BNGY
AEDE
APJG
CMVV
BECB
DKHH
CETG
AJMO
BNBM
CSKL
BQLS
BWBV
BDGI
BSHJ
APAW
AGMQ
ASLF
AWIA
BXLO
CETV
AERA
BZSM
AAAO
CECZ
CGZX
BPYW
BWBX
CXIU
CBBK
ARUK
BHUO
BELU
BEZR
BHNS
ASIK
BXEZ
CLRN
BJQZ
CGXG
ANFD
DAZN
AMJB
BITS
AFJN
BONK
CHFH
CRSG
BOGW
ALVW
AOWD
DCIB
ASDQ
AXVJ
DGSP
BXKF
BKQQ
AQVB
BEMH
CQKN
BDTQ
CJWD
CEPF
AKMI
AOBR
CMBF
AHOW
ANYD
CNLO
DIDN
AOOL
CXNM
CBOI
BETF
CYNK
CUTU
ALRH
AHFD
CVTB
BSND
AMZB
AOMO
AGDZ
DCFC
AHRT
AWCV
CLHL
DHIV
BDMW
CWDA
CFPV
AZZB
BKGD
BQVT
CMVR
BHYC
DKKY
BTRP
DBTI
CYTB
CXJB
CCBH
AMXU
CVDS
AXQW
CAIF
AISL
AVMQ
ATBZ
BYEP
BKDU
AYCV
CKKS
CGXD
CKIJ
CLFO
CUVC
BGXN
BFUZ
BTZR
CNTN
AQZT
CVLL
BJJF
DKOY
DKGT
BAMN
BAJM
AYBG
ANOM
AMWD
CJMI
ATXT
BKGZ
BOCV
BZDO
BFPD
BRJU
BGCU
BJBB
CWFA
CRMC
DBDX
BTWZ
BKUX
AXCU
AZDW
BLKX
CWUX
CPKV
CHDE
BOIY
DGBH
DGUK
AQVX
AHKC
BCGS
ATJH
CPUM
CZJG
AOJQ
CEJG
DGMP
CMXV
BVCU
BTAL
DHHE
AAIR
CHCF
BNHD
AFIB
BJHL
AJVM
ANHP
APED
CPAW
BMEG
CVCR
BPNZ
CBLE
CUGV
AWMR
BLQY
DJOA
AJIW
DFYS
DHOZ
DEGY
BQVH
AFLL
CADK
CWSQ
CEXN
DBWQ
DCHH
AGLE
CXPH
BPSZ
ABUX
COOC
CBIS
ABIZ
AMEY
CFQD
ARPA
CDMQ
BBGO
BYII
DJUI
ACAK
DCTM
BYEI
DKBP
CZKY
CRMK
CQLV
CLCL
CMRA
BIPN
BPUO
CWZS
BSYH
DEPK
BFFG
CMKZ
CJVO
CDGW
CUQN
CCCX
BDHM
CNDT
BNSE
AAOX
CUNR
DIII
CVMW
DJCJ
BKYA
CAOG
APMJ
BMXV
BWJH
CNIG
DIKO
CGZL
AWZM
CTHM
AUMS
BKYB
AAJO
CZKP
CYTV
CQAA
CYPJ
AGKM
BZUM
CCYJ
BPQC
AWLH
APIH
CFCU
AZOJ
AQWA
BQLE
ANKW
DGDI
CTLN
CXIT
CUFQ
DAAE
DBEW
COQB
BALD
CWPJ
DKMT
CSMB
BWJX
AQLY
CPMA
CXGN
AHFH
BODL
CVDC
CEPV
DIOF
DDVH
BJRS
CLGX
CVCA
ALMF
AAKO
DJKO
BUWP
CVFM
CASZ
CWTX
CHKX
CYAF
DBMM
AFLI
AVZK
BWBI
DBLC
CXBV
BACV
BPPN
BHFU
BCPP
ASZI
DFLW
BUTQ
ACOC
AKLV
CUYS
CWXK
BIEF
CDSL
CWEX
DCLZ
ADMP
DDOD
CMWG
BYSJ
CPKO
AYMY
AFJS
CRGN
BRQV
BTVE
AHOX
CQZT
CUTX
BCGD
DKNK
ADQP
BUNV
DCAB
AIDY
BNTT
ADEL
BTFD
ALRB
BRAO
CSHX
BOBM
BMFP
BEEV
ALUL
DJRB
AXPG
BCKF
APDH
BWNY
BIKV
AEYJ
CDSO
CKSC
CVSQ
DEMW
CTSL
DELG
DJZM
CVNI
CIRU
CYCP
BFLJ
BRCC
CRCU
AZXN
BBSN
CVIX
AAQT
ATBH
AEQR
CJXD
BEES
BTBI
CJHZ
BCNG
BAJI
CDHV
CDHL
ANPQ
BHYE
BYDR
CCCS
DAPE
DAIZ
CEHN
ANWE
DCQK
CUQV
CJTY
AQEI
CCRO
AGIW
BSME
BTHV
BPRU
ATBC
BPIL
BRSC
CGTE
AXQP
BBJN
CQFN
BMTA
CHTS
BYVU
AQJJ
BFDT
AWBS
AKXI
CYHL
BLEO
BBIZ
AMAF
ATUQ
BQIA
CKLW
BTXQ
CEDN
CCIM
CYXH
AGBT
DEGT
BIXF
CLXJ
CCJS
ATPQ
CFHH
BWFW
CGXP
CQNA
CPBC
AZBV
BIFT
BBBW
CSZU
AQXN
BVBC
DBEH
CFJP
BFOY
APLX
CBYR
ARVV
ASGY
AKJQ
AUYA
BNAU
AIZO
AXNE
BBFH
AXKR
ACGO
BYVA
BUUJ
DEIX
AMNY
ANIS
CRVV
BBMV
AEJY
CNGT
BQSY
BPVF
DCMZ
CKCO
DFSZ
BPNS
CVKR
AXMR
BWXG
DDMR
BPOX
DGFV
DAHC
CSLO
CZDA
CUZZ
BVKP
CHYK
AYGL
DIJX
CEAN
BXTF
CDZI
DFDK
AKRC
AJAI
AXTF
CTDN
BQMJ
BRII
DDGN
CFQY
BRZK
CVCJ
BJMW
CLOG
ACMX
CMZQ
AWLP
CCCY
CILZ
CEZW
BBNE
CESW
AMXG
BJZX
AHVB
DBMQ
AXOR
CETI
AJCI
BMQH
CTPC
AITU
BJFT
AOIQ
AQUK
ASKA
BICP
BBXE
AOYR
BFDO
ALVM
BAPV
DEVN
CYOP
CBQH
BJJK
DBPY
DBTL
CWHE
BJWM
ARQU
BXFZ
BLNZ
BJBS
DDLD
DBAB
BADH
AYZG
CSLV
CAFE
CSYB
BJCQ
DETV
ABVU
CFYT
BTGX
CVMI
BJVU
BMZI
CVXT
BRIQ
BXZI
COKI
CYZB
CWER
DEGZ
CYEV
CFKF
DHJY
CSJX
CPWK
ANAH
DCRE
ANRP
CHMI
AFRX
CYXO
CFMT
COEH
BHCB
AWRR
CXHB
AGQQ
DHMH
CXES
BLVX
BRMI
CGAQ
BCXH
BNUE
CQVT
ATYC
ACUJ
AVHT
BCPK
ADVH
AUTF
BVBS
ABSW
BJBM
ALBR
AHBO
AACT
DIVD
AWVB
CJHP
BCFB
AYIX
CZTP
BNRK
COYW
BYTG
BESK
ACYU
AQLB
CKMB
BHET
CWFQ
AJPE
CVLZ
CBRD
CMML
BCHC
CJJX
AZPH
AEDT
CYVE
AQUI
CBGX
BHFF
CQOJ
BBUY
CJLC
BFVI
CAGN
BNRQ
