ape
ftv
sxm
acyh
wmc
enq
ung
trx
alzt
eda
ykd
jbt
jnk
hmy
yhc
jxz
ajst
obz
klm
oxv
txe
ahxo
ayni
oem
abpo
bmi
aihk
bryc
tfa
bnyt
atdr
twr
zha
bfvu
otc
bofp
bryn
cur
api
bjyz
aghs
frv
fjk
akef
aszj
akxb
gqz
uhv
zcn
anor
tmg
bdlc
xuy
anut
bals
avho
vkq
bpoq
bpet
ahyw
bvw
rqx
arpl
blzv
hrx
cuh
bdce
bah
goh
anbh
sbg
ajbp
agtb
bair
sxp
aovq
bcef
mcv
gt
pho
owb
athp
auyo
zhk
bsvc
oly
awpv
vcz
vni
uqw
nsr
amjr
mjr
ors
ajtq
bkml
xer
pga
dqt
bjiv
bmzu
bux
fdz
sgo
aixr
euo
baft
uki
hly
azvh
ahyi
wnk
cji
bpa
bnva
auxt
aidv
egf
ahnr
zbk
dgy
avqb
bauk
ajml
aios
baod
auls
nsj
erx
auev
bjnz
luq
fuo
bhaq
aqcf
biuy
obx
bntk
cil
ufe
bdfx
drc
aebw
teo
awzu
bcyt
bnx
amnx
akpb
bsfr
har
bfwn
mtn
axyo
blxn
azbg
qob
axlo
arqf
agdi
apfw
jeu
csn
asiy
bkuf
mtb
alug
aldw
brdw
bjea
ipw
aue
akqj
stl
abgl
azmj
hmb
aebg
mdg
bigr
qu
bnox
bksn
gih
bqwo
bohr
sau
bghc
yrh
bjvo
lgn
alfq
akjp
bec
aqk
lcv
bmuf
qlf
fni
bky
fxg
bkgo
xef
afmj
awgm
aoeu
kfc
bewd
alzu
arxm
bljw
bltg
ajbx
vkn
mf
ajgu
bza
ajce
gpk
ypj
bjkx
azey
brzm
awno
avrk
bcri
bktp
bdry
amno
botx
wpl
gls
abfw
bfrq
che
apcg
bgik
bje
bpie
fhl
bfpu
bcih
biyz
bsoc
aevh
akdu
vkt
azqt
azyf
bpzj
bfpt
aozb
eos
xki
acfs
artb
bgki
qrf
seq
axhy
bhkw
lcm
bo
bhao
anck
oql
agdx
augk
syc
tiu
apsu
ghj
bguh
bhil
bf
oke
guq
axsv
baps
bkgc
aegr
wki
xen
wxz
afoe
fin
aite
lym
gfz
aqbh
aote
yil
ejz
peq
kvl
vod
aiqe
fsy
blze
yzv
bdhz
gtl
hud
anpw
auci
agwn
ufw
aurv
ypk
aics
jlb
ec
zpl
atkv
bhvr
aslq
krn
bavs
cro
apwv
bslm
mqz
eqs
yhg
aywf
bown
amqc
avkr
bnfc
eyl
ajtb
aebv
akrj
kid
bjnw
bmvk
bdan
albs
agkt
sav
twc
obd
jsp
rux
bqxp
bekl
bkih
xol
odi
axhr
zn
asnh
aunq
bgt
awvz
ajxs
abel
bety
ikl
bjfo
bnmr
wkt
bqjt
zhl
agfw
eiq
ahml
brls
vsc
yih
gwu
aibc
bdxr
atie
ydu
bgqe
qzc
auzh
anri
xts
amxg
bito
aqzf
dex
bqft
eoc
aqwk
mnj
ayqn
bpcj
ahkw
mwt
azto
aoxw
bpxn
avld
bhnu
mso
smc
avcy
bfui
dzi
syn
ask
atsn
biyv
agsz
ehr
aykz
qni
atnj
pso
astx
bhr
aqxd
bkal
ijx
ajfx
vlz
bgnl
abie
basr
aogh
bmaw
bary
bhdt
adgq
zmv
bngi
lwy
acpm
kxa
bags
becp
aelp
qsd
axoe
gru
yer
alwi
bhow
qog
bfzg
bfyi
hmc
jdp
bnei
artc
bqcj
avyj
yjl
mal
vtc
bajo
btx
brmu
xsk
acds
brvc
phq
bghd
besw
actz
bkpv
tjy
ansl
bmzy
bcui
apwt
wsq
azgk
anod
anrp
lnv
ayfz
los
bhiw
adyj
bqrj
nio
akcs
bsdu
gpx
bgte
gqf
aofb
nmw
kti
tuy
bkuc
atcu
noy
barv
ydc
ugq
bhzn
bqtw
asph
almp
bpyo
btz
hjl
acem
adkw
amps
gex
rxl
viq
bord
bqvk
bfaj
ito
bquy
jcq
alqn
lbj
oqn
uah
broe
dks
hcd
hzq
ahpy
aqkm
bhqw
dvu
afy
bhmo
bkgr
ngj
bknd
bgfj
ltd
ajpt
boia
bgfq
bpls
arzf
agle
auyx
aflo
asnl
adli
amct
ahym
aomh
bax
swq
ofu
aorc
aweb
jar
bani
apfc
acsu
ckf
apxl
bljy
elk
ugk
ziu
zpa
fxm
aigz
ayoh
bhzv
kew
gnq
hnp
akep
bcqo
atei
pqi
bva
bseq
wni
ecf
acev
jkr
bhfk
alir
eso
ajsk
upz
ajpv
boqk
ahqx
anjl
yas
bqts
lmt
ardh
aoux
psb
usf
nvf
vku
azjo
swu
bfjp
bpru
ydn
kjq
pec
mdf
jnh
ambn
azgi
bqyj
ajuf
cep
asgn
cog
nb
anjc
aczw
bnjx
oih
ebp
aqh
oea
apiv
anvh
bfcz
bogt
betq
agsd
agvj
hun
kjh
brfl
iky
atkr
anuc
bgvf
ufd
bqgz
rlf
bchg
axtg
aijp
eu
ajpf
vzl
zry
ywo
xav
qn
aieq
boul
pbh
ayvl
afdz
ajtw
bmvz
bnxa
bcht
abvs
aczb
rpb
bfap
cik
awgu
aszb
lrf
abhl
autj
aqrd
bfsz
boai
md
aiuq
awol
zfd
hvf
qrt
dlu
bsvk
aczr
akgm
qhk
bmtr
oxr
bkau
mob
badm
siz
avjm
beml
bcrd
ekq
owf
adoq
ayen
gue
kls
vmh
cyq
bagi
xeb
axpg
arko
agpw
agm
zoc
yat
cxb
bawc
eoi
ahfn
bieu
batv
exf
jql
agbu
is
ayjg
auog
biqv
eri
ihz
bdgh
aerf
afvm
iom
blaq
vay
xby
ywd
pdc
aihz
bktr
fzv
axtw
srj
rlp
azsr
vyi
akdc
anex
blxv
bta
nmy
bkow
qnk
aimp
per
bsoh
bkqe
bhkz
bnqp
ayui
pxr
vgq
jqt
bkyt
auvn
bfhy
jai
sv
akho
apfm
ahrx
hfr
aefs
gfd
bdrg
bolu
ocq
bhak
brug
jkg
jqs
bdpl
bnxo
bdgn
bspm
ugb
bshj
dut
akdm
bkhp
bspa
ahij
ham
fat
bnlu
wxb
jpf
wyl
amlt
avxl
ny
vol
bgjn
aecx
akde
cxm
enm
bqfc
baig
reh
ovg
ansg
adys
azxq
hqw
bcxm
adft
avpl
kgf
bcdx
bjhl
ejr
bemc
xih
bsmy
agxd
axco
wgv
wjy
nek
hdz
jte
aphz
tcp
adlc
anmf
bial
bqrw
ahyt
agof
ayg
bidx
omy
aysk
zop
msq
atyb
apwl
ahmg
ruj
aquj
aejl
aqtj
aupn
agjt
ocl
tsq
ankj
dag
akvc
arwg
bsir
pmq
mdp
vdq
bqnt
agtf
ide
bdyc
rzi
zys
bskt
ausw
amhl
lmh
azrm
pcg
bjiy
axvd
xg
aghp
bgxo
auno
rmz
bnty
tmy
tdj
bgfa
tmo
ela
awz
brky
atom
axwm
awup
bqlr
afkw
apjh
zef
mnx
arpo
lyr
bslc
iew
alsf
aulw
blhx
azct
yvf
gvp
blmn
bnvc
fre
rsg
apjd
pbn
oxp
admu
bcuz
aion
apbk
ampf
blqh
zab
naw
abec
bide
abpg
be
anym
bsmh
axyl
auly
akyj
awyz
ahsz
aduq
dbw
akmt
guh
brnm
lmy
bsdc
arjc
bsyz
fgu
bity
amwx
hqy
oy
ryw
fcs
bjmh
bclq
bixy
ahzj
cyr
zul
amij
zsk
bkey
amcr
bmpa
cjy
bhec
baul
suq
aizd
lvb
aujz
uni
dai
ijf
fdc
ajhf
adwg
clq
biwl
asgt
bhdf
bxg
bcsy
bhtq
agfm
mxa
aywr
ubt
autk
kle
anh
bjcx
abzv
vst
fpr
eft
amed
eia
bpvn
zpk
gbp
lfy
actq
dis
aqyr
bizq
bqpg
ix
aubw
bquv
bher
jrl
aiyq
adiz
qvj
agw
tak
yvb
bnts
aqoc
wgt
bjdl
afus
hva
awjv
coz
bjfa
almf
ahlr
alsc
zwd
agry
zcp
fjb
agvy
arty
roe
aozs
avny
aplr
afyo
sax
bixq
wzm
adqh
ncp
lez
abds
aefw
meb
bled
jcv
bols
aiev
amcd
bawg
bfut
brga
aqte
apjc
zbi
lxd
aqb
igp
io
bjzq
bkhe
gzj
bmcl
nhc
eji
imj
aqxi
arqu
bkls
eqf
bgqt
aiuw
hy
bamu
apzb
bswk
bdrk
ajcx
aukb
bose
bodi
oxk
obk
aglw
awlp
agku
adnv
bnkt
bovd
kjd
bstd
axzc
beah
bafw
ybr
abth
avwn
bcyk
awyk
bpzm
bqcn
kxl
bnut
bcop
abek
arli
auge
blzy
bcol
bkpt
dxr
cks
aicb
joq
adrf
aryx
qmy
jqv
ahky
rhb
aexp
axvh
boew
aygl
abnz
ayeh
ogq
bhsg
biln
aykw
aeh
pbk
behw
rsw
bmp
rdt
mip
eur
aswb
xmz
arhx
bipm
fjz
lag
akot
ocv
bowz
qli
msu
blfc
azms
uqm
adty
wkz
nls
abhq
blax
bzx
gnb
aspj
nck
hox
aoym
hae
aqdx
bcra
nty
syx
brzw
uip
bhfc
bltq
yvd
gsv
aqtx
aqns
becn
avkq
pdm
akve
aurq
anom
bqad
amth
agqu
azhu
adqw
adck
awnk
aiwp
albd
apqy
rdl
aelm
abxt
aimt
lp
hji
anpy
pwc
qaj
vfo
jpo
bfjq
bqhj
balx
bdqh
anyt
avpz
wdr
azit
gzn
binl
svq
bihz
zna
brcn
dfj
aiqv
atzw
pqj
avol
adtl
agmo
gum
gdi
agow
afzq
acok
atld
bjgu
bhcf
cjz
knl
yot
mab
zgh
axbm
tci
iyb
bnjk
mud
wgr
pfw
fo
tv
acdf
boif
kdh
atoq
zfp
kyq
brhd
tgk
apzy
awql
mpe
qbh
agmp
amvk
kua
sjz
akxn
arkp
alow
aojd
mpy
agcj
blap
ayde
qka
asgb
bgix
ewo
syt
acuv
aqko
aqyf
blsx
auet
uxd
lbh
bflu
nrh
asgu
bgzd
svc
bfxg
bgme
bgpn
bdfk
bivk
wgx
aipr
qzl
bfyv
yna
aoqs
pzs
ebf
bdqe
axub
asmo
yru
ajwf
efs
ahou
ahmv
bscl
bkxd
yez
aqur
ayls
avsx
xzb
ajif
rag
gtr
aetf
xai
amdx
baqy
tcv
nzb
bhsq
bgzj
beif
aegq
baoq
bnyz
vjq
sxh
brzi
bkrq
isr
uge
avwh
uqd
aquw
ozv
uhy
ajtk
aqyz
vrw
tfo
pab
aeju
acjv
aybs
bptv
bkyi
alsh
pua
agmb
aiup
xwh
nzl
bfe
agvh
aknh
aqrk
akts
bpsn
bmn
idk
ruz
dxi
flz
bfgc
ole
bjke
atqw
aogw
acyn
njz
afty
ahog
eku
biza
kbm
ljp
efv
bdoh
kcx
akic
bmdt
alew
eba
ivf
asfy
hgt
akvh
afnt
aksd
ahbm
alcj
bona
aesb
evn
auvh
arlj
bipe
buc
qhe
bgk
bswh
afvs
anvd
jop
auwj
msn
nik
bpmh
gmp
atbn
xab
lzn
aubf
anzq
agqt
aerk
anmr
zkg
hjs
czg
dka
bgwe
ojd
muy
atwe
cmz
qfr
biry
bdta
biuz
bdvu
aopd
aose
ajqr
ces
aqmn
wsr
qbx
aind
agin
bmhx
akcb
auwy
ayf
azsg
okq
bfad
bjgz
dqi
pzr
adjs
alzo
bjfk
abnk
azqf
bsod
bkyn
hbf
lbz
bmvr
acm
aqp
brsy
aidq
vzc
adom
fkd
avmz
akyq
auqw
azxj
bcae
ytj
baqi
bdqf
fsr
asjq
efi
bpoc
ajcu
cnf
enc
auyn
amfh
afvb
bpjv
go
igt
akfu
bpng
qla
atqm
bdpi
siv
kut
bmiv
ycf
apif
aecs
lat
ski
wav
asek
bgko
jbl
alkb
zqp
qxo
wy
lfb
bcom
bjqu
gsw
poi
rzg
bktm
rvc
aewm
amzk
bsjq
bcxj
fqu
mpo
adc
qg
akpq
blcs
auks
aupt
blra
bong
bcpv
bskj
h
ajrb
uqx
aqwl
bey
apfi
bsut
abdw
atbw
bgpv
blec
fdo
trg
asuy
bfgs
anrb
apnh
bgwd
inl
amjf
bsev
ailp
ets
atju
evl
dew
alit
tyf
gqx
blyi
aowb
bkmq
sqn
giw
ibr
vus
alwc
adjt
fnm
fdp
bcp
arkg
ajno
srw
wbi
aiej
cqs
akz
aftn
ajlz
dmk
bkgd
bksw
agyx
avur
brfe
rjf
acws
emk
fto
bnyp
awix
atcz
dyz
ansu
pdb
aohv
avjf
aqnj
ainx
bhvo
apsi
bgnm
avuc
avjr
bkzs
bdjw
tms
zgc
azuq
asdy
blz
pbm
ceh
pcv
bisk
rma
vgl
bpck
bqei
acgt
auod
axkw
pfy
tuq
bhnx
bdvk
rzm
bmau
ahnm
abdl
arhj
loe
mr
ygz
sbn
fcd
awcg
yui
mcz
ait
ajzo
adhy
ahye
spf
dyi
jbz
aiqr
arhk
aysn
gfk
vry
jh
aiy
aygb
fip
atfi
jdu
mgk
xyw
aqms
ajnh
acpg
bcpe
arpm
eut
bogz
bnsh
adzn
begv
aypq
bfkj
alcq
ahyp
qvg
atiu
acvi
zjm
khe
twn
boep
bdcw
kze
bfoe
ech
brnf
hoe
akqm
myu
woa
briy
ugo
blsf
bske
xbn
ahwe
mbz
ybl
zcd
bfok
albh
dui
aybi
bmad
blj
bktz
my
yz
anqo
rpi
ahbq
ajhs
asig
bqdr
ydo
afcv
awg
xya
ayrs
nwu
rtc
amey
agdy
bdwq
ahsf
dg
auvm
ghu
aqik
riv
bfqy
jgu
armh
zme
ahot
abot
hxr
aifh
oht
waf
bone
xly
awpf
akjq
hfx
bkuh
agkn
bsyw
hmr
anmt
aozi
axcz
akf
bsvn
tnr
bpvg
aejf
hin
aozu
awfi
azsw
awdy
ared
uvc
bahq
blky
fqc
zju
blng
k
bhag
ayuz
xbw
aquc
alpq
nip
dmp
ayes
tyj
abjn
ayks
bhop
hxg
hsg
bpwj
baie
abmk
mwq
vmq
bphy
tzr
ahbu
vxo
lac
bkry
kzh
bqoj
kbn
azvf
es
awih
anlc
czy
bcut
bfze
bdlk
amue
awcz
xsw
ezr
bfna
arht
gzh
ais
br
lwp
ajsu
bfnc
bcda
xma
altu
lxw
abkm
qzi
atlm
hza
binc
aonv
atwy
aidp
nvr
mye
gyd
udg
bics
ahbt
aebz
brei
rfm
hne
bdla
des
oib
smo
aosv
fux
bhlk
bcmh
hal
vhs
aiuo
ansk
aliu
bacy
auih
arpw
ajet
oac
aslm
nzw
jmh
afuh
lkr
bkyw
eob
bchd
dvw
bjdm
aubi
boyd
ois
kw
ian
bgzn
wjn
aug
wrf
aiwf
acqh
bstu
fzi
bqyn
aozn
ehp
biqt
bguf
briv
agke
akun
bafn
pki
alfh
batd
sgx
db
yis
axnh
arog
afvx
epn
bmcq
atdl
grk
bdzg
anhq
lin
bsol
bjqp
bfjx
ajxh
yxl
aqct
chv
bjuc
lab
bgie
ayit
bluy
wsh
bwm
nfs
auwr
scn
bokf
acbh
aubk
aehd
ibz
abom
avgc
myb
azoc
ajt
bpjn
zce
aveh
bhid
him
bjqi
avwt
asgm
ahod
da
atnb
rja
beoz
bnel
bmfd
abid
bosr
lqp
oqm
pbd
brsj
aepv
baoh
avdb
bmeu
bozc
blvg
hxb
slk
dnt
gdl
iyo
bnez
aysg
gva
azcj
axig
xjt
bdr
bjtf
vwg
aftm
bihk
ajtl
bmkl
bsr
nwi
aqcd
bsja
kwh
mag
aorg
ajrs
bqvr
syu
otg
bowf
xtg
uh
bory
ajbu
vhk
hd
kae
bfxh
afjb
afgt
umb
mva
cnb
agpe
beta
aybx
bdwi
blfp
bpyx
bdnu
azhm
arpe
bgwz
agvl
uio
alsk
alqh
aekb
awsl
avnk
autr
bgyl
nju
tqa
bocn
bnfo
ayxq
cus
bmsn
awmk
atqj
afql
aqup
hid
vgb
bpns
brvi
uox
atne
adjv
bdhi
bgas
gpu
aout
xge
akdh
ikz
kex
fek
bjoy
cbe
absu
aosf
apcq
lc
wat
id
xna
qvn
ayek
aqhb
poz
binp
hre
aenu
aybf
anzh
aejq
ioz
azsh
vht
amhj
ampx
adbe
aqmw
auvb
bgau
ajyx
dus
axki
abyx
aiel
bivm
bfri
aoxn
abeg
atqc
axwb
biat
boml
tnk
sgd
aple
bhum
atgi
bckr
gat
bqhd
kyh
ekm
brlz
afup
bpyh
bedl
awdf
bci
bjt
ahxr
bqyk
bmzj
ahku
bgnw
hiu
ayzl
ih
bhwg
bdit
bfwl
auln
aolb
aob
zgy
belg
aijo
admi
bmyt
abgy
abct
beon
koh
bced
hev
bgqh
zdv
sq
bamp
blcz
fb
aezb
aspi
ihq
zpy
bsvm
aog
tfj
ayjh
auyh
cyk
bjzh
actj
bqet
ajqg
bhzs
aduh
acsg
anpd
bpnq
axeh
bmcw
vpq
bnzd
anfl
amhq
cdi
bowi
bapc
aior
tsj
bevs
rkw
ailz
aygs
dfg
axow
asu
idn
bliu
ahxi
blfz
bhut
biyt
auhn
fw
axqo
bikr
brzx
ezi
rdf
kot
wrh
wcj
kib
itz
edp
bhcg
asqk
azmp
azco
sjm
bakz
aqes
awuy
besq
ipf
cgv
aowm
almy
akvf
aemv
qkc
pdo
bfuw
swy
pwm
bhsx
oip
bkso
bigd
bnlz
apmc
yxa
kgp
hfc
bmxj
dlm
bakm
blq
blmi
ygu
imt
alsy
ahkv
brtp
aqi
mzt
tsf
wfr
amjn
nru
sjy
asuz
ysz
dpo
amni
atic
bdrp
hkw
fid
nkr
adem
apnl
bsxi
qcj
back
nzi
acpb
bgms
axbe
bkad
biyl
bizf
agri
ahxe
bgue
bstj
astf
thr
beuo
bkdz
boam
asoh
wje
apml
mki
atyf
isz
pcq
avjo
adfw
awdh
xaz
ahlx
vlw
bmud
wvq
bglj
aoyv
aoyi
ajuk
bszc
aist
avze
cey
azmt
audk
awny
beca
gso
aope
adbr
bmlx
yno
bliq
aymr
bkac
braf
drt
aevn
aeiv
badx
bpzo
axnt
bjau
aejp
yen
aqew
zln
zky
bent
ius
shr
atxh
rms
areg
bmcz
yap
amzu
bszf
bnol
adjw
aegf
ayhm
gkw
bfvl
awmx
bhgu
huf
cmr
bpwu
bdwm
bwr
atum
bhmw
aupf
afz
amwu
sjl
nps
zyw
bgw
cnj
bqoy
aklg
azsn
azyt
bjoi
sra
avzt
ahle
blym
bdax
uij
sz
rob
crf
oiv
bhce
agon
belh
ynq
blx
aqzv
dpf
syl
bkyv
bncl
kin
tar
end
bdiv
mgl
azgx
adfj
apko
asry
bset
bguo
tlz
atwi
ayoz
zfb
xyr
jpu
axzt
bdpu
aojc
qol
taw
fes
bhai
cds
ayjk
aqer
ke
aupg
thx
mcd
anyh
lqk
ysb
qct
bkvr
bjmp
avyg
areo
bdkh
arbo
bgyc
azyp
inw
advu
alfk
jgr
bdkj
anhu
bnpw
rnz
bndt
akdx
ajrt
aebf
lie
asdp
bmev
qio
bkzc
dqu
bgul
niv
bsfi
acfr
aeqj
bfpj
bldq
bmjv
bojq
agbx
otq
bfzn
aipw
cer
boji
anxj
cwv
adbt
ufx
apnr
bnvy
sze
adnj
hcq
xz
acdj
bqhp
jec
aznp
aoep
eko
awnl
ftd
erg
bhny
bjfz
afbq
banl
qcr
cag
avxd
iht
iwl
clh
axid
bctm
arcn
iq
azgs
qpz
bfnm
bfou
muo
lyn
bpe
aqrs
aqvo
qlt
wvh
gut
ikb
aylr
ayxf
bgzx
slu
lcj
sjx
sgl
ova
abwu
anvr
udr
awmg
rwp
mbd
nde
edz
msa
bdyl
xdj
rks
jyf
azig
egq
oyh
bfxe
ahwy
biaq
arbv
typ
ocz
bavi
bdzv
cpb
bmig
axsz
afjk
avdl
ahw
rtw
cvp
foj
avfj
aegh
bfps
afox
akoh
abon
flw
aoxp
nba
aiod
arzw
kqu
syh
azjn
xib
tdo
ehs
blnk
bqjp
tqf
anre
azby
fad
gpq
rpd
bsil
ukc
bqcr
iol
luz
adyg
thd
wqf
jms
bmox
mre
wnm
bgod
cpj
awvs
apny
nie
anih
ufv
anfk
bowd
ndi
alfx
tl
roj
azsy
abuj
auoe
bdhe
befn
oi
adbl
bjxa
axt
pwb
ldh
apku
rfc
adqt
baks
bdig
xiu
vqy
vtg
hwn
adbv
azif
ymw
acsq
aruo
qfy
bgvn
amrk
gcx
ksu
lgd
avxc
nto
sgn
amib
anjg
vwz
htx
zxk
bleo
aifm
wjg
anzk
zey
auhj
adge
amwf
auqc
axfj
yzs
bczk
aztl
aqgm
xqo
wai
uqo
lm
agus
awoe
fco
blfg
lsd
brvj
auhx
rse
gof
bahl
img
alng
bdaq
bacs
agzi
awzf
shf
snr
vie
ancg
gev
haw
bslv
jhx
aoqi
bfmo
alre
awh
uqy
nrg
bisr
astz
bgyj
akvq
bhfo
afcn
acbg
acdm
cpu
aewl
ysl
wti
ai
dhq
bqzp
hdp
aqtf
atfd
auos
pcw
cmw
ztq
lr
dji
avtz
ahci
jta
bcok
axyh
exy
bfti
akbv
bsdl
cie
aerc
hlq
aghi
aguo
puq
dht
bryz
aqus
qzf
bjfp
acik
bjfd
cda
bqvz
aexz
gyi
bkgh
fbp
agpz
ybt
afih
bqdu
cev
bmji
azlv
bzu
vkb
gqs
bftj
ody
jfb
atxl
tpk
abzj
fbk
abqm
bihr
awj
gok
fiq
apne
apik
vef
avcf
besf
amdb
uva
bfyc
crd
ays
bcvu
aptf
aojs
btu
wra
apjk
aibw
blnf
yfa
wql
bqkv
lqc
fku
alxm
bfev
ugi
agmi
iph
rs
gbm
brpk
ahrp
azkn
vtk
lva
gvb
brjy
afwc
aoln
tuv
aqzw
bgxz
balw
bcqi
gje
ajes
vmy
suz
auck
blts
ahmd
blgw
ra
ahiv
dnc
pjg
bczv
tnv
bqpd
alzw
qia
atbc
aoeg
ajbo
htp
bsey
yvt
qfd
ktq
xif
eis
bqle
oes
blkr
qyp
azgu
seg
qjw
aszi
qlo
bmq
agoy
amsw
bkpy
akpv
blie
hkb
bgrx
aspy
alth
bels
njk
egz
hfw
bld
thu
awbj
acom
zmp
atjh
afkb
azmb
aigs
ajgq
bpgo
bliy
bsfe
uir
zot
qmt
mrl
apw
wld
bnwz
brlu
ahql
bmpt
blzk
qf
atlj
duv
auzq
atdh
gdv
bhvw
bfgd
akds
ejx
cqn
aerp
ztc
pyl
aoke
zsa
aiqu
hif
aehp
bnqf
jlw
bixz
bpsa
cqr
pws
se
bomy
