f
n
c
E
hw
fT
M3
j5
Y6
fw
V0
o_
CM
CS
SY
dJ
J6
rX
h2
zL
iv
ls
gY
i5
J3
50
vO
eJ
x7
wV
eE
fU
l2
jr
hi
k8
k12
M6
fA0
eux
rW4
bNU
msG
mxD
cKN
fjm
cv9
vH0
bW5
pS7
S4_
tZ6
UZ5
bAQ
nov
dey
szB
AJN
dH0
nwM
nLO
lO4
dFH
DX8
dw5
iwz
dS0
iB4
c34
bC1
mpq
CHM
zEU
GK3
tzE
U14
brG
CSW
jO3
opD
xC8
fkN
lrx
beg
cko
lnJ
ktE
abw
MNY
aqU
EOQ
fEP
DLN
E15
eAB
bmK
bCM
fqG
EZ3
oIO
PY8
GQS
r1_
pHW
bfp
xBS
eLW
F49
vER
BMT
VYZ
jEN
qsE
S38
kpO
zN_
aRU
aV2
gsI
bi3
kA7
fNZ
IW9
GS7
stU
aY5
fGY
uvB
y17
afw
nvM
xL4
xS_
gEU
fu0
er3
qT7
qs8
tOT
y25
hs4
ber
QZ7
BDF
psD
gBP
Q67
wMZ
aC3
hRW
owY
MQ4
bA5
coN
DN_
hls
mL8
inC
bX1
WY_
hR1
xU0
qYZ
knF
qAT
T30
LQ9
yJW
oOX
n6_
boz
arv
svQ
pAU
cnZ
lLT
exA
czQ
IKX
mD1
etM
HV9
hu1
cvU
cvJ
stC
lTZ
knH
GK6
DTY
qET
tFP
vV3
bBP
xET
pCO
yTW
ntI
xIN
isZ
btT
pvE
BHO
hAZ
IJ5
RSZ
sDX
nyJ
szJ
PXY
crS
jwB
fnz
yO7
DEV
INR
fw3
gQ4
lyK
N27
W29
jrM
CK8
nwH
fH1
CNV
xz9
anr
xyR
MRZ
xN8
ry6
bd5
tW5
oLT
zIU
iwR
mP2
zCD
eFT
gjq
z47
tFQ
ty6
lpL
atD
bEK
gvH
FY2
rD2
KL2
cyZ
kU4
ftK
sIZ
arG
agy
kCU
hIY
bKR
N14
lLN
XZ1
pKW
bvE
FJL
qO3
w56
INT
ILU
myM
fyz
gDF
JW7
svE
n60
QRX
oqB
iwD
clL
cBC
yD9
bqF
dkC
lP3
uwT
ce5
vBY
am5
bgJ
bw7
fg2
sBI
ptL
sv0
iUW
mNZ
cfC
yzC
24_
gyM
bHQ
NUV
nB8
hUX
bLZ
ct2
wVX
mMQ
kqz
ipG
hMS
vVZ
t14
gv0
vNQ
apM
kyO
cFS
ITZ
lS4
orK
p79
jVY
wHR
cNW
wzB
GQ0
q70
cTX
EFO
m0_
ht_
eH8
rx4
bpI
ir0
ep3
AK9
hw8
QRS
kvG
bFY
DHN
twK
axJ
vCP
afK
vA5
tT1
vDY
pzN
lQ0
fBG
wFW
lyS
rJK
bfl
stz
acE
iNY
msW
evQ
cqW
rvw
mE5
gEK
o58
kD7
k46
mE9
uO3
LN_
uKN
JY6
swA
JQ8
EP9
lzF
aAS
dk8
hpL
ayS
jCU
kpR
fs6
uxP
EH4
qS_
hIO
Y69
e56
gzB
d0_
qMU
dnD
nKT
OQ0
buH
de8
xz6
bpz
aMP
DSV
duV
F2_
apY
nwN
mI3
ik5
kG2
126
GO_
g30
AFK
irB
EN2
pY6
OW6
kG5
ctR
nP5
bI6
bY7
vCV
dlF
zZ4
vxP
diS
yIT
jNU
dS7
cfA
bkV
glL
p59
hky
CL1
tw3
efw
oDI
fq8
HQ7
jnN
CKN
K37
qV2
iuJ
nL_
aCS
hl0
bgj
hU6
asT
oE8
ks6
fjA
FMR
cyC
zB_
HK4
kXZ
hmH
npt
FRX
xHR
nH6
ATY
fmB
P29
qzH
EL8
eyU
lDF
m56
pAF
pT5
FST
zX2
fKN
mpH
BFQ
mEY
bMN
K19
hD9
bdz
hsU
JO1
uLU
zIY
S20
AFN
CP6
kO_
cHJ
bqy
otI
fz3
r29
JRW
arM
gKO
AXZ
D6_
zHJ
nK1
iIX
U29
hy1
fvY
OP1
bqr
fV6
btw
hsC
bvZ
FRV
wY0
iv0
DI0
htz
CL6
bjt
nDF
tGK
bzN
yI2
ltA
noY
eK6
YZ9
AR7
qG0
uLQ
AJ3
jG9
vz8
AO_
pw1
jsW
ci6
EF1
pqZ
zOZ
zNP
jLW
hoC
hlB
wzX
RZ8
loC
AOT
lA3
sL2
GJZ
rDI
hv3
jsO
lu1
dqF
krD
O12
ER9
esJ
wHT
mEL
mKY
bNR
CDM
iyF
pO0
rDO
yN9
gpE
gq1
buC
jH3
atN
qDF
ry5
qt6
GL6
LV8
C5_
nPZ
kn9
o24
DM0
OU8
tV0
luI
sv4
diO
LX2
yO0
mps
yHR
yzB
ijp
wLT
vDL
itO
ru9
bKW
qIQ
bm4
rw9
eI0
kqB
ajY
ikq
GJP
uvK
K3_
iB2
qNW
JT4
jAK
rvV
qxE
B79
cFX
qA4
cM9
hzH
aE4
uCI
acW
IR6
ku_
mtV
asW
uH3
cgm
juY
ceY
rF0
no8
uBL
GHX
xO1
iCM
oEI
GQU
BTX
qxG
jms
sJQ
tJO
dV4
pV0
sN1
W89
nL0
btL
jyQ
fEZ
ay2
fhK
IR1
acB
bgA
aOR
bzO
bzM
DN6
tuV
ST3
ceN
cZ9
bKO
LP2
LZ5
env
bu8
dfH
i68
zIX
QUV
eV5
hjs
FR4
oW2
jG1
mDS
iT1
fFX
kpt
aB4
dtS
A14
lY8
otC
gzP
dmx
AKX
fuI
cgq
dP0
nV5
dL_
dxO
xK7
hJ6
crX
gzU
bly
rBL
JO5
mFZ
DFX
AF9
DSY
eFY
yAM
IN5
alT
xKU
dDQ
MOY
glT
uW0
TZ5
xNZ
dpQ
bpR
xV1
amC
pAI
sO4
zL8
kwO
EHZ
inz
IV6
hB1
HT_
bTV
KRS
oB_
imq
zRU
cpN
imK
grP
uyX
euH
wxJ
aj2
irs
cO9
vJT
hw0
gnx
R6_
nT7
fjl
g60
fi1
dr8
iU_
aC7
elx
dmR
qSX
CF2
LZ3
fg8
cAU
abd
tvR
bu_
mGM
yPU
enE
rE9
RSX
suT
rtK
puI
fvC
wH5
ew6
jC7
fs4
xAM
iHN
DKL
otZ
qtN
hlp
iy6
IX_
sGL
hK6
abo
zA2
qCM
qOQ
aNW
kKN
GO5
TX1
diB
lU7
iv7
zOT
sxH
sw6
m17
GMO
qy6
kI4
yOY
CT8
b7_
vwS
iJ6
g47
lou
mTZ
dhP
CL5
eD3
v1_
BEU
mx_
yEW
Z28
aB3
CJM
GIT
jow
aeE
RXY
lpS
cuX
aes
hEH
oN2
HIY
rJV
q48
mM1
lqB
oT2
rt1
fPY
tzV
pP2
gIR
jmp
yV8
aGQ
cLO
czG
bL3
KX1
hZ9
bcJ
ouB
rzI
nGH
aOQ
eA5
klz
gxA
xI4
DY0
kZ7
fx4
ay5
vBV
jzC
ij2
kE4
wR7
AJ8
fD4
iKR
ps0
sC4
adu
dPW
kzA
JNR
yMS
U12
JOZ
pO3
or5
qGP
dtX
kqX
boI
AMY
COV
hiZ
fh2
AX4
koV
lA7
iu0
jzY
pY9
ajV
zX4
cOW
yEO
oY6
lr1
CU_
ipt
lp1
iwy
EX3
ayL
bDZ
vMS
lEF
FR7
rtZ
vV7
bF1
RY_
uK7
bDE
JNO
asu
dGM
ijH
a29
hsv
ntv
hLM
lrX
mXZ
dH2
qKN
MUV
bjV
yQ2
wL1
mY9
CIP
ovE
mzW
sRZ
hV0
rOT
aXY
evF
uRX
DOW
CG1
jEY
eLQ
bwA
nvO
hDL
pV5
cC_
cGM
zBK
NY2
gq8
kwI
GW6
gJR
afo
sw8
xDE
iF5
DOP
sMT
NT7
bLW
ehW
eoK
hQ5
qyQ
m18
tyZ
ep0
rFQ
V29
az5
d4_
FGY
pst
780
tG9
bm5
UZ4
hJ1
DF2
xQ5
for
xLX
BDQ
NR1
fGK
yFY
klr
CX0
hrx
jU_
uW8
JR8
cnB
fsu
ms2
mB9
kV2
ruX
ckI
iGP
EM7
vG_
pvC
AY9
rE5
hxA
swT
iNV
o30
az4
u0_
hn8
s1_
iCN
cIO
sZ5
ANU
fzA
BN5
uU1
Y47
ES9
eZ5
aKL
BI0
sIV
jqU
IRV
glX
eB2
dwP
bMO
dH1
xyO
rtP
XZ_
fuE
nsK
fqB
f18
lrN
jEQ
nG2
joL
nzG
AZ8
jZ_
fwR
gxW
izF
mz2
cP7
jwM
bkv
qKL
249
fW5
sQ4
DUV
gkZ
gm4
yXY
zW1
j4_
glW
yDH
cqK
lvJ
nIW
hz7
zY8
d67
jn3
HRY
g90
hC3
gB5
kY4
DL9
hAT
wx4
bhL
m37
IJR
dir
fvZ
ouD
swS
uDI
ftu
mqL
imW
qCI
pyU
i35
ozH
bzQ
cV_
mqY
M45
jJQ
lDI
iIL
kU9
DPU
eOQ
bJ7
O30
uxG
qzQ
HWY
svB
y70
qQ7
bcH
tY0
azV
bHU
ehH
z48
pq2
hnA
pu2
sIO
hp7
rCL
xWX
fgR
fiR
hmQ
rsV
SW8
gzC
yOT
dS1
erT
jnu
cGT
bT7
eUZ
lZ3
yK8
wy4
J2_
HI8
koy
lpO
wJW
mx6
bY0
xQ1
bq_
uF3
MS3
cM3
567
fi7
zPY
GRZ
wzK
xAC
hGL
vA8
hwE
lEN
fiS
fvA
ejB
cW4
aqJ
ej3
kQ0
mnI
mS8
r27
mX0
buR
pA1
agK
rwY
q30
QYZ
eOV
ltZ
lmw
kLU
vwR
syI
oKR
GKO
gJM
alu
zKT
xP7
nG7
rNW
ewz
dV_
fgl
bgX
mU4
fwN
yGP
JW8
x3_
pwY
gzW
kD1
mwx
tZ1
xW8
vBU
rEQ
FN7
rI6
FR9
dW5
R79
jo_
DZ4
lT0
qV7
aU5
wB0
n38
Q7_
rBF
pQ3
cjY
vD3
hkq
dmT
IR8
fmp
sWX
jU7
hrF
cdZ
cmG
ekO
AD4
wT_
qMW
B49
hxL
aBO
X80
378
eyB
lEL
rtM
dkY
hpP
cuJ
kPV
R8_
rtD
krQ
ky1
wzI
I79
hL4
mR4
bF9
fiK
OZ3
xSW
tDX
bU7
oxV
mtu
oN5
lqO
jS0
AFW
gJ_
sMZ
orZ
aMS
jFI
ILP
hM0
L4_
ceZ
EZ9
cfk
mqK
puK
xOP
kFI
ovJ
hlG
lqu
iC0
jpr
dGL
FK2
pE8
xFT
nzX
oM3
x8_
ev5
ko6
bU3
uDO
S19
nsW
ipE
cY9
atQ
dU2
wJ7
aru
stA
rz8
csD
fB3
GOR
brI
iEV
HSU
qG6
dK1
CY5
beQ
asz
xT0
iGH
cHW
jpu
lsy
jV7
nH_
sC9
fYZ
bL4
JO0
GTV
aiT
quB
fpM
qR7
460
fwA
tIX
hI_
bKN
qMS
CIR
jU9
jzV
kN2
oX9
OW1
bdy
HJK
fQV
jl9
RVW
ftA
dtG
cz3
esy
Z5_
bgY
fhm
aW8
K56
aq5
bjs
clw
CRS
G5_
gDN
mnM
iOU
dg4
uOS
CY9
dBF
g40
pFR
F89
ATZ
tIM
b34
sv2
fU9
lqD
pN_
hS9
lmr
mw7
uHJ
gMO
PSU
irt
mq9
hvC
hR4
ceO
AU9
uA8
KMQ
QTV
uF1
qyO
bhV
fxB
JL6
CDY
nA1
hiH
BGS
hqM
pKN
qGQ
BMY
oZ1
jV2
uA3
oQY
Z50
r68
IZ9
gmG
dk4
ex3
tOR
pvD
cfK
pJT
aFP
fjq
gK7
mx0
oO6
fOT
fJR
uLT
iwG
dBU
A60
cJU
lsz
IK9
tyD
hLY
vG4
sJ6
NT4
Q13
tS6
cdo
bvX
gnE
A1_
jwI
hk8
CK2
BD1
eFZ
egL
txG
HO_
jpU
AG3
eyT
br2
dyz
vAC
rHV
st_
qE0
ajW
VW3
iRW
kmG
V90
zEK
gFJ
dpw
vQ1
xP5
GZ1
qJ2
uST
jsI
hqJ
qrs
qL5
knr
dhG
M40
NY3
wx8
dAW
jRX
jK8
czH
dP5
swE
lR3
dpK
qH6
vJ5
ezC
gk0
hEX
dy5
dNY
cx1
tCW
tDV
rHM
jAT
oAK
yEI
bO2
ct4
cl0
doK
ah4
rF7
swH
b40
rR8
JW4
dzJ
aCD
wAM
FJ8
oF3
GI4
tvx
hH5
hjn
NSW
ER1
vD9
sJR
DFM
nI4
aM_
rBQ
frR
lAZ
mv8
hkC
jz9
hX7
rSX
EJ7
hFK
fkD
rEL
rzU
rHX
z80
luJ
gN5
gh5
OS1
hpZ
EXY
cA0
bCJ
wU3
yX0
ptH
uvL
kqN
ijT
vLV
qvZ
bEY
efY
hq_
mBC
bd8
HL9
oAP
mHS
vCU
yJX
frM
ewF
W12
iD7
ltF
NYZ
PQZ
iKX
wPS
kLP
kGV
svx
be2
UZ7
C18
cdf
dUW
wDE
d49
doy
u67
aM5
gkL
BJ_
frC
H2_
M35
i80
GJ3
hB8
lyG
IN_
e23
hHW
eq4
S7_
OS2
kl_
etW
uZ3
zUY
GPZ
lB3
wB1
EFJ
dkK
ipY
tx4
rV5
kF_
jsv
cEW
wyA
qW2
E59
IK5
UY_
biU
jnF
hjR
lHJ
pvJ
F57
pH0
EV9
pt9
gEP
lsV
rI0
npY
iku
eO5
R23
lsw
HR8
u7_
sv7
QUW
xIZ
BK9
xM6
UW4
qB2
lAO
arx
tPZ
z35
pzF
nF5
ayA
bvD
rL1
nT5
fs5
xFK
rVX
cIY
koM
JUV
vTU
ftF
EP1
kp2
sBL
qsP
ALQ
RW_
fX5
grD
oZ2
pvO
IOW
eC5
WZ_
PZ0
lGH
wBZ
FH5
CW8
pT8
IW6
IM4
noM
uEG
jGH
tLN
QUY
giL
A69
dlp
uL2
kU3
uLZ
qzU
bJ5
ehR
kL6
bdN
ew5
bQ5
ad0
iqT
dG5
xM_
fqQ
imZ
txF
nR7
QS_
bM3
SX8
kvF
N68
dR8
bwS
qNQ
nP_
bC3
FLV
HW4
dl7
boq
ij5
ijU
HN2
DVZ
gjT
ruA
fuY
iy2
iMS
oOT
dAH
OUX
fnE
yCY
xD1
hj4
uRZ
cQ9
asG
dDG
sBP
mKR
sD8
RX3
CDS
CDQ
HO0
cdx
btJ
bO_
TVX
fx3
qPW
syS
wxW
OZ9
oLQ
cPY
btX
gkD
hGV
L50
jEI
tuw
yC8
dmS
lEW
mRV
AJ9
cA_
oyG
iPQ
jS9
aIL
fI0
UZ6
ei0
xRV
dhA
qI_
ioN
bu9
mMU
s8_
jln
anI
ehI
atE
ny4
bi_
oSZ
cwX
FJ5
qCL
qRT
vBT
hr2
bOR
KMO
HMQ
ow5
eG6
KP6
oBY
mBD
HI3
fj2
aeo
jD8
hmC
iE3
fO8
ae7
mxO
klw
acd
lK1
dzT
aj3
ai5
eoD
LN2
oTZ
KW6
CI7
bPW
bk0
egR
cPW
vEK
xH5
zN7
b17
jrR
f80
ntA
inG
gEL
OQT
DOS
vA6
tBJ
fEK
hyE
12_
sU5
mrX
zA9
oEO
dnT
lqv
ip8
fX0
bO0
gXY
aC9
aN7
fO6
GMN
epr
F29
mAH
wGY
QZ_
cmE
ptB
a17
AMT
xIM
deK
uy7
chs
lEQ
np2
kQT
lux
ksT
BH_
ef8
luH
zBC
hrV
suU
sNZ
lC9
coG
uwZ
hoL
yK_
uw2
eBD
hiz
eCJ
EPQ
uDG
ktw
mty
bls
inB
ilF
bcE
pPV
jt4
sR7
JZ7
zXY
fO0
BKV
dT1
CD7
bJ6
qJZ
abI
eg6
apL
pY0
LR6
eW4
x15
cu6
bny
aeK
qwJ
mtX
lwO
qU2
huy
in7
rN8
oH5
rU2
ixN
cKR
pEZ
jz2
IX3
mR9
lwB
lUV
lX3
sC1
lrt
gM1
bU5
oDJ
cTU
jBI
jxJ
myW
fJX
aAT
eyY
K69
vAU
bdv
emA
ER8
i56
bgW
uwS
vW8
ckK
kCN
vQS
sQ1
qTZ
hrR
luY
sP4
TY1
B10
fxD
fWY
egW
LS7
ksC
nE3
wBV
aU6
ijR
fJ3
GNY
wP3
jH9
biH
muF
dgC
nN7
alJ
kyU
ty4
vxH
lX_
fq2
rDQ
stT
ps3
gJL
lL5
xy7
F90
eHN
yR5
V38
D89
SY2
zBU
svT
qST
owU
cGH
kv_
hu4
oEL
jD1
kuz
MSW
W5_
iRS
mHR
bI1
kBW
juy
rGT
iI8
nqD
qQ9
c19
y49
gH4
cu9
rTW
kBT
CGO
in_
tyA
zD2
DEX
uT3
KX8
oKM
bAS
ovQ
kDQ
tIP
IMU
wY7
wH9
dq0
r6_
ANW
KY2
hsN
mwI
eix
lQ4
g78
vOX
vK6
doW
wCR
vUW
cu1
vz6
gCD
br7
gJ0
mGP
jAU
I34
F9_
MYZ
xF9
gCN
ktC
jwL
coz
467
dl2
hs2
nzQ
hqO
mSU
FNT
ALT
qL0
zJ2
tE2
nCP
KZ3
kuV
VX6
awP
mIQ
boZ
I3_
afB
vMW
BCW
V27
GU8
czL
jI6
euN
eL0
nAK
GUW
mAL
tK0
dS3
aFH
vCO
eV_
HS4
yI5
lLU
AHZ
MT2
efi
otN
coH
o57
R67
qFJ
vHV
tKL
kWZ
kDO
CTU
yX7
ipM
tF_
mn3
mnD
hZ4
AZ6
TZ7
nCE
cv6
xM3
fko
gGI
uVY
bqU
kBY
KNR
cpZ
fpx
ls4
ci8
ou7
TU3
pR_
AX1
awX
eB9
fvL
fAT
R20
aCK
W2_
pNR
p60
BX3
itz
DIM
kX9
qJ6
zDS
cqD
kX4
msF
lS3
f37
X60
qCK
s90
gw9
oIR
EGZ
auC
x9_
gs9
nIY
bLU
dE5
bxY
dgY
vL7
AE3
rv7
AK3
msz
yP4
ilU
zU4
BH4
HKM
pE0
ghn
r67
tvB
AR3
mAG
zEI
biC
jJP
aFI
D39
LOQ
eMN
iZ1
amM
jI4
cgU
oAJ
mMY
xyB
pqw
NS7
ix6
ru7
nY_
dlK
xz3
uTW
fR5
sxX
pP5
cs_
kK_
jFP
qJQ
bCW
kpP
sMR
wGP
eBU
r20
oKQ
EHV
EY5
gy0
RUX
lp_
rX5
ly9
cmF
dm_
LU5
lpM
hvH
gmq
jq4
tBD
yzR
ef6
x27
lIM
CZ0
uJ7
Y70
dmU
IV4
xY7
xIV
LX6
uv0
U80
HP3
duM
bv3
adS
xW5
eX9
hoO
B0_
nBI
bO3
T89
buS
zF_
R60
fj5
klN
moG
iUX
RV6
eJT
U78
wX2
lKZ
pxF
zT1
kWY
kS9
nN8
irA
hzF
DHL
nDM
rZ5
gDO
emt
HU9
RW6
bo4
CJ5
AX9
iC9
asv
ahU
aBY
jr_
KMY
qxN
C25
mwM
alP
mnC
bJ9
hY5
IQX
tO4
fE6
nuA
R70
bgm
efB
gpD
GN5
sOX
ax3
W79
QT6
iH_
o1_
bhZ
gpY
czB
gm9
NP6
DYZ
lYZ
aoJ
dq5
grv
fu8
bq8
dUZ
bKZ
wNP
eR6
giy
dwR
af6
cMY
qyL
C78
eGP
AG4
wDQ
uNR
p7_
kGM
aT0
g14
GJ4
qxP
eTY
npV
gip
qD4
lpz
jpq
vVX
gn1
pT7
asP
ce_
cN0
TZ1
hk_
qR_
dgJ
qrN
hoW
hk5
qrB
jkP
gCI
qD2
nLM
p49
n20
zCG
ER6
aE_
exN
QSY
E34
mLT
sT_
dzF
FUV
mpT
C50
j23
nw2
kV_
MV5
e16
huI
lRS
vPS
AEP
JV7
nE6
aq0
opz
cvK
puJ
mQU
fhX
bZ_
QX0
an8
I68
exQ
A40
fqP
bqZ
kl0
bXY
eip
ijs
HW9
pCI
eD7
zM4
X49
cP_
VX1
BP0
wB2
anP
bs5
fR0
twD
s46
oH7
tHW
hjP
