aaft
bmqs
ckvd
cmfa
cvqy
bbvk
aavy
afus
bgmu
cfpw
ckbm
adkp
beun
aooe
bbsn
atql
bcmy
cpyk
bxte
bbqq
ctim
bois
avft
bgdj
cclx
auog
ajah
aspz
auos
bjzk
cqow
ausr
bkwi
aaoc
apzb
bcal
clnt
cnch
bdfd
cibl
bvoz
cadv
abwo
culo
bcub
cdse
aybn
ckss
cosv
cmsc
bfxz
bxsm
asnr
btau
apyb
cqfd
bavw
bjnl
cibh
ckoi
crav
bgsj
bzsp
cdot
bpgt
anpf
auzs
aqes
adlv
blxk
bqrx
crls
cqgc
bzlq
ctwu
cdne
bidy
aggc
buom
ajcq
acgk
beki
agxy
cogf
adny
csan
cphs
bvcy
cftg
couw
cbwl
bqaz
ccaa
cmao
cqfi
agta
cdek
alho
awdk
aaof
bhdu
alko
csoj
atyl
aiih
cawq
cocb
cecn
bymq
bmlu
cpbs
bquj
bdqr
cfmb
bxpa
cbao
bkcu
avny
akhx
cgvq
bvct
acgx
cftp
atxb
afmn
bdha
btjs
bbxm
bwng
cjxz
bbpb
cuia
cquz
abkm
cqix
ciam
akrv
bajx
bsbk
cght
aflu
agwb
cbmj
bbzs
atvo
bywu
ccas
aoeb
agex
acqq
arog
cpht
aedt
bwbl
crvi
bqkj
bwlz
bece
cnlk
bakk
bebd
cmql
caif
bmne
afls
ctqe
asjo
aazl
atwz
bsqx
aktv
aoeh
clzt
bgai
byln
aqli
bzeq
brar
cdyj
bgxs
axdv
cfly
arsy
aicp
cbnm
aqbu
bzbz
atrr
azes
boij
bccr
csel
bqfe
bwug
ayyp
bxyz
bvxx
bpxc
ckra
acej
azaq
cucr
aeqv
bqwa
blqe
amim
clxa
avxt
afqn
bzpn
cqrv
bidv
adoe
btmr
aplq
aadx
cfis
awxn
ccet
cruf
cpcy
amfy
cumb
atdt
aqiq
bhvv
blkn
bxwp
anxa
chhk
ciqh
aqaf
cads
aepb
atah
coxf
clgk
