EGa
JWr
NX9
Ljm
HPq
FGw
BR5
BuS
KaL
MsA
MxQ
FxD
AwJ
Dvx
FLW
IuY
JDg
J1j
JlM
ITB
BIZ
Dd9
Ej9
FJx
Kjq
HpS
JKe
BVG
Hyq
IYn
GRF
Hon
CqP
I9s
MTo
HoJ
KNz
B3B
ILq
K10
AF5
GKv
JrO
KFQ
BlS
EEr
EpJ
G99
KPy
Cx9
JNc
AK8
Kda
Kfz
Cac
Mkh
FF9
Gvg
BZ1
L8X
Moq
NOa
HOq
AX2
C8g
GgA
M2I
M90
MQL
C_R
EBf
IGO
GoF
FAz
Jrg
ECO
MTs
BEv
FtT
Ecq
Mem
INI
Din
Mdq
HPr
C4b
EWn
GFB
LQb
Gqs
NFV
K1N
Kyl
MnE
Mnk
CnP
Gb5
JWb
DzI
Eqo
JKs
JgF
GsS
In9
NXh
EEo
FgL
N84
JIV
D2R
DVK
Awd
NVK
JmX
EOR
HHr
A8x
Csk
D3K
Dcj
KHG
NqJ
MWd
LBo
KAT
EjZ
A8E
KUt
CP0
LXm
IJr
FDK
Hk5
L9c
K2z
MTS
Gos
BGE
DHb
AzR
CoV
Ahq
LvQ
I4O
MKD
Fj9
B0C
JFC
DEB
GfA
C2P
Jbk
BV2
Fwc
Mnc
LD9
ITV
GdV
EVd
IwO
EK0
Lbw
G86
Hx3
HOA
LTI
JtR
DrF
I3s
LOj
L6I
Eob
CCy
LoY
KdF
DN2
IVO
BPV
M4L
Bkd
E6w
AIm
CZJ
NMu
Kmj
IPQ
J6v
N3j
Amn
K95
LCF
E2f
CkK
JkJ
Eog
CKz
B91
HE4
Cao
Ms7
LgU
Ki2
ICf
DkI
Mdg
MaY
BRE
Koy
DYG
E1c
ED3
IyE
KS6
H8V
D1W
FQV
Fav
AuQ
DCS
KjF
IxO
IMr
HXG
GJi
HM0
Mwh
IS5
NGq
GYC
MMz
DYb
H9B
D4D
LIU
H9n
GMa
AaK
Dns
AEY
N0j
H70
MQJ
AoV
DFD
LjD
Kp4
DBv
JZm
GYX
N5q
JqU
BFW
Jzn
C95
K00
JLP
Jxa
DWH
I_Z
BRL
N1x
FxI
IXU
JkP
Dte
DVO
CDF
BuM
BBE
NGU
KvH
E04
Co9
L2Q
Bik
JOr
M2j
CEZ
NHv
GcC
Lzl
MyG
EiC
N4y
Be7
IbV
J7F
ITf
Mp3
HZI
DBL
Mgf
BG6
CCs
AOc
CoJ
FIq
AmD
GC_
M4t
HGq
J1b
GaH
Lur
KuU
MRt
JtA
KOA
MF3
ATn
KaD
MHd
Deg
K_k
Ino
Fq0
K_I
KNZ
N3F
B7j
GAu
Hb9
Bvn
Ais
Km5
C74
GC9
BAq
B6y
AAi
AnT
HJ7
BiT
JNU
Ae9
Dkn
G0X
M51
GqR
LZt
J8J
G7j
EKj
J4M
B8o
E4E
HX1
JpG
HNa
Emz
ABx
LON
BPU
JeV
HR0
Feu
Erk
C_X
DlJ
MLY
EYI
DiS
Ak8
KUO
CZx
B5p
DHM
KC2
DxW
NiH
Mxx
Fs8
AZ2
HHB
Ek3
H2s
FUZ
MIU
FZS
ATV
C6B
ETq
Brx
BZ6
Bok
Hq1
DDn
EPv
M49
K5X
NVl
M1E
Ec1
Gwo
HtJ
CCj
ErD
HRD
E5m
Kmp
M_o
Ldd
ErL
N8U
CkA
D5g
Jhf
MNV
GCn
N5F
Ir9
JuU
JNH
Nam
AP1
EZ_
FrP
KcX
Cwb
L0G
B4I
FlF
GJt
AQ_
BwX
DXo
G0F
GA1
Joc
CAZ
Hpf
C4K
FsE
F9h
MvD
AgD
EcP
G7r
F6r
Htt
A8M
Ho2
HIh
Azd
KP5
HL3
IN2
Gk_
Jxj
GmL
BlW
JSW
EMl
CR_
AjJ
Cp7
Dfa
Ngn
M8s
CpE
ArI
Aoi
HhR
LJ7
LwQ
Lp9
EqI
Fvi
KNd
Gv6
EJY
IQC
K8d
G5h
Jbr
AKd
HUe
K5P
HOf
HIo
HkI
AER
GOo
GZo
M7z
DN_
BCp
NRH
KKq
Nlq
IrH
Lyu
