korean_hickory
islamic_person
puzzled_gyros
rational_wayside
salty_push
combative_ax
dominant_paneling
proposed_matter
loose_adverb
evident_coders
big_nights
impressed_stretches
tasteless_steamer
written_chases
nearby_abuses
depressed_currents
previous_proficiency
damp_splints
right_compliance
lesser_engineer
horrible_surveillance
slow_shoulders
opposite_head
strong_basis
remote_cases
envious_fiber
spicy_bills
helpful_password
passive_multiplex
boring_propose
exotic_track
many_prefix
frozen_superintendent
late_possession
wrong_monoliths
overwhelming_student
painful_cruiser
wealthy_pistol
cold_restraints
complete_directives
vital_shotlines
comparable_schoolhouses
mutual_tunnel
many_fives
comfortable_stores
unusual_majors
red_inlet
wee_minimums
electric_winter
rising_greases
like_freeze
careful_shirts
imperial_equation
fine_molecule
psychiatric_retention
whole_chalk
american_designator
fond_troubleshooters
unchanged_correction
responsible_augmentation
fuzzy_headings
principal_hardware
smart_ideal
casual_fears
theoretical_summers
cooing_shower
disturbed_humans
critical_cosals
thin_box
rough_delights
handicapped_claws
joyous_coasts
zany_circuitry
canadian_irons
private_child
literary_binoculars
agreed_pile
principal_ordnance
whole_inlet
plain_conveniences
wide_eyed_minority
smooth_colons
international_rumbles
rare_lane
old_fashioned_mail
major_total
preliminary_spar
alright_pack
rational_anthems
surprised_commission
informal_prisms
polite_cycles
tory_mints
regulatory_midwatches
funny_manual
dangerous_help
correct_safeguards
early_batch
smooth_halls
fresh_seats
dry_position
pleasant_airport
grateful_pots
mature_cross
loose_legs
common_submarining
chemical_pyramid
stiff_character
technical_desks
healthy_rooms
obvious_degree
fierce_torque
mysterious_jaws
front_condensations
slow_answer
tough_procurements
crowded_labors
ridiculous_injection
clever_stress
quickest_lieutenant
interested_fireball
equal_dividers
delicate_glances
broken_dive
fortunate_badges
advanced_watts
secure_duties
hot_hood
fascinating_ordnance
slow_jack
american_consequences
wonderful_cameras
quiet_tips
tasteless_sling
anxious_acceptor
deliberate_present
tender_backups
mature_seed
electrical_cylinder
raspy_passbook
anxious_tendencies
testy_pull
active_propose
functional_files
professional_fee
professional_magnetos
graceful_credit
autonomous_wiggles
interim_fall
fat_sneeze
nervous_panels
digital_meats
average_army
racial_drydock
superior_mast
cold_intent
comfortable_regulator
quickest_prime
tiny_orange
harsh_stones
faithful_gage
prior_lashes
panicky_odors
advanced_quiets
awkward_category
left_brake
right_ships
wicked_deductions
random_spears
international_affiants
compact_overcurrent
unfair_straws
splendid_chairmen
old_fashioned_performances
pink_taps
closed_mitt
melodic_butts
proper_return
bright_electron
wide_allocation
rude_detonation
following_core
productive_subtasks
plain_twins
familiar_diary
cooing_ceremonies
outside_conjectures
magic_echelon
narrow_cries
eligible_interiors
comparable_rumbles
high_farm
many_farad
black_groan
bold_union
thirsty_sites
long_term_threats
huge_disease
empty_coils
alternative_breast
drunk_reading
crazy_ride
mixed_talk
fancy_knee
poor_letters
criminal_jumper
slow_flowers
distinctive_heads
exuberant_capital
victorious_incentives
english_pot
polite_figure
probable_professionalism
unfair_waste
nursing_fasteners
german_annex
costly_boxes
canadian_tapes
immense_rudder
sad_dopes
civic_digit
weak_prime
continuing_rings
video_taped_ceilings
plastic_version
complex_drillers
only_jumper
psychological_expansion
remarkable_punch
depressed_tag
generous_status
steep_movement
faint_pines
dull_barge
aesthetic_polishers
near_tent
round_plate
moderate_radars
cold_bottoms
essential_drum
tender_inlet
empty_cause
grey_shifts
uncomfortable_mists
dynamic_scraps
current_competitions
fluffy_painters
deaf_encounter
ordinary_surprises
satisfactory_tender
scared_transportation
frantic_stars
late_buckets
ordinary_lightning
loose_talker
unfortunate_taxi
appropriate_bays
modern_oak
brilliant_bumps
evident_engineering
principal_housefalls
clinical_inclinations
satisfied_skin
cold_alternation
financial_mix
sole_chairwoman
effective_firearms
chubby_harbor
retired_tempers
american_geography
fit_pastes
turkish_upside
armed_baby
drab_bones
major_indexes
tiny_rock
grumpy_bear
marvellous_incline
middle_gasolines
eldest_stars
statutory_executive
legitimate_piston
solid_erasers
african_sort
full_countries
solid_surveyors
electoral_midwatches
zealous_helicopters
sacred_independence
proposed_eraser
gothic_release
plain_lashes
middle_class_parenthesis
permanent_arrow
rainy_shields
unsightly_coxswain
innovative_claims
friendly_reduction
ethical_arraignment
sharp_mills
weird_deal
imaginative_sides
compulsory_cliffs
bare_wheel
orange_sums
spatial_tender
long_collars
shivering_transaction
physical_subdivision
stuck_liquors
manual_mate
stale_yell
helpful_dust
naval_history
damp_attachment
acceptable_intake
rough_mists
efficient_feedback
innocent_rinses
purring_lines
deep_insanities
genuine_liquor
outrageous_grain
defensive_processes
nutritious_abettor
thin_discrepancies
tall_bud
net_prefixes
systematic_minuses
dirty_vice
broad_advancements
tame_note
energetic_violation
glorious_searchlights
modern_fountains
brilliant_sash
anxious_commands
male_stub
identical_gunpowder
dirty_medicine
hard_area
negative_reference
creative_ignition
cooperative_slash
dull_oils
excited_stare
fantastic_paste
awkward_look
widespread_blur
vivid_relocations
wicked_percentage
british_mess
full_qualifiers
nearby_tunnel
quaint_macros
zany_danger
peculiar_twirl
spanish_military
detailed_windlass
horrible_shots
breakable_davits
cautious_confession
critical_freeze
statutory_maps
fuzzy_flashes
alive_aluminums
resident_face
broken_islands
probable_transfers
cruel_languages
painful_chiefs
specified_lanes
intermediate_giants
pale_drags
easy_indicators
technological_lane
fluttering_deputies
prospective_keys
maximum_toothpicks
incredible_erasers
blue_change
nasty_position
head_propulsion
unexpected_majority
awkward_veterans
dirty_subordinate
damp_jewels
super_cheeses
irish_men
living_plastic
distinctive_accounting
wee_catcher
fluttering_compensations
polish_seventies
chronic_tire
statutory_presentation
gorgeous_burglaries
domestic_marines
judicial_highways
fast_glass
high_dirt
great_dynamometers
concrete_equivalent
magnificent_searchlight
acute_front
thick_relations
variable_conduct
conscious_churches
bad_suits
grateful_hand
evil_rumbles
promising_alcohols
horrible_discriminations
soft_limps
rainy_transmissions
elaborate_shapes
glorious_consolidation
special_structures
upset_armories
weary_null
circular_extensions
motionless_loads
upper_rules
meaningful_regret
encouraging_membranes
korean_procurements
real_submarined
divine_struts
parental_costs
mild_originals
valuable_pencils
violent_proposes
honest_circulations
exclusive_okays
subjective_securities
southern_subfunction
colossal_apples
poised_box
psychological_shore
low_gear
joyous_chaplains
traditional_course
constant_weights
melted_city
subtle_outline
southern_wound
intelligent_airships
clever_monitor
desirable_steel
afraid_nerve
strange_twos
jealous_weave
light_discards
distinct_minute
testy_manufacturers
brilliant_employees
lexical_acceleration
opposite_train
keen_metrics
outdoor_minds
fine_park
lost_giants
whispering_quality
odd_throat
romantic_circles
ancient_depositions
electoral_shapes
brave_intelligence
popular_midnight
collective_abettors
tragic_lent
flexible_aptitudes
flat_chalk
solid_transmittals
theoretical_slate
chief_facepieces
yellow_chimney
huge_apparatus
melted_aprons
gradual_alignments
vague_rainbows
scornful_escorts
naughty_class
bloody_groove
renewed_whisper
brainy_pen
unusual_cramps
obnoxious_auditors
straight_policies
slow_jugs
parallel_mines
grumpy_games
available_blast
developing_farads
ratty_lake
damaged_male
entitled_limbs
ashamed_size
lazy_garage
protestant_jack
neighbouring_quantities
exact_subsystem
round_rockets
multiple_crowns
physical_technique
awful_scratches
fantastic_morning
tender_boil
yellow_fights
able_rag
public_defect
plain_stoppers
mysterious_arc
mid_teams
lexical_bushel
registered_adherence
occasional_educator
wild_straps
busy_catcher
fit_dishes
open_mountain
late_implantations
elated_condenser
agreeable_beds
australian_challenges
robust_eleven
desperate_button
spatial_room
concerned_subtask
legitimate_calibration
endless_seas
atomic_elapse
nineteenth_century_gardens
surprising_segments
illegal_allotments
elderly_stair
chinese_accesses
daily_stare
decisive_pan
compulsory_lumps
square_spray
real_casualty
unknown_biases
simple_acre
additional_fares
stupid_trackers
sheer_multiplex
kind_superstructure
competitive_sweeper
silly_nurse
electronic_buoy
straight_brook
oral_sprayer
blonde_clerks
minimal_watches
correct_deputies
better_fake
complete_correlation
allied_depth
impressed_ounce
crazy_accelerations
gentle_navies
miniature_farm
theoretical_assembly
underground_blow
electric_angles
rude_baud
traditional_photos
satisfied_warehouses
marine_reference
alert_menus
courageous_signatures
asian_issues
far_airplane
universal_stubs
joint_saps
hostile_girl
royal_pen
welsh_sports
naval_carbons
cute_buzzer
coming_validation
good_clump
odd_reaction
homeless_swimmer
profound_gages
crowded_anthem
disappointed_axes
relative_guides
short_term_yarns
arab_payment
long_term_bank
hostile_countries
dizzy_serials
selfish_tempers
mechanical_barrels
excessive_studies
probable_machines
resulting_remainders
political_shots
exotic_gaskets
interior_skies
wise_puncture
wasteful_anchor
brown_canyons
korean_solution
friendly_firmware
black_stings
confused_animals
fantastic_writings
tall_bundle
violent_drawings
whispering_bristle
intensive_bombs
ancient_chase
western_parachutes
open_ovens
tender_song
relaxed_restriction
defensive_grasps
insufficient_dealer
fucking_delays
grumpy_parachute
silly_soil
rear_buttons
political_amperage
stingy_constitution
crazy_pointers
inquisitive_offsets
horrible_stapler
noisy_claim
divine_potatos
functional_chairpersons
alert_capability
front_mode
charming_offenders
charming_fish
alone_grades
gentle_dispatch
wet_channel
realistic_intent
european_residue
continuous_fireplugs
thundering_slice
american_contamination
bored_whisper
outside_curvature
worldwide_situation
loyal_pitches
wrong_voice
invisible_cost
prior_cards
depressed_tactic
casual_aim
hollow_relationship
fresh_houses
long_laws
defensive_partition
sticky_litre
liquid_yolk
square_jobs
tricky_quarter
poised_infection
powerful_guys
thin_commendation
improved_legislation
light_console
depressed_misfit
thorough_committees
informal_furnaces
continuing_accordance
delighted_calculator
enormous_linens
real_end
large_set
asleep_glides
developed_muscle
smiling_confidences
central_circumferences
minimum_proof
busy_armor
formal_nest
tame_leg
brainy_berry
perfect_quarterdecks
distinct_merchant
royal_doorknobs
better_vision
unlikely_tilling
unacceptable_navigations
dual_currencies
marginal_pints
tender_product
residential_airfields
psychological_swaps
individual_friends
occupational_cause
spanish_barometers
musical_futures
ridiculous_quantities
careful_play
naval_handwriting
horrible_troop
muddy_terminology
like_yield
external_passage
blushing_coils
disabled_method
hon_entrapment
aggregate_punch
educational_ventilation
long_overlays
future_recommendations
possible_boatswains
embarrassing_swell
unexpected_splitter
weak_issue
hollow_nonavailability
silent_publication
capable_carpets
tan_qualification
urban_subtotal
dual_camp
nearby_convulsions
red_clicks
great_jack
driving_stop
grim_scope
severe_labors
modest_detail
competitive_islands
furious_cheeses
excited_electrician
wonderful_scenes
bored_interview
vague_ramps
outdoor_capabilities
usual_area
steep_mass
male_struts
chubby_grant
labour_groan
planned_security
cruel_effort
funny_curtain
huge_farads
confused_tablespoon
fortunate_courtesy
necessary_knot
soviet_dispatcher
witty_effects
evolutionary_pushdowns
ugliest_splicers
anxious_universe
intact_professionals
working_hygiene
liquid_expansion
israeli_transmissions
grieving_season
continuing_shocks
hard_bridge
temporary_spear
stupid_hickories
long_term_walks
planned_howls
underground_feather
red_situations
wet_fractions
gross_cake
notable_rollers
brave_stowage
intimate_selections
courageous_drills
secret_woods
available_accumulations
clean_conditions
bitter_elections
confident_blackboards
worried_bottles
voluntary_shoes
early_chains
living_suppression
better_mine
narrow_suns
testy_attraction
secret_guilt
reluctant_integer
worried_adjectives
juicy_outline
progressive_collectors
unwilling_clamps
open_parities
loose_algorithm
loud_segment
lazy_fours
geographical_ending
alright_shed
future_couple
illegal_drunkeness
violent_quarters
unfair_vice
academic_place
green_exhausts
contemporary_visions
rare_reverse
reluctant_senses
relaxed_eliminator
final_launch
spontaneous_hairpins
causal_plane
verbal_births
big_dollars
striped_trailer
envious_pacific
orthodox_surfaces
basic_watt
nutritious_securities
resident_contents
historical_squadrons
clever_forty
efficient_weld
hot_inventory
old_detentions
tory_courses
colonial_delegate
bumpy_cleanliness
clear_alternations
enchanting_schoolhouses
high_pitched_firers
medical_terminator
dependent_ax
pure_swamps
revolutionary_grounds
ugly_bonds
long_view
successful_comparison
bad_barges
fine_carrier
increased_stakes
supposed_official
improved_cupfuls
chinese_fits
tan_attractions
scientific_revolutions
well_known_mix
stupid_finish
forthcoming_kilometer
black_firearms
clear_preparation
linear_accesses
fucking_sinks
homely_coordinator
molecular_shares
urgent_crops
dreadful_missiles
parental_engineer
diplomatic_delimiter
welcome_whirls
jolly_adjustment
appropriate_effort
enthusiastic_glaze
cruel_sock
brief_ticks
appropriate_wish
wet_memories
stupid_warship
eldest_assembly
precious_bank
busy_stripes
vital_railroads
quiet_blur
bored_notice
invisible_log
satisfied_sockets
ok_bushels
artistic_buttons
shivering_fittings
quick_meanings
healthy_engineering
well_known_blocks
panicky_detail
probable_signalman
kind_capability
numerous_band
coastal_fault
physical_diagnoses
clean_hunk
relieved_maples
popular_dyes
rising_privileges
reasonable_causes
welsh_cheek
greasy_solenoids
jolly_passwords
mean_consoles
typical_crystals
flexible_stuffing
misleading_containers
strange_objects
repulsive_lights
rare_designation
written_sponges
nutritious_lifetime
early_gallons
innovative_inventions
big_behaviors
evident_shaves
frozen_qualities
late_tank
massive_blankets
mushy_transportation
intimate_cradles
shiny_plastic
confused_grease
actual_respects
dominant_launcher
primary_honk
round_educator
relative_sugar
total_beat
super_limbs
close_thermometer
lengthy_increments
doubtful_velocity
broad_coast
beautiful_instructions
fashionable_register
forward_differences
mammoth_civilian
dull_stalls
eldest_incomes
organisational_orifices
static_exchanger
rolling_shelves
zany_sonars
outrageous_triangle
thin_compliance
worthy_rope
classic_update
different_irons
shaggy_dependence
subsequent_fishes
physical_ribbon
wonderful_standing
particular_legging
dusty_contempt
calm_stage
repulsive_tenders
desirable_accelerations
impossible_admiralties
dry_fakes
rapid_soil
peculiar_defeat
hollow_isolation
thoughtful_analogs
cold_sips
elaborate_sunlight
loud_speaker
human_majority
qualified_replenishments
glorious_timers
feminist_accordance
molecular_river
fundamental_thimble
intensive_cone
strategic_passage
inevitable_silence
sure_schooling
revolutionary_distortions
crazy_cramp
commercial_blueprint
acceptable_sounds
grotesque_limbs
post_war_interval
unlikely_depths
nearby_shot
striped_cakes
coherent_file
managing_float
israeli_cages
creepy_cramps
classical_confidences
helpless_scratches
dark_poles
clean_servant
grumpy_dawns
yellow_interchanges
afraid_tachometer
fine_alibis
gastric_talkers
melodic_bulb
whispering_sponsor
dark_conjecture
representative_strobe
representative_accessory
ltd_fields
democratic_asterisk
convincing_graph
pink_sentries
tense_armor
commercial_alphabet
pale_grips
conservative_bulb
required_shelter
shared_recombination
nuclear_amplifier
lucky_automobiles
glorious_variations
equivalent_purpose
horizontal_affiants
glad_moments
curly_clips
funny_curvature
junior_hiss
revolutionary_hems
miniature_calculator
bizarre_zones
continuous_varieties
ancient_pyramid
criminal_accomplishment
global_proportions
combined_hubs
smooth_origin
compact_subprogram
spectacular_coins
brave_restrictions
related_reveille
pleasant_levers
compulsory_faults
bored_movement
scornful_ease
thirsty_fallout
quick_objective
turkish_hinges
light_cards
magnificent_butter
cautious_squeaks
open_passage
loud_citizen
squealing_silks
nasty_bushes
ugliest_spirals
guilty_precedence
voluntary_spoon
insufficient_clicks
tasty_services
absolute_rollout
operational_henrys
cognitive_rest
naughty_beacons
sharp_cement
victorious_destroyers
loose_splices
young_pockets
exotic_heats
tough_remedy
related_significance
nasty_geography
compact_consoles
sporting_halts
artistic_gasket
mental_outlet
rich_impedance
greasy_steamers
absent_abuses
mad_mountains
absolute_servants
current_provision
wicked_sonar
influential_hisses
bright_rumble
mysterious_rocks
alleged_keys
scattered_lock
handicapped_animals
intimate_electrolyte
traditional_arms
social_airfields
innocent_carburetor
zealous_compliance
global_swabs
like_elections
distinct_curves
residential_chest
ridiculous_trial
ordinary_crafts
hurt_peace
turkish_shotlines
constant_shadow
welsh_solder
retail_effectiveness
concerned_digestion
kind_trains
welcome_interface
above_vine
wide_diaphragms
odd_count
cheerful_tablet
eligible_runouts
glorious_vine
watery_array
impossible_anchor
thirsty_lapses
rare_detents
interesting_buoy
nice_networks
armed_messengers
comparative_information
worldwide_forts
famous_spots
flying_combustion
vague_refurbishment
working_class_detachments
accused_authority
hostile_technician
bright_inceptions
reluctant_roof
original_house
artistic_log
typical_annex
distinct_handles
striking_copies
short_missions
cuddly_plots
dying_adaptions
involved_mistakes
main_wheels
level_struts
relieved_habits
selected_coordinations
wonderful_baths
awake_cause
tropical_junk
naval_flame
primary_damages
senior_september
quaint_update
extreme_spills
advanced_moon
brief_alignment
medical_foot
valuable_bandage
costly_stones
flat_capture
brave_hitch
correct_blankets
crooked_visibilities
close_kit
immense_headsets
mad_hate
organic_coating
closed_share
printed_tear
beautiful_skirt
irish_affiants
eldest_percents
racial_humans
sacred_automobile
muddy_passes
living_space
extended_distributor
white_hall
dying_shipments
swiss_call
dramatic_accordance
theoretical_complexes
redundant_boat
successful_ally
wide_blade
sore_miss
professional_tension
operational_cements
secure_intake
australian_surface
illegal_adherences
genuine_bottom
resident_duplicates
fat_statements
bloody_explanations
careful_friend
accurate_arches
rich_pyramids
square_checkout
quick_alternations
firm_offender
provincial_sources
diplomatic_spins
slimy_requests
depressed_laboratories
unusual_man
industrial_roll
varied_encounters
shrill_engineer
standard_growth
surrounding_pedal
silly_americans
coastal_gold
governing_company
nutritious_diary
imaginative_stump
careful_discussions
helpful_dangers
fancy_meat
spotless_removals
official_listings
following_specialization
remaining_trees
steady_reactions
fat_pencils
smooth_property
level_inventions
fresh_fear
drab_mouth
strict_police
prickly_recoveries
yellow_fastener
mad_breeze
lexical_highlines
just_voltage
primary_binders
fluttering_stick
quick_sneezes
magnetic_wound
ridiculous_nation
bare_letters
deaf_basins
relevant_state
expected_fan
white_hoist
tan_yard
long_term_firearm
helpless_conn
cruel_supply
wonderful_library
southern_directory
experimental_catalog
spiritual_grains
angry_galleys
extraordinary_afternoon
quick_allocations
beneficial_joints
correct_swims
eager_heel
back_bubbles
daily_multitasks
electric_teeth
constitutional_deposit
compact_donor
partial_excuses
mathematical_nods
blind_readiness
gorgeous_adaptions
unfair_indicators
swift_amplitude
small_bread
shocked_solders
immense_filter
clean_gates
crazy_interiors
domestic_superlatives
relieved_challenge
damp_fasteners
narrow_documents
beautiful_shield
managerial_ribbon
due_site
happy_radars
precious_provisions
unfortunate_acronyms
long_thursday
provincial_runoff
purring_guidance
secondary_sockets
preliminary_removals
plastic_gland
administrative_lead
estimated_discounts
solid_conspiracies
rich_turnarounds
lesser_researchers
heavy_supply
handicapped_bracing
exact_disposal
general_song
kind_cases
sharp_modem
gothic_manuals
flexible_sewers
easy_pink
patient_depth
fat_spoke
electric_couplings
arbitrary_thicknesses
unwilling_pans
daily_pit
pretty_forces
profitable_schedules
dull_certificates
scientific_hierarchy
tense_visits
conceptual_tenth
beautiful_pipe
free_reading
constant_aid
political_buildings
repulsive_pistons
vivacious_teams
upset_mill
scrawny_drums
innovative_chains
rough_settlements
available_swing
consistent_hem
empirical_metal
golden_stripes
islamic_coins
public_salutes
intelligent_priority
renewed_entrapment
wooden_pistols
sticky_alignments
open_precaution
glamorous_publication
efficient_totals
boring_frequencies
hissing_candles
alive_mention
light_days
white_diesels
initial_riddles
balanced_rap
visual_echoes
direct_parks
optimistic_prefix
boiling_frigate
gigantic_receivers
ltd_nozzle
crooked_educators
deafening_directions
warm_outlet
suitable_summaries
varied_treatment
square_fires
blonde_multiplication
alive_cruise
dull_interaction
preliminary_drift
low_start
close_brace
intimate_customers
sweet_submissions
toxic_section
mighty_bay
nutritious_attempt
friendly_leg
favourable_depths
automatic_thursday
puny_alcoholism
desperate_litres
stupid_handful
future_kiss
supporting_accusation
sore_trick
soft_lining
exciting_clothing
uncertain_shoe
tart_north
Sound_suspects
unknown_path
gastric_shades
better_seas
holy_branches
beautiful_flakes
joint_cottons
strange_maximum
labour_buoy
weak_barrel
spatial_kills
intimate_knobs
extended_inclination
expected_okays
desperate_reservists
bored_exit
fresh_rear
sick_parcel
satisfied_fashion
long_port
average_leave
frantic_outing
planned_users
joint_breath
practical_choke
other_lake
labour_introductions
square_quality
embarrassed_valley
outside_ambiguity
expensive_decibels
independent_taps
fashionable_privilege
olympic_bet
polite_lines
confident_eights
obnoxious_additives
fair_cycles
contemporary_halves
qualified_invoices
operational_animals
grieving_shoes
beautiful_states
distinct_rating
static_ditto
busy_locations
dying_specifications
select_expert
surrounding_feet
abstract_bauds
serious_beds
conservation_customs
near_custody
perfect_minimums
obliged_tensions
lexical_coordinates
loose_curl
early_chits
fat_dirt
naked_lever
surrounding_trade
sad_plate
helpful_alkalinity
jittery_nickel
part_time_defaults
tart_designation
deafening_preparations
worried_august
rough_elevation
notable_combs
tired_war
Sound_carts
steady_duration
overwhelming_clip
embarrassing_painters
continuing_capes
upset_meal
fatal_gases
economic_hoods
available_implantation
bewildered_recognitions
scornful_trap
enthusiastic_logistics
innocent_clothing
mutual_howls
rare_galley
wide_judges
ratty_price
evolutionary_admissions
tiny_midwatch
judicial_swimmers
awful_line
random_solenoid
internal_trail
happy_twos
soft_intensity
worthwhile_triangles
great_improvement
compatible_syntax
afraid_prefix
short_term_schools
geographical_admiral
envious_overloads
controversial_efficiencies
outrageous_boatswain
panicky_bridge
friendly_surprises
explicit_majority
agreed_terminators
impossible_expenses
japanese_abuser
greek_insanities
yellow_displacements
arrogant_falls
bare_city
dutch_fumes
residential_pass
artificial_feed
silent_side
whispering_crowd
dangerous_byte
charming_injury
imaginative_toothpick
fresh_torpedo
exact_engineer
accused_lubrication
gorgeous_events
dual_workings
financial_care
uncertain_rations
teenage_messenger
cold_tail
successive_shower
ridiculous_spins
colonial_trailer
novel_yolks
worried_farm
common_discount
pretty_twigs
aesthetic_valley
foolish_variation
natural_string
long_term_lifetimes
vital_commission
intermediate_want
loose_area
payable_shoulder
correct_sole
private_blackboards
ethnic_servants
modest_buoys
gradual_comments
late_subprogram
equivalent_interfaces
breezy_flaps
mysterious_fatigue
fair_attackers
inquisitive_silence
complicated_winds
fine_blades
resonant_sights
standard_cramp
lazy_breast
abundant_binder
peculiar_cough
foolish_strobes
marked_surges
wicked_increases
collective_stem
sweet_terminations
broken_helmsmen
absolute_arrows
central_district
continuous_economies
skilled_overalls
full_discontinuations
dry_forces
quaint_grains
noisy_carload
accused_shipments
various_realinements
expected_policies
theoretical_formulas
open_acceleration
genetic_indicate
legislative_discrepancy
fuzzy_iron
electrical_request
digital_ceremonies
interior_trips
quiet_fort
honest_behavior
evolutionary_tosses
preliminary_milligrams
broad_binder
active_master
screeching_vine
nursing_offenders
gross_advances
remaining_atmosphere
common_powder
efficient_boxcar
favourite_relationships
curly_cheeks
recent_leapers
developing_cases
extensive_calibration
spare_paths
probable_directives
grey_calories
dear_salt
remaining_superlatives
embarrassed_delimiters
devoted_seconds
flexible_items
vital_shaft
long_term_dyes
fresh_wiggle
depressed_orifice
retired_receipts
grotesque_accessory
bright_fatigues
troubled_countermeasure
mysterious_store
jolly_sides
chief_forests
diplomatic_spill
english_weights
nuclear_spindle
uneven_path
lovely_services
ok_televisions
fit_trailers
willing_docks
intensive_assistance
significant_practice
mighty_replenishments
bad_earth
neutral_crime
encouraging_kiloliter
biological_burn
occasional_discount
solid_blood
combative_groves
faithful_menu
tall_boxcar
relevant_rags
strange_shadows
prickly_serial
proper_response
uneven_junction
mutual_harpoon
optimistic_signal
roasted_kettle
known_exchanges
disgusted_grades
experienced_electron
mature_trunk
crowded_nail
silent_administrator
great_salt
uncomfortable_troop
perfect_whistle
secret_thins
just_inquiries
rear_answers
organic_week
isolated_movers
worried_reports
square_drugs
superior_armies
rear_usages
beautiful_attack
bare_editors
gentle_hill
financial_accounts
keen_leaper
spicy_tears
lengthy_chaplain
pleased_radars
atomic_slices
greek_harness
electrical_sunday
comparable_capacitances
uniform_elections
important_crew
appropriate_airplane
required_eliminator
fresh_waxes
nineteenth_century_stripes
bored_coasts
green_catches
printed_disk
causal_deed
shiny_flap
red_seat
marine_mechanic
printed_insanities
golden_requests
following_bundle
supreme_series
genetic_calculations
unpleasant_television
hot_groom
rural_display
expensive_supervision
friendly_briefings
boiling_donors
corporate_painter
comparative_lessons
equal_sod
welcome_brakes
smooth_ensigns
successive_feeling
inevitable_discussions
agreeable_respects
cool_roads
modern_credits
lesser_lantern
central_neutrons
major_growths
complete_lighters
creepy_bigamy
industrial_fellows
purple_tax
premier_workbook
enormous_taxi
marked_pull
legal_clothing
real_dears
agreed_hump
zealous_alarm
small_halt
plastic_jumps
tasteless_gasolines
proper_bundle
symbolic_aggravation
tall_soil
selected_commas
satisfied_heaps
strange_averages
ugliest_index
grand_brackets
illegal_passage
stable_top
teenage_footing
labour_printouts
bewildered_laws
relative_tastes
pink_hums
verbal_peacetime
mechanical_mailbox
coloured_watches
loud_propeller
sympathetic_return
shy_vision
electronic_slopes
ideal_dock
appropriate_exhausts
regulatory_intensities
allied_experts
frozen_bridge
french_swivels
exuberant_disadvantages
tasty_injector
conventional_breaches
united_burn
anxious_beliefs
warm_shores
loose_prisoners
long_tables
immense_stomachs
regular_justice
red_arrivals
total_transportation
wooden_action
swiss_principles
cold_bulkheads
administrative_knot
japanese_owners
raspy_crop
blind_stripe
strong_dereliction
wealthy_casts
european_flood
anxious_eases
chemical_sterilizers
eager_discrepancy
thoughtful_camera
adjacent_drivers
sympathetic_ditch
acceptable_cramp
inadequate_rollers
steady_commitments
hon_crank
bloody_ocean
abundant_maneuver
turkish_situations
grey_humans
plain_probabilities
ruling_budgets
fucking_panes
delightful_shadows
isolated_tills
double_bristles
late_sewers
confident_waste
pleased_organizations
tender_handfuls
formal_enlistment
typical_permits
public_password
uneven_nights
purple_alarm
illegal_bow
deep_cities
central_glossary
fast_dye
visible_powder
efficient_spacer
evolutionary_chamber
busy_strut
full_time_menus
disabled_brush
experienced_events
sticky_interfaces
mature_tuition
varied_threat
religious_turn
voiceless_anthem
sorry_tags
fat_sectors
soft_deserter
dreadful_worm
established_communities
psychological_present
spotty_independence
usual_tooth
alive_emitter
welcome_flashlights
wonderful_speeds
rainy_collections
patient_hangars
magnetic_ticks
hard_energizers
supporting_awards
domestic_flames
relieved_brightness
abstract_figures
homeless_coordinator
zany_dock
communist_hands
grand_tubing
renewed_tractor
acute_election
rainy_shapes
creepy_policies
vast_ending
okay_users
western_macro
selfish_tag
terrible_library
little_fantail
unusual_features
stable_sacks
inappropriate_overlay
grubby_lees
characteristic_alerts
advisory_telecommunications
dangerous_qualifiers
distinct_coordinates
nervous_hardcopies
sensible_shadow
ashamed_object
spontaneous_hardcopies
premier_libraries
creepy_jaw
wild_vibrations
whispering_command
mild_result
helpless_automation
screeching_swimmers
mute_procurement
busy_stretchers
cheerful_dominions
graceful_tubing
estimated_tones
mighty_lamp
tender_semaphores
perfect_bands
increased_precaution
colossal_subtask
extreme_chart
suitable_headers
rival_armories
narrow_edge
net_rowers
thoughtless_debts
straight_subtotals
purple_wings
bloody_cramps
consistent_objective
moral_contracts
bad_losses
economic_position
powerful_mechanism
medical_tender
anxious_abilities
complex_generation
different_thins
visual_lane
fantastic_publications
dramatic_acquittals
chief_outing
homely_ladder
friendly_store
global_oaks
peculiar_compresses
part_time_roads
watery_apportionments
disastrous_times
odd_gallon
passive_markets
smooth_methodology
injured_breeze
protestant_ventilations
crude_carpets
palestinian_tug
dutch_recommendations
skinny_look
small_professions
inevitable_arc
organisational_riding
plain_positions
accepted_gates
juicy_schedule
payable_load
experienced_breast
post_war_tag
dreadful_wrenches
chilly_motors
moral_watt
living_mistrial
verbal_preference
powerful_giants
obnoxious_chairpersons
passing_clouds
rainy_trunks
compact_stake
mobile_advance
short_term_metrics
delighted_drifts
criminal_sleds
regional_pond
relieved_jack
horrible_paints
standard_buildings
tame_mat
pleasant_texts
thoughtless_destroyer
big_apprehensions
shocked_story
energetic_amperages
quick_sister
furious_sterilizers
deaf_bond
australian_blasts
liable_lessons
parallel_charges
decent_uncertainties
general_capacitances
live_construction
old_fashioned_rattles
related_drains
elated_errors
hard_plead
dizzy_loaves
lucky_specifications
hidden_lapses
stuck_gulfs
modest_recognitions
sensitive_meets
awkward_cycles
implicit_ranks
abstract_slinging
silky_vicinities
general_gasket
empty_position
supporting_instruction
rational_houses
suitable_chin
favourable_response
puzzled_deliveries
chubby_airs
precious_properties
beneficial_cavity
korean_path
warm_lessons
uniform_papers
welsh_basin
exotic_analysts
sleepy_approaches
overwhelming_manual
married_deal
disastrous_date
embarrassed_touches
wide_leapers
wide_hole
mysterious_variables
objective_fold
mathematical_operators
used_distance
related_facilitation
sexual_bubbles
administrative_felt
orange_reliabilities
unhappy_goods
blank_hub
long_columns
shrill_addition
selective_flaps
commercial_programs
exclusive_processor
negative_grounds
literary_accountability
flaky_bit
loud_tons
great_environment
registered_fabrication
blind_smokes
mixed_boils
ideological_alternate
fair_stools
valuable_crowns
loose_extenuation
criminal_stomach
impossible_surplus
gorgeous_numbers
okay_wage
wise_child
likely_cages
embarrassed_housefalls
shiny_affairs
hot_market
real_demonstrations
excess_freights
ethical_coxswains
amateur_cart
anxious_mediums
premier_nickels
female_submarines
confidential_rap
pleasant_supply
handicapped_lots
faithful_authority
video_taped_midnight
following_accountability
intimate_leather
existing_throttle
clear_interchanges
super_smile
flexible_driller
giant_sections
worldwide_curvatures
