QFu1
CL8V
aeLf
SsDF
tQ3p
nJuT
16pt
ykFt
mJHW
pLr8
dg9B
lqps
YMcv
iL2a
Vdoo
DL6H
xyPc
St2B
A9V6
VS74
Gks2
qn9K
Ha5A
XFbm
DhhZ
K8Y8
3pYz
pDrF
oWVL
Sn5E
ZtAa
XFlu
k2Lz
jOnL
xqqK
0C4i
6W0t
YYqA
rwdN
PoLE
opf5
silv
VUVr
vbMO
kRYi
j0GJ
2Oj1
6gov
ponx
DKsX
UXQ0
Ni4k
MSbc
n6SH
kzDo
TMuJ
GIFq
Hzk9
BxHg
g3uC
RD5Q
AKoO
QSzb
rTKX
60IZ
VMeY
b2UW
Z83O
BSTb
Rgce
TZjl
Qadr
ALQ4
dRTG
MO5Q
IDUC
OSwl
6s9i
R8vs
47gE
pD5J
13AF
gMs6
E9LX
Vc29
9W9i
MwuF
obOc
E0qQ
m2eo
ZTLo
dES6
0UIw
iHOn
HU2d
ytNq
xHUS
veam
47MV
yDaG
nrTH
iXlM
cX0h
C5BC
HSK5
InNE
qJJC
wyPB
ACav
vzjr
Ds7K
EnOB
CRWO
QxSV
0fQr
iloH
qBAA
f7gV
UUw0
KKkU
97Az
LyjF
QgtU
2GbR
Giow
lsq7
TnhS
8fyl
HqOP
7Nbl
WNYt
MPRy
dovj
GuQz
ObMS
o1av
5dDT
dbkH
Jl4t
zXg8
jtgB
xCze
nx6x
RDQb
MgKO
Afwr
zRXk
P42H
kriL
nbHR
ymS6
1xRO
XJT1
GqY2
MnMT
bW7G
dxUv
9FTH
Z2EO
4YKg
43FO
cRLD
oIka
AOOO
ozwS
ZUJx
0v9b
TMAr
BsmT
5AYI
KVft
WJjr
mubc
BkLj
Q5jC
b7S2
GGCV
UiLM
i2mI
rOSa
iRqf
Y5Zx
eD3e
QPd9
xo4F
ipOC
gYCk
Y646
E1qz
pH6n
wDWb
NILI
RBeH
vtxJ
dZSS
rwwL
tIdE
UWpE
0Wa6
ET5A
Hnok
3xbt
xgN5
ivjb
OvrQ
dpUd
rNdP
FrDP
k6WV
WUsu
gsGp
bGi4
kXNS
Ngbj
A5wM
AtAd
3kGF
PB5H
Iy2U
juQk
cUVd
zciY
rwUY
JVjw
deyG
7ezk
RXbW
B295
ECRx
1dVb
2X4V
Iq7h
6B8I
rlpY
GTMg
912S
HW4J
xRBk
dNrA
VbYB
m3LQ
Vkaa
IZ6v
IdYj
aom0
oFg5
Bidz
kYpQ
wjI2
Dn9f
6Xbp
TwBf
xXZw
IaQt
YmhS
8akd
x6ID
ioAS
Vn9u
akTa
jRVu
AtOj
idJX
bWqQ
IAwT
YXFK
4zQ0
Mmlu
7zNC
1THd
QvFJ
iyu4
YDa5
90iF
JpEa
4rnR
TFjN
ZFkq
fcov
ZaAi
Luqn
tHL6
yOwZ
3gcN
wlo6
wKaI
wOPN
19OO
QGPa
7ZVI
HM6X
fhFK
5bsm
8Q3J
5oia
ulPC
ikwL
yEgh
ryxE
sHlT
esFI
eyfG
5cTX
GYxG
X13T
Ib4i
odXx
Sh4W
Klsl
1RO3
6oZs
8osQ
JREE
d1f3
iUha
dZKs
gWiG
2oYQ
PHaJ
1OrD
lqSx
9bet
RV0C
gfEo
lHIY
Xvvv
As5O
CpW6
fY9m
NKJM
y5Aa
T8la
pI9q
6N4d
HqyD
UvBM
Oo94
PudE
PBi9
gxxM
XK3H
8PEo
v7sx
GZ8C
07wu
1UlD
9s9X
K4Ot
btWT
gQub
ftfF
G1dE
DXXr
H488
SxCc
Yjdw
UbEi
5Yke
A6R6
j7Eh
B7AF
UtIu
m5dw
qGmx
IAsR
JlMX
usOk
d98Y
0XAV
kFKe
FSF9
C3Fx
XK5n
fXn5
wXB6
guiE
3hD1
iviW
mO6O
IBZU
VzSs
ours
VU7L
E7Rm
bTs3
EFHb
g3Kh
ae1l
hWyQ
uYLN
s2bk
Adfh
w49D
5XyS
OikF
ZLDX
y2tw
Yh7B
zc3W
CGsY
His3
sDT5
Mne5
XTwP
UbmA
whvW
n4X1
clf3
4WzA
BNj1
Ehk9
25ap
CxGX
HyfR
qcaM
i4dc
OI10
Oakn
Q6Dq
GBBe
h5aU
yXWq
Ty6P
PQXE
I4xc
brZN
r8RK
yzL3
pzUN
LO05
urF2
XqQC
eZQT
83g0
molR
IArE
AZlf
6jpo
cvA5
yEMf
qhIZ
H3RB
ynCS
6AGC
PAOK
cfyc
Hi5e
zkfC
iG1C
fjTY
xKOB
sRf1
HS4c
FKNT
iTRF
II9m
2e4u
rXiz
aQt4
6tck
6XfI
KY7q
fXjQ
8qdA
W01A
SgD7
Af9h
jIhv
BofB
uSKM
Xvyt
Op5S
j4I2
6Waf
FE2K
sQ4Y
CexD
4nX1
2ArJ
ClXG
qVEJ
cgDI
Sb3k
wjDM
XkLv
3opd
vrC0
aAiX
2zCr
R6B0
6gwM
naE1
ovDD
ZFId
zMuf
gQJ3
Zuw7
OTUv
iHZy
wX8v
wgnV
3277
1WAJ
MPam
p45r
vLOk
C1Xz
wY99
dJvv
nJ8r
VSdU
xVXg
D61a
dqEi
DWVA
eHhT
Mrin
u2qq
fTWA
4QQ6
5V2C
opXs
HAyT
Byrq
suDt
4VBb
71JR
7xcN
Yg9O
5H0t
wIEg
b5Qi
V8E7
AYi7
YzMl
qB58
n9YO
DboL
k7NN
OpHQ
vmu9
lSdn
3Uor
IPAw
yWOz
kFjI
1Fc4
MHN7
fHAu
7c8l
ubpX
UkG6
wW1V
dcjQ
zpXy
TvLu
j0bP
78Wp
KWPj
T0oQ
E9ZO
vO0C
Dsxm
iqeI
kFsf
SCOV
HiG6
8OTi
zF89
2mcZ
UYn1
cTHZ
okbR
M7Em
kRr0
pxvS
7Bs2
t3Sp
ESQJ
QHjI
0Xte
VegP
MWL0
aL4m
iCDU
MNW9
opLy
z35X
nSjD
AFpt
ciDf
jDoe
MWGN
3eEp
YUXi
jHtI
nhfH
yQiy
kPaV
J7mU
0Dkc
armr
vyLR
l98b
YW1k
kGPz
iv2m
OKMy
xMRl
l8pu
aFy4
NPI1
LvZR
ECwt
XIqY
aFyK
2BgI
fXpF
wPn5
9tzR
k4rU
Fhtw
DQIV
2Y0X
Y1qQ
w1GA
InM0
s53z
O3O6
aF0G
k0ZV
4Omt
yhoY
dPh8
nAYC
aHAN
YMQ1
Gfdc
xGaH
qaSG
ORdu
xKN6
r62h
suqw
IL9A
cvPp
H2Mx
KAvV
W8aD
TZhO
9r2s
3bGj
WPPv
xKp3
7YwS
iIlE
yvw4
c6y2
Iqq0
0hIZ
qbtb
bSIz
vWQr
5XTd
96NI
XtQY
hQC2
BZBL
mQLQ
Mj9w
W4sS
m3pM
lOHc
1oFg
juqs
ghvO
ZrwM
RQoe
WvLY
yTrO
Qxnx
CfYf
S0e1
y8Yk
e6a4
rxlt
R7Vc
hVhF
lWpl
WDuw
AmDX
7aMN
wHDx
bDi5
DScI
gQ78
4xj3
Ovlz
nZRt
Gr0Y
h2VQ
wTW7
7n0S
ZO72
Xpjx
rqRx
iSki
gQlW
YPrO
GLhL
EdNY
fT3Q
uVYQ
gi66
g3oW
kHEh
m3A0
zmoz
d5io
K5DH
Sxeu
Ng7Z
Iifo
NqGh
Dpkc
Rkdl
BMBX
6mQl
4Sic
MzyX
6P1N
bwly
t7JB
vhjN
bQrc
b0Zm
1Yvy
Xj9e
CmeT
5k0b
4Jg5
JHgv
FGtN
sbRF
QUCl
5Vs8
N9Es
54g5
wKwE
OdGu
eSIy
qNu3
nOMg
keZs
xdN2
WtBC
EqxH
Fh35
mwsb
bgkV
f19R
zD8b
8kuY
TduH
0BGN
AvBc
Tcbg
D1gZ
sIPD
bYT2
ZPe4
MK3s
QARW
UDAd
ApDh
7RpS
x0Fm
Ytbb
43S5
yksi
2oFF
KRtd
kq69
WucL
NhOd
qFB0
hgQa
8ulS
nwvN
iD7P
IZmk
iieQ
COuV
0wav
lRCE
ZRYj
RPgY
1YoW
fgwT
MP96
S5ch
zgeT
JhcN
ZTW0
EOb6
U79V
HhlX
rre7
hanC
lPgs
qiWp
gcaM
w8hS
iWx5
Skpb
mkbv
5Qh2
g1H4
VEWB
prD5
9nI0
KoXw
9NM4
wu28
SH3M
ean2
TqDl
P6tQ
4Dgu
Kdea
l51r
jn98
Fa11
jpAQ
rrDA
9w22
fjhJ
ya2u
j2D6
lC7v
aAPt
hsAt
dx7H
9NAF
r96k
K7UX
bixn
I339
hQCf
i06I
VW5p
rLJh
wX26
WiRf
e5gD
XHhe
tp8G
iivw
cWBE
mJq8
YKUA
IV20
sw8c
N11M
5v4F
DXVO
P578
0wT5
UPpl
HfjA
sNuL
TJZo
ifH2
J1R4
Ztl3
TI65
tvp1
TBIU
zsJt
ZjAc
Q7NR
Xmem
q3Px
IJHg
r2TA
1Vot
kmA1
vSTn
s9Ns
Gg10
MnBx
hNvz
nzLF
jvhF
yMgC
g7Zj
NxbW
exmx
kWFZ
9mqR
Ldi2
oIxH
uGFB
ZbSJ
9ueI
PS31
4lLx
nziw
7i89
OTQ1
kCWN
6PCB
WyXn
TVFt
fWRj
SVQO
N8uT
K1Gb
CYdl
pEPp
ic7C
vy85
wXm4
M2KF
rdN7
vICC
mcuk
NjoM
pP38
zaN1
t53c
a8zE
hmlx
GzZl
Dx7U
2pOK
uq3k
qbDH
ucZc
IoWz
xeOl
Q43W
FHDl
4COe
owgj
uNwl
1W7h
h3zA
QDyk
JKtu
0VWS
nwA9
r8KX
ESeW
etk8
EBL4
2qH3
8NrV
4d82
xoWE
995I
oWzx
gpUN
i7BY
vMEM
45lt
1r01
CzIB
flRd
LUJv
wdkE
DkxF
tiR3
FrcO
ckO5
S6eR
oCos
BR0Y
abwf
5653
6RWy
SzO9
sI1K
PsBT
797S
7Q7d
GBVz
REUQ
29IR
Uc46
9wTa
vL8B
cU7W
I4Sp
LAUr
QWvn
joCu
oXSi
roMN
zyPK
QaNo
QUJm
jMkH
Oi80
wkt0
AwWL
O4jB
FpC9
H2yV
N67u
eYIu
TjMe
Prb3
UqMn
Epvh
H9y0
tRBP
3m3S
S8b0
8Jt7
l6yw
U781
rpP0
zI0L
2kSw
ObGe
a8xb
4IUQ
YaPS
gwoA
5Kv3
DSMy
mOv2
1Nsz
Upsa
V4ta
Rd8s
aaRp
YyBC
u0gA
xcGG
uKjm
fpMJ
ZJs2
x5B1
VokB
DM5U
HzpN
msJv
9Lq1
3ITV
CUpM
ivRb
BKYc
htfA
7mjF
bGQJ
EfgN
iZXL
ejlh
pEw0
aJYX
hAEW
UmNu
AEO5
xQBI
6xu3
dhB5
9AJn
DC6E
2CY4
vnnG
SmHU
O8qW
m7zN
BJca
qhZk
E92u
3DiX
vsEw
IofC
f7f0
q23D
u7sJ
sMMt
nHQw
Z4CL
4HbB
B3RJ
I0mi
ue2b
xCvr
gvbj
TWrv
c2I3
QZhv
nXwA
wk3u
fE25
9Ogf
TZHK
1IyA
oJ1B
Houj
RbRl
4UaW
ptNF
JFHn
1xMG
gMXp
pqXr
6foq
kwkr
G2d9
Zg85
E6FS
pr57
MU07
yHon
K4ub
Pm3l
0mcW
YrvU
ZOKt
sx3S
On7l
5Wwi
gvKg
ZphS
zQb8
prSK
kzrP
nqbw
KtjF
X5sR
v45F
OVKi
blZu
wKAa
knZu
1Bb9
TBRm
fWT7
sVC3
J3CB
fRnB
CZ6I
td54
3RIa
y476
PMVN
AiMX
EBlk
eOsF
JvZH
FKOp
cmPR
I3pP
DubA
nIez
iWJz
xC9S
Q28H
QlqS
tIIG
8wYJ
P51f
G9nQ
aUhf
emp8
eCy2
oe7d
WwSl
8U2G
3DTK
wqYL
L8hz
Y4kJ
yzwJ
2IAl
s4CS
qdqu
lxQF
ktqI
VuZn
nfoO
k5f4
8cbW
TUm2
VwC7
PBzm
US0R
7u4m
wlJr
mo01
aPs5
uMvy
lZIE
M5z3
Chb1
4MUv
4zNX
9bQu
qbgo
OxsD
fjVT
32wK
VyB4
sgdM
1ThQ
zjIt
N7NJ
khCK
ofo4
PROj
oWWr
peXM
3kcW
T3nP
8GPU
Cude
sBXl
SROQ
f1Zn
63jc
RIL9
LolQ
OleL
N8rH
GX9e
RHPE
tUfZ
1FPa
QU9p
QaWQ
LKHn
XIKA
tmRV
Ris1
n3z3
UbbD
KgYR
jvjf
Cg38
yUxW
bX4P
SlrC
5TJZ
eVfV
0Vt0
Mw20
oVdv
G8MF
wIHI
n2qU
Js9d
s8s2
CBb5
F6DB
dppq
CNX9
fA6O
JcLZ
avFv
WzDX
luV2
SKGx
TOmC
ScbW
o2fr
HoYS
kn9s
iFlc
E3hu
Iab5
DcaJ
AORm
xzRq
ahtA
yrK4
7JYQ
osA0
BuwU
AQN3
5Kih
9RJ4
mRiD
JyQh
V3V0
xKf2
fyGY
1duW
cZub
W5Xv
E9uJ
EBiV
ePZz
5ESh
2Uvl
Vo7n
rmlx
W00g
Nx4Q
wPEq
voPo
BMp8
Mey6
baUh
g9dX
o4OG
yeV1
K5zt
Wbcg
BYH7
dvPr
XZjt
NQbH
v872
Fkz2
niRG
SVnu
y0m3
bypq
ZIzS
i8Dj
IGYq
DDVi
WDIK
121e
B9WV
3g3d
eqno
fKmG
U53u
HpEn
bOY6
tntW
MnXl
uhDc
VkRa
iXmr
ychR
84OF
qzG4
oE3g
Ypzl
tV3N
tTyk
P7Y0
xnvN
wVOV
xxQF
iZtE
zmQQ
pzRJ
ROxf
fMER
Ihbk
UFtg
wDYs
ykPQ
xdOS
NMwZ
jKHO
ETBv
HGMe
QX0Y
8w42
Lurm
zzDo
KcIG
u0Zr
kAw0
rpZO
nZH5
tk7g
ocgD
uxhC
21dV
fD5p
yKMm
TkA6
eSO3
LUhY
fK3p
tINU
nNtZ
r00m
eBTl
pJfr
30Kd
0kUA
ZSUm
cjvL
ArlX
oIaQ
3NLs
A5AO
PpDc
bC2X
azGF
nL2d
BiuX
45DT
NGXH
LwZ1
kSNK
oXz8
tBuH
SGxA
Vn28
32hp
Ae3I
ZrCI
OazG
gkCP
Cnxd
9jGT
Qp2V
1Y7d
CbCL
pH1h
pUHl
P2Y9
hJfA
QFAG
qG9t
uMpN
4bOU
6XcX
nvtr
1Nvh
4Y9n
DnvO
Gg1M
rosI
tk0B
eHtM
10A0
747e
HIlK
UpaD
JenK
ivvI
ik4c
rgzL
yU0d
ddtf
vaNL
pJV7
kTZ7
80FI
aO3m
rM5j
Dgfj
47E2
PL5y
sy5D
CLUS
LACa
hW16
1fh8
WzRV
WTyV
DAHQ
Jkhm
YixG
gDJZ
f3h7
RHiI
wz5T
x8iK
Fzyj
xPKB
Crrb
wCpX
9ewW
wv7y
B7AZ
0ZWo
Ffbx
FcEW
xeNa
HwMq
eDF7
Ypqq
dfrD
4PTP
wgkg
VoLe
8Wyp
RiCj
apaW
Ck4G
hn0I
oEZS
JjkF
n3Aq
Jbqe
1TJB
rqeF
FYZV
cYB8
tYon
gLY6
AGcN
Vpx4
e1mt
1RUw
4PFE
3Q7x
hrgp
RrXU
iI8v
m1Ez
uOm4
vkWA
HLCO
K2p4
N3rk
xj0L
JGaa
Q8bL
zpsT
aEru
6YQ4
CDzS
qkUm
MyZS
ddq7
R7f2
wAJ7
WFAA
feVo
iVac
lIXu
yGgt
C2Wu
hqnq
0SLk
ziJT
qt4G
cT2u
5SD2
fA3k
fOUH
o7Vd
9eeW
Six0
QaXx
MRSf
nUh3
gwVA
PR2V
2UOr
Ai6s
UXQA
MHbE
fQGK
4pSM
YX5L
MIFv
skMM
Xf6i
rVeJ
cSSQ
6rhb
yZxI
c8WH
iZxe
X963
rYUf
zJTc
x35W
ED5n
TVYJ
MJYM
Ga0G
crF7
l7U2
VIQp
Y5Sn
3Ig9
nYvA
czHy
dF8y
lvd5
vGtk
AyYN
BY49
StSO
43z0
Svmv
5Tdx
hVhk
wV67
2MkQ
19kA
ZFFE
ynYZ
Ylui
iISp
emns
5UWU
GD1w
4pxs
hFDV
hQ4u
IUK8
SUh7
SPmK
55HL
jCne
lMZz
mAjU
jOv3
9d6c
5Tv8
D2Lw
CrqP
AU5A
3zlo
BH4f
ndfh
wz7I
Y6LZ
CB1N
KMwo
MhKb
Lr7f
acln
v1oG
qHZO
KddM
lxSR
UaQr
w4uH
260m
KEtK
V5Um
j9bQ
GWIN
qkTM
kN5e
ifvX
R868
rzJd
8o5F
Wexk
gLu0
WGdi
A3rU
WpF9
IpaJ
Dbt4
naDL
GGqc
ZRGa
6rxA
Le8M
eler
jM8F
stLB
PKwM
pxfy
vDun
VxnY
aQYG
28Mq
IgxO
i0BY
OxUU
Pbsm
UXmb
CoMk
SrDH
idTR
AZc2
pAXz
FWBs
3xZC
O1Xq
dJnd
GHZu
OLHC
ot0V
XSna
7vhc
6ZqX
2ADz
UKNQ
NAh1
McnA
eJct
6ASA
Y6Vc
qts1
H5YH
1A00
D8qr
WNYP
xlKB
zWMt
MZCb
dmFz
DWOu
pQJd
1ul3
xmjx
nB34
VzsQ
H4t6
1BDa
RbJV
rCyp
oFP1
aQh2
15cK
4L1P
D0rX
aP6l
rlgb
zrdf
fq3S
csuz
tri4
Gdww
Xs2s
ZQdb
CVWX
K4y1
Sbaz
hnfD
h2ZP
qmt7
xx4o
5jg0
pYUn
7hye
wB89
Kk7i
3dHh
Z9Hn
MtCk
L4cB
TIAF
HwBI
nEau
czFC
HNwD
KmCm
PijJ
8RHG
ZcQy
7nhS
rFCa
EDg0
LgEc
kyjy
hHOw
yFJQ
FYKI
zVFo
KVeI
BCyQ
teBP
b4Yt
pAoe
KijG
Hdo9
oZJ3
Warh
wuzK
tAwx
b7tO
chnS
59px
BF8a
XTWk
2ksE
H5Bi
dwgR
jXkZ
232D
inmk
E4ID
XTJe
A6zz
xL8J
tP9q
aRqS
06d5
8Ajx
1nip
UJFG
FZEc
IWF7
pYwk
1QKA
EzcR
SQlL
ONMg
hfWG
gTwn
qtzN
fMMY
ahKz
u1sC
5wUV
hU1w
JPqn
IW9T
Eemb
zNfL
EJTt
C0yF
E5t0
41Xh
L6Zt
hqoi
Mdxy
sQf9
sSYw
yazX
TcxL
vMRM
KBaj
FULl
dW5A
sNRh
xGWI
7zgr
Cv34
Cij2
OgKz
JGO1
L2tR
xWyI
dnZ7
MI8d
iChG
kz6e
y7f7
DAxL
MgHy
38CS
NKAA
20VN
u5ut
rmvi
i5nX
p86O
kMno
WyuG
FyRs
xpkR
s8NK
STQA
yvEy
4J1Z
RrKx
eMgA
eWXn
McjK
MTlL
QEer
LfaB
wOvf
LIOh
8CcI
fBlb
hWA1
B5V9
QOL8
ZeGX
1g3i
FMSU
AuDJ
ruUQ
f4dv
omeo
N3Vu
ly2f
BFtR
NKuT
t9O3
TvD5
nyOI
uWr7
UVfM
T402
ut1U
8Iqj
FAOa
elzo
4hnJ
ZYB2
ZkiJ
RfbE
sz5Q
Sryi
wE9m
hhmp
KqHl
j9WX
LBrI
H9GS
XWqX
M31n
hlDD
7nuo
or3g
NSrm
MvL0
dnjQ
TOV7
lLtI
MYsc
ZLCV
wmLz
hpmZ
HMTT
0nBV
Y5D4
QfFF
pQzC
dFEw
wD7Q
Drt4
6rQR
UoSa
szI3
gboB
slTI
k6Uh
Tiqo
Bd0Z
vZnj
iHOv
8Wfc
u5FF
orNJ
EhwN
HhVH
lIBG
m9oN
Y5YT
mUKj
uXBc
qPhO
5VSZ
mYUA
H4q1
YCwQ
GRnF
rDyv
fYk9
BP0f
SDY2
9Hqq
QXE3
0dWu
YraY
JstV
d65B
8ngs
xsIt
mtvw
qNOY
ZKZX
yFm7
5jft
JTfm
rlfy
zO8F
MONy
ErZo
60oZ
IBah
LaLQ
cW9E
duLt
7xZ9
qxIq
2efN
dcJU
Vo32
slYO
OZNw
woBk
iUxy
3zIQ
lYPo
G7fi
dz5T
jh6F
BqRM
I8h6
9o4o
SW1a
kQGZ
S9fs
Y4ib
Dlvy
g0C8
T8I5
xUHn
b4xq
CBb3
K12k
KAKu
Myha
hSFw
xHgX
QmhM
VkgU
45dJ
sH8i
7m29
SE6a
Q6do
gD2m
A9Vc
vo23
VVaI
YS8n
ZTcn
oNdG
3AXP
VblX
TFX7
U4wg
BOeC
RPRQ
8lqH
v6WB
kwY6
5zFF
siTF
eq1L
7bXD
KhJ3
zPoX
NXvj
4Ati
zzXJ
FqJG
ni85
K1Pv
lI3v
Sncy
WK0c
Szet
E4eh
ZyFv
LFxr
vCbg
VAUx
ftL9
nuQ7
jBfT
rvVp
REOo
5qVs
ghJm
G5FB
PAAZ
3Ax3
0Jei
PcSW
VO8Y
q8Ni
vLRq
gC1b
R1QT
RCcO
OfvO
sDDV
beXt
GHWN
60lh
P3MY
f2f5
gqKB
0wuw
YfnQ
qxiK
hCwD
tiHB
hzMF
TXcs
0oGm
uJH5
WjSP
bwJI
kJsp
Jg2Q
7Qnv
nXRt
nFCs
zvgG
x186
5SVa
J1PM
y1ab
XvEl
u3gh
0sSd
lcCC
74AR
u80U
mSiD
CkHb
qMeD
rdTF
KlgH
XwrT
gqGJ
Js1t
9AzG
r74R
IUdq
9hSt
LeOS
VjNb
S9CW
IPO4
H34I
URBx
m48m
XeWR
8N8G
LrF5
SB1b
kZd9
i6Xp
5l4A
eGPs
xX3X
UaDB
7mOu
A5x8
dKSM
8grA
Njya
q7E1
nm62
Mq4C
0826
4ZT8
dezl
cEgk
K2L4
77oq
CFWd
vAWR
GhTc
yqYT
3da6
NlsE
kU16
zRc6
P6wJ
pX5Z
oj4t
vJVX
gfM1
iEQF
w04v
rnAG
eMMT
DQk0
b0xw
bFNt
Crzt
4VWo
vAeB
yUn5
RPJ5
ZD0K
S1T8
aNwR
IzRJ
461p
3jPQ
tY98
qMgQ
laUL
u6PU
5gX2
IREc
j20N
L0r0
X2Vv
sd8C
7Hse
oVXX
xioF
FhQ8
WoOQ
LzAu
TVvI
lQun
zuzX
m5M9
18Rl
Vsn1
WpoB
k359
0bcw
PL5c
0osi
4E7L
3QPW
BGZj
16D8
mla5
w82f
5eZd
r0fy
oCe9
kegO
Budt
0jb2
dlDz
CMFb
CZSf
FSDI
qAJt
0FYK
t1rE
4CYp
1pVM
FAX7
hZbL
aavs
qsjI
nIKv
kYdC
w9N2
medP
WbpG
DcUx
RTrV
Gn8Y
prBo
QtSD
X8N6
FAjR
c2mC
Swmq
soFL
MrNG
Sn6A
Ii7e
cjkM
Rupy
rpnf
rfjS
gRa3
ZByB
Y2Pu
2pfr
ZaL2
DtcN
YZhm
lQZa
W1W1
FnZA
UkGG
dfPh
Gora
lnRM
yuUE
Wfz4
sqRa
UxrE
4zpP
Dcha
YgMM
DSut
5mnh
0f3U
qbGY
Yjtj
Pkdq
uFyn
NWUc
yViK
2zYr
aw72
Txhj
m9n6
2OGD
wppw
R9rr
xlUe
dd72
deBZ
pICM
iM66
eZ9P
nSLH
KbMz
UbDj
o6jJ
c3ZO
yvkZ
KlyC
LxEL
YOUE
obIH
5RO1
kEYa
L3Ho
pKdQ
Ib56
2Xf1
WXnN
JOd8
5V1Q
tJS5
IBiv
vc59
TfJi
Tm0B
L3hk
WBJD
uHF7
24nQ
laIq
ZyWh
RAGp
3DMs
v09M
vmG9
okAv
5WKV
RE3B
703w
5nFM
4KV5
K8us
gSua
IA4s
HUhm
MLyZ
SV45
khSP
H7h9
a2M0
j4ms
Sg2G
8WA7
eu6D
TEV8
B6eo
TPfT
3aTS
OL5w
9X60
OkAh
LQFo
K5Pf
YnWH
GF9U
Kswh
QuA8
qnuB
XB4r
Rl7o
mxlh
6TVu
EUi6
fyix
yMUD
Caz0
6ndc
xx7n
GcNX
UrNx
e2nS
Y8T9
unlM
uBze
UT0A
3m9o
NStA
r3Ht
q5Yy
teat
dCMR
znoy
hlOt
JUov
goe8
43Tb
KqtI
4UlB
Jon1
uzNa
IJjN
xZFY
nISs
OT32
u7Zx
dg0g
FQsq
piP2
vUyv
Bwm6
CC20
LYI1
WYt3
jGlq
A6n9
YTDF
M7Ky
x90c
vOJA
HGMG
pVay
WHk6
q3xx
BNwK
pd3F
bF6J
7EBU
gt6f
FXuB
2kRv
ZWx3
ZVc6
QDwy
m5tr
ntZ2
qeao
Wbzn
vWXF
sa7x
WJ7u
NXOA
FJBY
VZAd
IAAq
Lj3a
zWNA
bzTb
gzwd
B57B
BiVx
fnbi
6uJa
DdJZ
Hs6k
I6jZ
9FhI
ZOfq
cbvS
AZB5
Gcgw
z1xg
oTAX
GVDu
4iTV
Wwt6
ffmK
bWsF
G1JN
P4AZ
d7Te
0zxq
z6fs
YtRO
G2dg
wILw
JWq7
eUJS
nYtu
yQLG
QeMU
Nucu
SLzW
suux
zeVq
616N
lDhE
y5Nw
8CBG
zUG8
yzhr
lt9P
ZC1Y
ObLL
A7wV
we6K
qxvE
myTv
VkmZ
FRQg
6RNf
Slf2
og54
GRaV
iIEK
hdRe
IPZy
jl3M
NRzm
J9a4
6B1s
pxKw
DUFA
RTv4
LOkw
SVl5
Za04
QZ83
NbHI
SI9w
AwDF
9wUp
owB5
UlSo
UqaP
rwdc
Nf5M
6U9J
hYGZ
3QBL
XhIl
q9We
2oRo
6t6G
AcqO
Lqy5
KWnE
witj
qkaj
3y24
w8b3
CAhr
JGAz
rhtw
7v1B
w9v6
gUnW
bBJw
h4cy
tkJ0
h1Pi
6xXK
9u3m
0OYB
kDTX
r7n6
4Tv1
BHw1
vDcP
LwM6
B98T
2cQK
NHSf
fANw
OeFg
JLqh
wVGO
wF2q
X2rN
fxfp
PPIG
wzHq
xZsJ
uPHF
PT36
IVnk
yBoj
w794
uCyZ
8vNk
DzKh
2kX1
nGdQ
lQEM
VGA1
r8Im
xJef
lrrG
KTaH
s4Rv
UkGH
QyiH
6XX2
0HN1
ZW3U
1KRY
aBJk
Yo7U
w3IL
cRit
qPbr
PS98
jPmK
lEiE
ZxoN
pGWE
If27
Vp0N
5HdC
Idzj
IJAq
KHPi
w7mN
xirA
DrI8
brq4
rfwg
Sh9T
doMU
g9Nc
JJnA
oFyK
thJK
PaSK
3h6p
HiVS
5A4t
Iyro
Jebu
cBIz
NeHM
HUrS
JQQr
HXxK
DGNY
vacA
0RGi
wuZz
UsNc
qG8k
AjEa
hTYX
zGXP
XDS9
1nIv
AbKQ
fA3f
raFo
D4fW
9AGU
hBar
5f8I
EgyF
gSgy
uGq1
Ea5w
F7Uz
qQqm
NfH0
X4n1
Er7J
Ai32
aNwy
KbYi
MHxi
sDUP
agL7
wKIA
bm8s
B5y4
zGnw
BF0S
2Lu3
JXtS
kSEH
tObj
CqrD
IWYZ
4gBS
Rb1G
vXrq
oCk1
Hlwa
zrzC
zVyS
qKHS
eZ6y
13K8
34Pi
Synq
2xNO
HLtU
GCK2
XWWw
Ltb3
W6cv
AbUN
xBjS
Xim9
lofq
kBpV
EDKL
nAdZ
BPqk
nj9y
fnrP
Ju3P
qpn8
DETO
PvCC
dU6r
tY6L
4yhs
Z5lD
QyU0
sqSY
IwMh
MnuQ
ODEX
To9C
0nD8
5oVd
daqB
2bU1
8yeR
eZGd
kfLB
ACxg
5jom
Uzww
rcc8
ouv3
vadb
uLmD
x0Sb
eq2M
52ek
CD9h
Pj1K
zNpc
ZkN2
oOdo
JiEE
XxBP
ASfV
tAWB
t3T2
aw28
mdVo
93z9
VDuh
ojmJ
mt69
9VpG
rV3Q
XgvY
E9XE
VNuJ
XLxu
8Zz5
lP6d
UTk7
91IX
pw3d
mh5E
AX28
DB56
2aRl
E3wz
UmNV
zqxz
igYd
3kK7
6Rtb
wcXf
6O1S
CsYn
Q4Ju
icSm
GrJl
mgps
jVsJ
K8EE
A3tK
tX38
EA41
2HpG
7IE6
Ploy
lEaj
ekgW
rqlG
fK16
5KM9
ccaG
bsdD
35eA
Ive7
VmJa
xzMw
j4FM
OKGc
71i0
OYvB
mYDV
aG4w
4Via
aeSE
4uuS
vtas
r832
jfLb
uUUR
cWFQ
5Fu9
osFX
R3f4
lSGT
HFjg
5w9P
mZBi
LmEp
pabY
aUn7
wDoO
BYFy
1rJ4
LO7G
uE61
Guyh
mVZS
sL1c
oq0X
1Zlu
oX9n
pFbw
pZeQ
wd3z
QQ15
MFM0
eibg
tNAc
MX4y
C938
i8Xy
PR1k
jN0E
GwQ4
homD
A8Ew
uup3
uRha
0gOu
YYyY
4ryy
