g0_
ghx
hTB
bem
c]/
e0j
b%>
gu[
em.
l?O
g2=
j8&
i3"
jP>
car
c{e
a#M
m!c
k]9
lH+
lpF
be)
fh9
i~7
gw-
c9>
bn!
j6e
jLn
fiP
lyh
iSM
fb8
e=L
bau
iCW
l?~
cZ`
c\)
g3o
eDl
k-G
f8O
l^M
ge/
kB"
b#r
lLc
jwZ
c*9
f55
cTY
fj)
a<t
bp"
aZ(
be7
b#?
j1p
ebf
i5k
b!b
j3W
iR(
m9T
a1e
j:4
i#/
a65
f>0
iN2
le/
f$R
c?O
c>c
g&5
bZ3
h4z
b-+
f5@
a{~
cCL
fT)
b8=
b+H
f3r
g/'
iXM
g!G
dxy
eVv
j.<
hpn
bB4
g'd
kd.
ghc
jne
emV
gjG
f`[
kT$
h=8
l^d
ijo
l>j
m@\
i$i
ibI
keP
e`S
hV+
c_k
d`?
lKz
l7w
k1s
l4~
lHG
e!9
iJR
iCi
h##
gZ,
aE$
j-6
e+s
bQV
d7N
lv1
gWU
fy\
hAY
k^9
d[`
i,j
hsa
bDd
hP:
g2&
fb\
iT!
m&*
io?
cC6
jtm
cj^
d1B
bP0
a-@
iSk
eOK
h\0
br]
g:Z
d[b
d4b
d}f
f&y
nnm
aSI
j#>
a'+
fOa
fB6
k89
c0*
fM.
enG
j[[
i#L
iS6
a~'
d&k
nss
iHu
cM>
crR
m<z
fym
f|5
jt*
ijO
lMt
i4h
l~Z
b)_
h&p
mq_
iM*
lt:
bC!
ad7
ecN
hv{
h$A
lR5
b3O
j"D
m/+
cdn
feY
e8|
mL:
aTc
mpy
iTZ
ho'
i*G
iPO
ih>
neW
e~d
fx0
k$L
noq
hbk
g~/
gzn
h][
cd~
khS
erB
eo/
a\o
e.I
jeV
hf@
jUr
cf$
dp<
kSN
m&l
jv>
gDn
hd5
e8I
mI(
g`F
c$r
kmF
grW
k>(
k}p
k)V
hx4
diT
iL.
hp5
b6k
b\h
e`I
eh!
h-p
l,H
d5D
dmc
jNH
i'o
f,!
nfL
gNL
d\b
jux
hqj
llZ
d4/
mc=
hGz
a|6
i]5
e%%
j/A
kS.
d+e
ekq
h|`
i]X
ial
lgy
c2x
g.I
hK@
fHL
a9}
i0z
jeR
g[?
g<p
ayy
le2
cp,
g5,
hN.
eSQ
m(E
cv+
dQ>
foS
afK
h_|
k6=
b}R
cY{
cq=
fEe
jtv
jOw
cTV
g#q
h/_
b`6
eSo
c=U
nn\
mdh
f0d
nv9
aXe
c<i
lrc
baC
jn6
lo7
d,_
d~Q
b-5
c`1
eoz
fN\
aHY
h">
e#e
a3.
jwc
ewU
guB
d#b
b=<
f=!
f7r
l~E
fb%
hF.
aU^
dvT
fd<
f-B
cWK
i}U
e!F
c0'
gd)
idn
dOy
c`(
d3R
c?R
c:z
fNb
mx"
hCH
lB]
g\o
m@w
i89
a(a
f!j
fJk
ayR
bNT
k`w
io3
imf
b0f
iC*
fSI
caS
k+Q
aD$
l7m
d.a
l74
jfH
mvJ
kyR
iS%
i}n
nkz
dkG
c={
c]L
ijn
ewZ
f+!
hSk
fm&
hG~
cGf
gnN
mab
iG\
c~)
j-\
nij
ah'
f=m
k}J
jy?
g1*
b<m
b{C
a(s
am}
g7o
m1"
as!
hFd
fjY
d@L
nrV
kyf
mLz
g)c
g`0
e6^
g^'
c*\
eMn
hOb
d9W
e0A
nl2
dfh
jLW
a\t
h7B
lGS
nd[
lFY
cU'
fm\
kzX
eyD
k"B
nt`
h}n
e|_
i^~
fgj
fuR
a$K
m(3
brv
jPw
a]+
dR2
cIn
c`x
g!c
kg6
f8?
dk?
j^K
k,)
d"&
fl/
m0}
aY)
e1u
k1.
mou
i5y
c~!
noQ
jr.
kK:
anH
jJ|
mtW
iMN
eKL
aHx
d4+
mL#
hj2
fBn
h|M
jfu
b,O
bh}
kHv
h!U
kj#
i.k
eIP
h<[
e@K
fr2
aJ-
jMu
dU\
e$5
b=)
gl)
hdJ
hA[
a7!
eb_
gwQ
l:'
kni
hS1
dz!
ls2
bgg
j@+
l>[
b<V
g&2
c52
eSY
g(w
d2>
cf]
a5D
bkX
h@1
is+
j`^
f6<
i-a
fbW
d(>
iH~
d8c
iVO
lm`
iGg
g)=
g9N
i'=
hrE
bxm
hw|
ehX
cO/
dz7
ezp
j8x
c0M
hM)
cs&
edn
kY&
k]g
j/<
j)}
eS7
m*g
d@#
iFV
hP.
h8)
axx
gQ_
ceb
gBy
cED
aZJ
b78
h0{
an_
cN?
j4F
i{4
k:g
kS(
iC_
aQo
m{m
kOw
b@L
a(F
l[,
aP1
k*V
dcd
m7=
aHA
h@"
ijL
b~v
d>o
laR
ciS
mH?
aSx
khy
kjg
nrG
e&K
iVi
h[G
i[_
ic>
dN,
a".
fTG
c[r
d"*
nmL
ksv
lHL
lhS
d|9
b!(
jp8
g%&
dEW
hBL
bx$
kb)
fNu
eT}
m7d
ngg
f>d
cDD
g"i
lqf
l,L
f1p
mz8
gkc
l5$
aUO
dYP
hDr
i9`
gY~
j9]
l1Z
mi0
h)k
lfZ
jGq
h>D
gol
m'&
kI=
mDb
jN!
giH
doG
g?x
aRo
dct
a|t
l6.
j8P
e2T
jH-
eSN
ai?
bR:
m<\
l|k
a+-
j3d
bAf
g4o
mwQ
j=q
l8z
dYD
a$b
h$$
hD<
nb>
is=
k8i
lE(
jh-
kHU
gN\
eTB
m6Q
k/K
c#n
m_L
bK#
b`Q
f5W
bzU
g`e
b`d
crN
bF2
k:v
eFz
d~Y
i$@
kmo
l\q
dm:
i?O
ddi
a"}
eN7
miP
eDq
m.&
gO^
bse
l*f
dt*
ia3
eyM
ll\
ma[
jOv
mJa
gEn
kOc
gQo
b%:
nrO
nwA
k'G
dA3
fiY
dX5
j*N
h^/
g`O
bZo
gGy
cYZ
f/?
j,d
jBP
k6(
e|=
i2p
k9W
a.G
hca
hga
bVH
nn%
ggT
m=)
gS@
jP&
iOl
i5u
d~`
eIt
fH]
lF.
b-W
aj[
k53
fZS
f/s
iOh
mhl
d!a
l#l
g,9
hbT
a$y
an\
fiW
kPo
i}/
l_C
hlC
iG=
fYM
a&L
aED
k9t
iAf
k"U
ax"
ig/
mE/
mvW
c+u
eIG
b.b
cTP
cHL
l8^
kOp
e.#
gc"
mPe
m'Y
d{f
bPZ
jYz
epX
loj
i"w
d?)
fZo
a~7
c`M
lri
g+!
hF{
izW
e(i
c*i
jc/
g\j
l}d
i8y
f]P
c{q
mEO
f1O
a\+
hJ1
j3?
eeU
ikh
hpC
a]1
bEm
ew*
g>X
ecS
huK
k_=
bG9
kr]
g[J
cVo
gJd
a"k
aum
jHC
c7*
ac]
jZ~
j1^
jM3
m[4
bJv
fuw
fVe
h+P
mr_
i%5
lc^
k}h
iu?
g8V
dr-
fI6
fp|
l%?
i(N
ktE
fg]
k1R
h?]
mr]
e3R
e+y
bsY
mW2
lc0
jtR
beI
b[,
dV=
gA6
g.D
mh}
dnh
hO,
kRQ
g8D
a$G
nsh
aod
a+>
ke.
e&?
j{|
ac|
jQX
l$Y
iG:
nmn
bJB
fQ>
kO~
i8g
fUD
m=W
a2!
eS^
gsM
lY_
bjo
cvB
mRv
b!a
cH(
cx8
b>l
cN(
fpx
nAm
l$-
i_z
h\1
jiG
kzY
bX/
cM#
g)8
hS!
b.~
kxT
bwb
h4r
j_#
d,x
j(J
f>o
k=K
i9{
c^I
c`[
aB,
kO_
ahj
b5T
aP9
np=
i4\
dH"
ms-
l{s
jK'
im!
igl
aV0
dy9
e:@
ivv
daK
a2'
mX&
bMT
g>P
b@:
aF+
e8Y
c{O
eRq
dO6
i=P
j{^
anz
m8k
b>V
l=[
d_D
i0t
cdT
bk"
h3[
k]"
j~I
bI0
eA4
a"]
f2y
drg
l~s
i?q
a^w
a!Z
f4P
cLO
ih!
l48
f&|
d,L
ltD
l-R
g4}
gQy
f40
cKW
iR=
nrY
l}b
nAi
m>!
kLS
hNd
dmd
lHK
j+c
g/m
j\e
nk+
izZ
iB,
l@/
gk)
nj_
mK^
a~Q
kI?
kTS
g{-
kVG
l=e
d-l
isT
j89
jf"
k=M
b,~
ks]
j!>
nc7
nb}
nr+
jo>
jsJ
c~m
gt6
bib
f!#
m6M
lD/
cy4
m7_
eaa
e)J
l5b
hQ`
d@}
h,7
iL+
kTg
eoN
en:
huH
a4<
ihm
f[E
e$P
bIj
i4N
lVU
m7e
jn<
j_N
gTI
eZ[
fm.
mr9
a1p
loS
fyB
g^L
a$o
knC
cq!
ecj
c(w
d0O
in(
f`K
db+
e_L
a!,
g>A
nyH
ft$
d3,
d}a
ldW
g@J
mW>
mIr
dCs
apU
dPK
bSr
f@a
dZ"
c<B
f5g
kUT
lDO
b6=
gkn
j`d
jD?
f_=
fK9
f}]
m=Z
m[n
ndM
cYu
cE|
ipP
j<R
l0|
j(L
a3m
bs(
lGY
jGT
g*o
dla
lx9
eRc
gkq
dwG
kW:
d`\
mQh
e7:
f8,
cZB
ejr
kUW
g39
hnh
i>a
h5Q
geb
gv/
fc<
au,
ju!
d[m
lHQ
mgN
fjq
jO^
g,N
i:C
jsB
iV]
kCK
hEc
f%n
a$s
lls
l\<
g]:
ko[
g_,
ld_
a!D
b9m
hEK
cV/
gi8
ixg
kc^
gs)
b9h
ax=
kZN
fG1
iR]
dW^
mD'
mTE
hT#
bq`
e2_
fQD
d>>
g*<
g^"
f\x
e4Y
aIk
mVK
j5D
l&'
b17
m9s
iCA
dU,
e^|
lb5
cW:
md@
lQH
dOo
b@P
ht4
hR6
b`V
clI
b[(
d=m
iCK
aIB
m"a
h@<
i}F
dzK
djC
jk^
a7E
kT{
m?=
ga&
e?'
l+N
ask
mtX
lV0
fL8
hHy
iZt
fbm
lF:
mZR
m%O
f@v
amh
d?u
lNp
bN<
m&3
kmM
jE'
b6<
fu%
h8:
eXP
h<#
m0%
b@V
dzS
m3x
bDK
mN5
jG}
b#t
j.[
k#i
jyw
aR"
jqR
m/x
d1_
b26
mC"
i(}
hG3
e4R
grw
jNT
c:h
fY:
h'o
h`$
fID
bOM
av{
b-9
cnH
j"Y
l@U
a{"
em!
h78
nw.
l{Z
jBJ
izO
mB=
c/"
eTf
apS
g\b
dd!
an(
iXy
fQm
g*Z
ipz
lL2
coQ
i]%
hj7
fc5
jcY
lP=
m<|
b=x
ly6
hlp
d11
iX3
e3A
czf
c=p
f0!
e8h
gXF
dK.
eT3
ctk
i_m
aeO
fq|
j{p
aQ6
k`/
dLB
f^U
gu5
l}8
aq9
aNC
d**
j0u
g{v
jAu
e8p
k&m
g{A
eys
mJ?
b{J
gja
jKT
cU6
dD?
cyp
i[U
bsJ
eXZ
ne\
msD
lH1
i$*
c8Q
d5<
bm?
m<C
hX`
jTy
m&H
nn/
ba@
l*_
h9a
eHJ
a]d
dwP
hv@
cM'
cC:
dE$
kV,
kRZ
m=&
gjx
cV<
i?c
fC>
dic
aV*
hCX
lX:
m6*
hl%
l8`
c"-
b>L
hMM
m\!
lK|
g95
j&S
jd>
jhS
hHV
bhP
h{6
hdq
jXZ
a?x
lou
i8~
gC(
lMj
f/!
f?I
m"4
jYZ
c2D
dHT
h&d
nA%
kWB
d_6
ia>
myS
kM[
jtC
j<>
eX}
ao]
gbW
kkA
aXa
eWQ
c28
a5K
m*e
iI+
dXH
a/Y
a^K
a6J
fu*
h,j
km&
jz|
eTd
hay
i%]
jd<
f.j
k-i
aD2
ch5
d`[
h&`
mW}
k(Q
dfQ
j,!
j-Y
e)?
f#%
i.z
a}Q
b.Z
i!$
jUE
ejQ
d:b
h|#
bL+
lid
e(2
l*^
dA{
dov
mGe
dwf
b0L
jD3
dPc
h2P
a3z
mE$
e[M
fnH
gIV
m5S
d*^
f.h
d~c
is[
liF
k?O
jeS
f1H
kU+
kc\
fHe
l*i
aEB
lMb
fC1
b=c
g6P
j00
aV/
lHz
c"F
auk
b%h
bb~
gaf
g5}
m>3
j>X
a.C
i)f
g^A
b}:
k`g
d1@
c~]
j0G
f.v
e%X
f1&
kd"
hHl
hW`
cF)
g!A
mSx
noj
eQF
j9n
bO~
gXG
fe0
h0&
lij
gm/
f5j
h56
c,C
i'Z
mbI
dp"
i[=
ewH
m.L
m|(
c]r
emj
hdx
kih
d|.
l(G
eL`
iqd
m<S
jW_
b^J
f1=
b!~
dRk
kYR
m<p
j~D
ltt
jpr
l|P
fA}
cd_
mBn
m%A
d{}
fWb
g?0
mB<
neS
i,i
g,O
e,3
b4!
cH5
kmq
a`~
f`-
m=[
a+q
eKC
hh(
h+=
b:`
dyl
iBY
htS
e|C
m]!
dLN
a.x
gU1
e\+
btR
b1/
b)b
c{`
fcr
bJ0
gLY
j'c
c*O
g,}
meY
mEu
nhU
dC}
jQ7
d^{
jO/
jr4
g?z
a?X
fiC
e"N
h&n
glO
cam
cG{
h)M
h(N
jnz
kd<
klt
ct>
hfR
im}
g+-
h[I
aX6
nn-
kVO
ki0
llp
gr-
doc
eQ$
f]%
b:)
i?j
i`-
im<
g72
dx[
kJN
mj3
f#:
a{A
f7h
i%,
k:m
b45
fv'
iH{
gi*
ma\
a',
hd9
l[c
iK,
k@S
j/#
f4B
c6.
hS@
g[A
l<G
bpQ
gT4
gN?
bto
ji,
jtX
lEA
c{N
j@{
eWo
mel
gza
c-j
eLJ
e`a
kP=
beQ
gB"
m:9
dSP
c{n
jex
d|b
hFN
bo?
di0
b$q
l>Y
l>.
hj&
jH&
h%=
bY?
npE
k?$
aF{
l"1
b,n
b7$
f8C
cV2
hwM
akp
mg@
fG,
kB=
c\8
h,E
fZQ
baN
c/<
ddE
hbR
kk&
iMM
a<*
dZw
naK
eGx
g\i
gdF
fY1
fS8
cc@
iDf
kw-
mcz
j%:
hb.
b0j
ddC
gCC
j*\
aQF
hHr
jkA
f*Q
my`
mDv
fqN
jtz
hrS
hSE
k<H
iaF
gp*
hu)
l#?
h'V
fJ9
k&{
mSD
gmY
gS0
kF@
f:J
g4a
djA
f%z
fyu
i5L
cQo
g6}
bC0
f4Y
mh8
b6}
mc6
lI?
npR
m=C
cqZ
g8e
bH|
d:=
fs:
g5Z
dSx
bhs
mg%
b4P
k9}
kae
hc)
jq+
j<P
ay9
aKF
a^k
c1T
dhQ
gBo
a1]
cA!
i4<
k)?
fCg
d%5
b_c
bz+
m<L
c6f
dT?
fq[
eR}
m!L
lz3
g@!
mm|
mc4
dvw
j|H
d[G
dDq
g0T
iGG
nes
e1G
nh=
bCO
fVK
b4v
dCe
m=o
hkj
dK8
e}0
g03
b`v
bSu
l|h
f/m
mq!
ivA
iL?
h^3
lE^
j#h
k3E
eQ9
f&O
e]x
dX3
b^<
jEF
aFb
m3(
kj<
fT_
jJ,
cS7
iJS
aA%
cK$
bmF
gw[
a[>
irz
hZB
mR1
bNP
f_9
d0'
i'N
de%
cau
b.)
jxS
nn>
k!F
k-h
min
az\
k9"
f"l
nhB
eYN
dU$
e7M
ldS
mFA
dwn
gM)
b<n
g/E
aI5
j9u
m,x
d)v
c`E
dsD
fXD
c0Q
f<\
d-R
lW0
b.8
jdt
b(Q
m'e
b9,
exo
h\m
im^
j!U
ked
g"&
d'"
cP]
b8%
hOU
h}I
hB5
ash
bP+
bJ?
l*z
fe4
c97
e+*
e?o
my$
e1h
m$~
kwm
b!%
i!5
dj%
l!d
gCO
k%K
ck7
cgV
hSd
kTz
l6J
brf
k!4
ksV
bcf
gt,
auD
myG
j~o
c/5
kWr
c9^
bGf
g,\
eZ*
h=3
kO\
dDk
nvK
g^X
gmE
j&(
jBy
l&T
gXQ
gKy
agL
c.]
hNU
cBP
m-v
b58
bS2
i/S
fOB
deJ
d&i
jVQ
mbT
e}M
cVZ
gez
b+x
fgE
h,`
hbf
m_(
j)+
hK_
dIU
fd\
dnd
d0&
kY{
c0Y
g%)
gv3
aB0
l,w
kA2
g{Z
h4}
ejg
d2+
iif
a8%
fDR
h`7
cwg
h~q
d5S
m[9
a@V
edg
jc]
lK2
dY7
bTS
hvd
lyf
mKW
izu
cF+
j88
l(c
g{1
j_"
lP!
da~
e-o
mAF
lw.
b_p
cNV
cVj
d)n
d=l
agl
bR\
nyC
lw8
bhj
bz_
dzt
i0*
izb
gt4
f]_
m`e
iO@
bM'
l`o
b_]
k.'
ltR
dWf
hBG
a#G
l-|
m$$
d!p
g\|
dxR
aWV
a@2
k=a
cjQ
b0/
e4{
eD[
hYt
hsd
m%%
fYU
f49
c9O
d@c
naS
eLX
gvM
j4p
b4,
h0y
i>5
j7y
m.=
nj2
c}5
d^c
h]#
lV3
jit
bhN
lr%
ej:
ihc
gtn
in+
ljz
f^\
gK6
fNH
f&H
g=a
a{D
aSp
a-n
iq&
j1F
guR
eA2
i[,
mt-
dc,
iO"
g$-
f29
csm
j*&
cjL
j*:
iTD
b>m
bpA
fKo
m%X
no:
ks9
gL1
le8
hKP
ixF
fv-
mL1
j]#
hya
e$*
gRG
lg[
jBF
b!1
gsC
kQM
f`}
d%l
g"]
h(z
jyj
i?l
bHM
jdz
e8N
e),
ha,
hn!
me?
cZ@
e]K
asz
gh0
e@S
bCf
bN!
lg#
bjx
iZ0
jUX
mJU
i#[
b5Q
gWG
df_
i=-
duS
lO6
b|h
jR\
eLF
b!s
cl(
go(
cL+
h[%
nuX
h3D
eX<
ih3
c=j
h`?
jzg
i3X
cM&
fnZ
fjp
b%.
lsY
h]Q
dbZ
bQc
kHp
iMV
as<
bM)
l$T
hr1
egF
mgo
g!,
d'{
ho^
mn2
f:v
lv/
ctJ
h!{
h|(
mu3
jYm
bZz
ko|
g$L
jej
j=@
ng0
m"H
lnZ
i'#
bWK
mUa
k4z
b5#
d"V
i<4
fxm
lV5
jh#
iw[
cL.
gI$
bx6
fEs
l|!
m\v
e'}
iPV
bQk
dx.
fR)
iyd
lc3
esk
g^=
e7\
mkU
gV@
e2k
k*h
h'e
dT$
a^F
m$"
j&|
fFL
i'@
c}{
iks
eA1
ea?
hob
d.m
bk$
eld
kpq
mK8
m0H
hCm
mc8
i]F
kD6
kbk
ae0
i*A
dfG
f#&
l50
bk}
mk!
hY3
c^A
fr*
j<q
ic!
gBE
a'^
mc!
h`C
dC3
c7W
d>V
ayY
gr@
a@F
h"@
j:D
b=q
f0r
na{
b<e
fb(
epe
e}a
laV
aDw
gf#
k3Z
e@6
lBn
gsW
kie
bSF
a:`
fU<
m={
h0M
iJ^
cSj
l_[
c.T
eD:
jKx
l$=
i5\
mT~
i_F
i!}
bwC
j^F
hFm
e97
b8C
d@l
kgV
i/.
k)Y
geT
bp)
ksw
l{k
f{U
bM7
gWD
neY
kGF
mZ8
h|}
f2~
j(j
eo~
e~}
e{@
iD6
cBy
bTV
b,A
b~f
gTU
mck
lkL
j7?
i=3
d+j
a!{
dI:
jo|
c!u
igE
hF(
bPy
d.g
h>4
baE
j\,
ieI
mYH
am>
b"n
a6F
lae
lqR
gUD
gf$
c}e
c}~
kVm
jP9
j}.
jHW
kO4
h7r
f?B
d*_
cg!
mB3
jV*
gu~
jV5
lyE
fx1
nrI
jLF
k-4
iOp
mCR
c&#
j[|
l]-
cS&
j@@
dzb
j#A
eO.
b\`
lDe
g.N
aCc
a<,
ko#
d4w
mm_
fMK
e/x
f54
dbg
dIi
jS#
j1H
ayt
jWs
bK|
kYQ
bYg
i`+
g&i
j=d
m:j
j*=
a,}
i{j
hG*
m>7
gA(
hwN
kf!
m:f
d>`
hv*
mr6
iV}
k")
l`u
j:*
aO|
i?Q
b43
jl<
j$A
g^k
g]Q
mDF
i4b
g<E
hn{
f|P
jNG
mJL
bVs
ajl
e/h
f3"
b(7
fyV
hw[
cnN
mT6
ji\
aJ%
lAJ
d+O
liK
biY
k7~
aC:
fO!
b^U
gGf
gOv
kE[
e*b
l/]
d{+
maK
b1X
bb5
dBY
jTc
hcU
gOO
h/y
cOx
ji*
lSZ
e&f
ld>
m9.
f[8
lWs
i]Z
kYD
bQ4
l&C
i6H
j>_
bOB
abJ
aY.
biB
asL
go:
j6v
hXX
gg4
hEr
d!1
j0}
mwc
dp\
lpd
j4Z
br<
jUF
h\e
a)l
bFe
c"|
m~C
k.K
dT5
fp`
k+F
fK"
hh/
g!0
fVn
g~Y
d<0
klN
fe|
iR|
k8C
i{:
b4a
kV|
i2i
fCA
lC%
jjr
hI*
gd<
ld|
bph
ic7
m^g
b|B
i~n
dv3
mzt
kQ<
l6<
a%/
kPG
gt:
b|J
lad
jZ$
cKz
kNp
hq[
a*J
dq0
j.F
h6`
d*O
h5&
hy|
h4"
cC9
mt)
f%:
k"V
m*h
iN5
l%X
eKK
g?v
lR^
my.
mRf
bWn
l%"
k*B
dOl
c0p
h+,
m2t
ip-
bbY
iJF
bj+
d'Y
mhk
dJO
bOT
exW
ls?
iS#
f:d
iZD
lI:
hzI
m$D
cnU
gCj
hS7
lR{
f}%
l4H
k?L
kkq
hI/
jA|
aO>
bD7
kIh
cVu
geH
m_k
lyZ
i3N
kw0
j8"
g0=
kuz
hHN
haf
nuE
iAe
iq?
cL5
l1L
k{_
e^t
j&I
jg#
m"2
k>9
ggA
j9c
lbM
j^X
a.,
h2A
m+t
h[T
k8'
io7
b+J
d(c
hNF
fD<
mkQ
aLV
lwh
bBI
j*i
mX2
c<l
fdt
gRp
c5_
du4
i}f
l}E
e3x
dZ~
kM&
hw*
b9E
m_/
nkQ
ei+
fW>
bXd
l!-
bY&
cPu
i1V
m|M
hg_
dDh
axH
e7-
iqW
aD<
gCY
fNh
m?g
eZt
d6l
eaq
j\A
c.E
eU/
eP1
bsG
be(
f]>
h[k
bA]
m*X
e}e
iLl
eB=
kFr
gtr
ih4
h@X
b<s
g>\
m!:
ibA
iSI
e3O
h]u
fQu
fE/
lza
iSa
niC
gI<
bt,
lUE
e!?
mOy
lfK
j~p
dNt
a.&
bIM
d>[
k+M
b]K
cJ)
d3%
b~M
cuL
jtq
a,k
epM
hCk
aES
dh]
b&B
h>y
hm`
hVa
c*2
bvX
mQW
dB]
g)p
crl
etD
f=t
c]A
lvw
c^=
fj.
aVc
fkC
iOW
dsG
hu]
m/l
i)0
ea"
l`W
g/N
a+h
hk?
fl>
li"
jg*
d'b
hri
anG
mc2
cs|
fF,
hv&
d9_
e/X
cy=
ia?
ns3
fC{
bI+
iWJ
bG@
gX&
e1U
jQ2
g?=
jn}
j}C
m#|
l|y
nj:
clv
jaZ
k\Q
hCT
boD
lt|
c8|
nxH
i?M
hw:
nfe
e,G
cuc
b>D
cZs
cp_
b-Z
k7p
eV2
iX`
cw-
d3H
d}%
bkq
fY%
dOQ
dBU
c}r
b#2
c0x
k:K
a>B
hso
dU/
med
at7
mZN
h,a
k<C
e$E
e|w
h51
m9x
fKA
hpH
g-1
g5u
gP2
l^O
c.X
b!p
gNi
as~
l?u
b:v
gcm
aB*
l$M
d%Z
ab{
i)o
d}#
g4V
nAM
dHo
l(F
f(S
aiK
c(X
g"G
jp?
g%7
b&?
f4r
a<+
a`&
i<P
hl$
iLU
g%u
b(,
dCz
a4n
aH^
f`,
dul
a3t
b?X
dk+
a"W
g"L
kk8
aE+
lC-
aN7
l?b
jG>
iYD
fmL
fv|
hK/
h~n
g1:
e)K
jh.
jMx
e[O
exk
em'
dv:
gJJ
dmq
eY-
f=X
c1J
l4i
bmU
fag
cc[
jgH
k|X
au'
ec>
msB
lH@
fDi
l2:
j6#
mm=
gW1
aD>
a9p
iNc
j8Q
d7^
nx%
eJ7
i~8
k~v
k?W
jz'
bM$
gB~
ddn
ai2
d~d
irR
dR*
f,F
lOE
k&D
g?|
aR5
b==
b[8
lMv
j7u
hsZ
g"+
jEx
ik>
d{_
kmN
eJu
jNL
c)^
b*C
cav
fa=
jGJ
h$S
na]
g$n
gWW
a5[
d=5
fz>
bT!
c90
aCF
jVJ
l^s
hzl
bUS
bWg
e%q
i(0
m(t
iWi
j8o
fXM
ni`
l"]
lxO
kp2
h)~
h]O
a32
iHn
nb8
ed@
mR8
d)o
gie
jQb
jrH
l@T
fEX
h6{
j6|
l#W
jq>
m.b
bmo
iay
bfx
bvN
iQ+
eM]
mJY
fK2
k3!
gD<
c>%
caE
d@~
nee
i]=
mcm
mj=
h+{
m<k
i4t
du\
aXG
hGq
lL!
m/w
cd\
d^[
mKf
dS8
dfo
bAp
m0j
hL}
f)0
iN-
iF7
ij=
lZ5
f+X
d_9
d9h
dFN
lT#
d>!
kO?
kqM
htq
j@)
beg
d.%
a.3
eu%
l3K
gBX
b+A
k!&
c2g
bei
fCo
fFO
hjE
h+|
k*8
i`K
g_\
i#,
bA8
etK
f>w
c}A
dTT
jE+
e*1
hd`
jYT
b!v
b3L
il8
f{0
hzi
l`T
a&t
e*R
jR>
kP5
at:
cm$
d(4
h,~
lI7
cZI
lgx
e16
b<{
k1m
eVJ
czm
j.O
j4V
k)T
hm?
k+J
a%}
a0d
eu^
d%I
dGq
cA(
lX6
mM+
dzA
l^2
mx9
h$a
adZ
fQO
f|`
lN4
c3A
a!!
a<D
h>(
i^K
lmL
nnf
m\7
aH6
a+\
ho7
gAo
l&q
gt.
f>q
k,0
bT>
leg
fMi
k-=
mN8
i2T
i7'
aXU
aC9
ei6
chs
iKD
eXE
l,O
dCR
j|N
d8j
jYs
iyo
dwW
eZC
k2i
j+g
a-c
k12
j-%
b.3
clY
iI0
hQ*
hq)
gU,
hd=
h~B
aOl
j7F
e-f
iNY
b{x
h3|
aN-
g6I
f`r
nvD
dQi
k~Q
a0,
jCd
eNz
k]G
kVw
l,b
mSE
a(y
k9=
muv
kS$
c'i
l.p
m6|
ce]
nu<
eT:
ixX
mJR
glq
cMr
b]7
d^j
l<i
eTy
eu(
kN=
f@S
hXs
h<{
b{.
lQN
j$~
ns>
ifS
g2+
ln`
b,5
fJ)
hyN
e=y
e/"
ev3
kuQ
av:
b0=
c<a
k(`
i&X
dzv
kaD
f0@
l\u
h6~
fAr
dlX
dg2
hZ?
ev.
b|K
mb~
c"7
aw#
f{Z
ctx
mKH
g:]
mg'
dlF
mJ/
f,0
gN[
aT8
i&Z
d%o
e9d
fp2
g4K
iTa
fMW
l?y
dni
mht
m`+
h{P
jf.
kW/
iej
b&n
i'W
dXg
f7#
k#>
bdV
c!G
dL9
c)2
lcL
jKa
i#g
ig:
e#V
jVd
k_d
d/X
b1w
lj8
b|n
h5:
b#g
dWz
g*&
b_&
fML
fj$
i.l
h9H
aF,
l(!
hDD
an#
f$m
iU\
mt,
cP4
cKt
cfE
l!v
b}B
l4@
ea4
k|\
h1V
jh+
a)p
e::
f'v
gH2
c')
a7h
eVK
enj
k^8
fi^
i=m
iDg
l/!
h!w
kR}
l:~
e)o
b]|
l*K
lo2
mHp
jLk
mQ?
g}j
es8
ckh
cXq
ffO
gmD
bW{
g]@
d()
l&L
fpl
c.j
l"d
mBC
g(X
f3~
kGA
g!5
ch[
cDF
i6*
a#m
kqp
kGB
d&G
i|,
mA)
g)s
bE-
l^k
ms+
iMI
du"
bQj
g{,
hpm
eX^
h+p
giG
gYA
iBd
k(P
kS}
l<e
bZ)
c3L
ikZ
dra
lRb
a5A
a+4
jpZ
as*
b7/
j4Q
d)H
i8K
j[}
bx5
eb4
fS.
g+&
kpz
i:E
a`7
e%0
g$i
eh:
mqx
kBE
if\
k?#
mZ/
bC~
la!
h!t
aCw
j=.
fy~
atF
c?:
i[*
m:@
lnK
dM!
ie&
g14
cuv
a1(
f#2
j'2
d[I
bNn
d>8
dk}
km`
b+k
d1c
h(@
b?d
c}7
aZ5
cAr
gsP
l&w
cu:
h|b
k/r
esJ
h67
iDT
dD`
f<e
kEO
c9h
acG
ka-
d}U
b[/
i<w
ly!
lDX
e#+
e!.
kP4
aM+
c4r
l\f
b{Z
g~^
ijA
l],
de8
eE&
g}~
aJ}
e87
g(V
ejH
f3+
lve
j{0
j%i
hc<
m-W
c'q
dNe
gpv
ng*
eN\
cuW
l$~
e/N
g62
gx?
kXu
anY
a-M
e)<
c.(
iT3
he(
b:B
g%(
a=u
aN~
c6X
bR?
bUR
cp2
g6<
m>S
hcF
aI)
j!X
iZ,
aK*
kk[
a}$
i%G
