AKQS
CYYI
DBHC
DHKV
BDYM
BIIT
BMYR
BNBY
AYMW
AROC
CQFV
CIFO
CGYM
ADRC
BWGX
DEMH
DERT
BDNT
CMMQ
DEUK
CCTX
AALK
BDWF
BCAW
CCBK
ADCT
AEEI
BFJK
BWTU
CISP
DGVO
BYWS
BVCO
DKLP
DFHH
APNO
CFGV
BZQO
AQPQ
DJMO
BFIX
CUZU
AFMG
ANWM
BYRY
BWHI
AWVL
CUDI
BYDN
BJWO
AIPY
BIOJ
BTGQ
CNPM
BKFC
CYTS
ARBQ
ADFW
DJJJ
DCWW
AHMS
BKBL
CXWL
CDVT
BCNQ
CUSE
DKJZ
BGDP
AOJL
CGSW
BQWM
BPXI
AJOH
BCSW
AASX
BQYN
AHCG
AIGB
ASPE
DDFP
ABFI
ABFN
BJNY
DHPS
ADVE
AVDL
CQBJ
CTZG
ANCC
BNGY
BPEA
AYVA
APJG
DKFO
BECB
BUDG
ASOK
DIOV
CETG
BWNR
CRPW
AXDU
CSKL
CCNM
CRRW
BTVI
BHTA
ARSG
AXPU
CETV
CGJB
AVEK
AYRL
AERA
BNCA
BEID
ACKW
CGZX
CILE
AIZI
DHIJ
DAQA
CSSU
ARUK
BXKD
AJCF
CNDH
ARHG
BEZR
BHNS
CHPK
BXEZ
CAUN
ANFD
CZHY
AFJN
BONK
CGXR
DHVX
CWUO
CRSG
BKVV
DCII
BOGW
BOLS
CQPA
AXVJ
ADWW
CCNB
CHXN
AMCH
AVGN
BTZD
CTUL
DJRC
BDFF
ATCK
CQYG
CXNM
CBOI
DCYN
ALVC
AMZB
DCFC
AWHB
CQAL
ANRS
AHRT
BPHX
CLHL
ACXO
CVUT
CPRH
BCSQ
BPHS
BDMW
DGML
BYTV
AXKF
BQYL
CMVR
BOBZ
BELF
DKKY
ARZT
AZCZ
CWIQ
DBTI
CXJB
BEVF
BPZY
AVMQ
CGZG
AONO
CFEE
CGXD
CKIJ
CECE
BGXN
ADSM
DBUF
AJEE
DEOQ
CNTN
BXSF
BJJF
DHWM
CSXS
CEPB
BPQU
AMWD
CWNI
AOYY
ABSH
BPSB
DJHU
ABMO
DADF
CWUX
CPWW
AUTW
AZHS
DGBH
CMPE
CBHT
ATJH
BINL
ACIW
ADCC
CXCE
BXNF
DAEM
CJAR
DCHE
ASRV
BTAL
AAIR
BIFY
BJHL
CUSN
CPVJ
BPNZ
DAPL
CZAC
DGPJ
AWMR
AHOD
BKBJ
AHUN
CLXA
DHOZ
DEGY
AQZY
CLEW
AFEE
AFZF
BXVJ
DBWQ
CGIJ
AGLE
BOSA
CBIS
ABIZ
CGXB
BUXZ
CDMQ
BGKT
CJWA
BYII
AMMZ
CNYZ
CCNY
BDDT
BSCK
BIPN
CWZS
CEQN
BBIN
ASYT
CCCX
BXDL
BNSE
AJZN
AINL
DJCJ
BWJH
CUXO
AZEP
CGZL
AUMS
AFAS
BUDL
AJOU
BZUM
CCYJ
BPQC
AWLH
ACKH
CRZP
DIWS
AZOJ
AGKA
CQES
BXOT
AUDZ
DISK
COFR
CRNH
COQB
AEAB
AEPS
DKMT
CSMB
CYUL
BWJX
AQLY
CRMS
CXGN
AHFH
BODL
BXCN
BJRS
CLGX
BFKQ
CVCA
CUHV
APSK
BEAT
BZOA
CXJH
CKTC
CYAF
BYBG
DCPZ
BBMD
DJKA
AFHN
BWBI
BQEF
DBLC
CUVR
BACV
CBDD
DFLW
BUTQ
CUXA
AKLV
AKDS
CUYS
CWXK
BIEF
BVXF
BYSJ
DJIL
AVLX
ATWY
BSDB
AYMY
CRGN
BEQG
BRQV
BROI
AZZL
BNKN
AJLE
BJSB
CARI
AUHP
CUTX
BCGD
BWSV
BEET
BLQR
ADQP
CMVL
BUNV
BOZM
ADEL
AQIX
CLTR
ABPN
ALRB
CKLM
ALUL
CRSC
BWNY
BIKV
BPOY
AEYJ
BOPI
BCJI
CKSC
CHBM
ADTZ
BEDW
BJKT
BHTC
ALTC
BPVQ
CZKN
CEAK
CSQY
CLJB
AZXN
CHRC
CUXF
DHUR
CJHZ
CHUO
BAJI
CRKP
CURR
DAPE
ABCT
BQBE
CDPM
CFPY
AGDH
BEKI
AIJH
ARBR
BKMC
CZHF
DJBD
BPRU
CQMA
CLWL
CMQL
ARVS
BIIM
CGTE
CZVV
CXME
AQJJ
AYBA
BLLD
AETX
CXSL
DJPH
CFCV
AWBS
BNPV
CKIV
CUUM
BBIZ
CJRM
BGUH
BDLP
BZCK
AMGT
CYUW
CYXH
AGBT
DFHJ
CKXR
CJRT
AHBX
AKKT
DBQI
CFHH
ABQW
BSNX
BFYC
BCGM
CBSM
BJVK
AKXM
BSLH
DBPO
CIWH
CCHB
CUDW
CWLG
AOOB
DAYS
DDZC
AQAW
BTCR
BUPM
DBSG
BQSK
BVBC
DBEH
CFJP
BFOY
APLX
BACU
ANRE
CZPW
BKGQ
ARVV
CDQF
BROO
BWID
BUDM
CIFX
CUDV
AIZO
CRSY
ACGO
BYVA
BUUJ
AZHU
CMAZ
BJXZ
ANIS
CDCM
ARWJ
CEMV
DKKI
CNGT
COGM
BBYP
CIAG
BPNS
BXLP
ACYR
AXMR
ADXL
CWDI
ABLD
CDPH
BXZJ
DDMR
BELR
DGFV
BGHJ
AFPZ
BXAC
CZDA
CSCK
CQCP
BKAD
CHYK
DIJX
AXCP
AMJA
CRTV
DFDK
AJAI
APPF
BSZM
BPQI
ACRG
CLWH
AHMG
BJAF
CIGA
CHGD
BJMW
CLOG
ACMX
AJSY
BNHN
BLLK
CIDD
AWLP
CPBZ
BFHH
DCTA
AXWU
CQFL
BBNE
BXZL
BGTN
AFEM
CULM
CKHU
AXDX
CQIS
BFXH
CIGG
BVDS
CVWY
CZVU
BJFT
BBPM
BICP
CNPN
BVSA
BYYH
ALVM
AHZR
AJML
BOAE
CEJX
AWDK
DBPY
DBTL
ARQU
BTSM
DAVH
AMNX
CJYV
BFIG
CSWE
BIAG
AYZG
BJCQ
CXWG
CGWT
BIYW
CUBV
APND
AIPG
DGCK
BKVZ
BOWM
BRIQ
DKGJ
COKI
AUYG
BEUO
CWER
CCFF
AGMT
AZCP
DEGZ
CSHW
DHJY
BEMA
DGRF
CIFV
AOEN
BWLW
AWRR
CORM
BBLI
BWDS
DJLV
AJES
CEBE
AZXB
AGQQ
AEUP
BGES
BGAA
BGRK
DGDV
BLVX
BPSU
AJZG
ADZW
BCPK
BNBZ
AUTF
BJBM
ALBR
AXHF
DEPZ
BCFB
AFRY
CDPX
BEAW
COYW
CCUN
AULM
ACYU
CWFQ
BWTI
CMML
DAED
DGYB
CPND
APEN
AQUI
CTYT
DEPP
CWPI
BAJL
CIZX
CLWP
DBSK
BWSK
